VirtualBox VM 5.1.14 r112924 win.amd64 (Jan 16 2017 16:36:58) release log
00:00:01.151610 Log opened 2017-05-12T10:54:20.713217200Z
00:00:01.151612 Build Type: release
00:00:01.151617 OS Product: Windows 8.1
00:00:01.151619 OS Release: 6.3.9600
00:00:01.151621 OS Service Pack: 
00:00:01.331919 DMI Product Name: Aspire V5-471P
00:00:01.337481 DMI Product Version: V2.13
00:00:01.337496 Host RAM: 3889MB (3.7GB) total, 2188MB (2.1GB) available
00:00:01.337502 Executable: C:\Program Files\Oracle\VirtualBox\VBoxHeadless.exe
00:00:01.337503 Process ID: 4780
00:00:01.337504 Package type: WINDOWS_64BITS_GENERIC
00:00:01.351135 Installed Extension Packs:
00:00:01.351218   None installed!
00:00:01.352256 Console: Machine state changed to 'Starting'
00:00:01.745022 SUP: Loaded VMMR0.r0 (C:\Program Files\Oracle\VirtualBox\VMMR0.r0) at 0xfffff8009e2fa000 - ModuleInit at fffff8009e31d550 and ModuleTerm at fffff8009e31da40 using the native ring-0 loader
00:00:01.745112 SUP: VMMR0EntryEx located at fffff8009e320450 and VMMR0EntryFast at fffff8009e31e170
00:00:01.745135 SUP: windbg> .reload /f C:\Program Files\Oracle\VirtualBox\VMMR0.r0=0xfffff8009e2fa000
00:00:01.750782 Guest OS type: 'Ubuntu_64'
00:00:01.773408 fHMForced=true - Lots of RAM
00:00:01.773451 fHMForced=true - 64-bit guest
00:00:01.843922 File system of 'C:\Users\Aspire\VirtualBox VMs\Vagrantfile_default_1494586448204_29747\Snapshots' (snapshots) is unknown
00:00:01.843973 File system of 'C:\Users\Aspire\VirtualBox VMs\Vagrantfile_default_1494586448204_29747\box-disk1.vmdk' is ntfs
00:00:01.887396 Shared clipboard service loaded
00:00:01.887430 Shared clipboard mode: Off
00:00:01.970894 Drag and drop service loaded
00:00:01.970960 Drag and drop mode: Off
00:00:02.088118 Guest Control service loaded
00:00:03.391006 Per-VM extradata API settings:
00:00:03.391036   VBoxInternal2/SharedFoldersEnableSymlinksCreate/vagrant="1"
00:00:03.391342 ************************* CFGM dump *************************
00:00:03.391345 [/] (level 0)
00:00:03.391349   CSAMEnabled       <integer> = 0x0000000000000001 (1)
00:00:03.391352   CpuExecutionCap   <integer> = 0x0000000000000064 (100)
00:00:03.391355   EnablePAE         <integer> = 0x0000000000000000 (0)
00:00:03.391357   HMEnabled         <integer> = 0x0000000000000001 (1)
00:00:03.391358   MemBalloonSize    <integer> = 0x0000000000000000 (0)
00:00:03.391360   Name              <string>  = "Vagrantfile_default_1494586448204_29747" (cb=40)
00:00:03.391363   NumCPUs           <integer> = 0x0000000000000001 (1)
00:00:03.391365   PATMEnabled       <integer> = 0x0000000000000001 (1)
00:00:03.391366   PageFusionAllowed <integer> = 0x0000000000000000 (0)
00:00:03.391368   RamHoleSize       <integer> = 0x0000000020000000 (536 870 912, 512 MB)
00:00:03.391372   RamSize           <integer> = 0x0000000200000000 (8 589 934 592, 8 192 MB, 8 GB)
00:00:03.391376   RawR0Enabled      <integer> = 0x0000000000000001 (1)
00:00:03.391378   RawR3Enabled      <integer> = 0x0000000000000001 (1)
00:00:03.391380   TimerMillies      <integer> = 0x000000000000000a (10)
00:00:03.391381   UUID              <bytes>   = "b0 61 f7 b5 6a 45 b2 48 9f 12 fb 55 40 9b 77 8f" (cb=16)
00:00:03.391388 
00:00:03.391389 [/CPUM/] (level 1)
00:00:03.391391   GuestCpuName       <string>  = "host" (cb=5)
00:00:03.391393   PortableCpuIdLevel <integer> = 0x0000000000000000 (0)
00:00:03.391395 
00:00:03.391395 [/DBGC/] (level 1)
00:00:03.391397   GlobalInitScript <string>  = "C:\Users\Aspire\.VirtualBox/dbgc-init" (cb=38)
00:00:03.391399   HistoryFile      <string>  = "C:\Users\Aspire\.VirtualBox/dbgc-history" (cb=41)
00:00:03.391401   LocalInitScript  <string>  = "C:\Users\Aspire\VirtualBox VMs\Vagrantfile_default_1494586448204_29747/dbgc-init" (cb=81)
00:00:03.391403 
00:00:03.391403 [/DBGF/] (level 1)
00:00:03.391405   Path <string>  = "C:\Users\Aspire\VirtualBox VMs\Vagrantfile_default_1494586448204_29747/debug/;C:\Users\Aspire\VirtualBox VMs\Vagrantfile_default_1494586448204_29747/;C:\Users\Aspire\" (cb=167)
00:00:03.391407 
00:00:03.391408 [/Devices/] (level 1)
00:00:03.391410 
00:00:03.391410 [/Devices/8237A/] (level 2)
00:00:03.391412 
00:00:03.391413 [/Devices/8237A/0/] (level 3)
00:00:03.391415   Trusted <integer> = 0x0000000000000001 (1)
00:00:03.391417 
00:00:03.391418 [/Devices/VMMDev/] (level 2)
00:00:03.391420 
00:00:03.391420 [/Devices/VMMDev/0/] (level 3)
00:00:03.391423   PCIBusNo      <integer> = 0x0000000000000000 (0)
00:00:03.391424   PCIDeviceNo   <integer> = 0x0000000000000004 (4)
00:00:03.391426   PCIFunctionNo <integer> = 0x0000000000000000 (0)
00:00:03.391428   Trusted       <integer> = 0x0000000000000001 (1)
00:00:03.391429 
00:00:03.391430 [/Devices/VMMDev/0/Config/] (level 4)
00:00:03.391433   GuestCoreDumpDir <string>  = "C:\Users\Aspire\VirtualBox VMs\Vagrantfile_default_1494586448204_29747\Snapshots" (cb=81)
00:00:03.391435   RamSize          <integer> = 0x0000000200000000 (8 589 934 592, 8 192 MB, 8 GB)
00:00:03.391439 
00:00:03.391439 [/Devices/VMMDev/0/LUN#0/] (level 4)
00:00:03.391442   Driver <string>  = "HGCM" (cb=5)
00:00:03.391443 
00:00:03.391444 [/Devices/VMMDev/0/LUN#0/Config/] (level 5)
00:00:03.391447   Object <integer> = 0x0000000001eb6b90 (32 205 712)
00:00:03.391449 
00:00:03.391450 [/Devices/VMMDev/0/LUN#999/] (level 4)
00:00:03.391452   Driver <string>  = "MainStatus" (cb=11)
00:00:03.391454 
00:00:03.391454 [/Devices/VMMDev/0/LUN#999/Config/] (level 5)
00:00:03.391457   First   <integer> = 0x0000000000000000 (0)
00:00:03.391458   Last    <integer> = 0x0000000000000000 (0)
00:00:03.391460   papLeds <integer> = 0x0000000001eb5df8 (32 202 232)
00:00:03.391462 
00:00:03.391463 [/Devices/acpi/] (level 2)
00:00:03.391465 
00:00:03.391465 [/Devices/acpi/0/] (level 3)
00:00:03.391467   PCIBusNo      <integer> = 0x0000000000000000 (0)
00:00:03.391469   PCIDeviceNo   <integer> = 0x0000000000000007 (7)
00:00:03.391471   PCIFunctionNo <integer> = 0x0000000000000000 (0)
00:00:03.391472   Trusted       <integer> = 0x0000000000000001 (1)
00:00:03.391474 
00:00:03.391474 [/Devices/acpi/0/Config/] (level 4)
00:00:03.391478   CpuHotPlug          <integer> = 0x0000000000000000 (0)
00:00:03.391480   FdcEnabled          <integer> = 0x0000000000000000 (0)
00:00:03.391482   HostBusPciAddress   <integer> = 0x0000000000000000 (0)
00:00:03.391483   HpetEnabled         <integer> = 0x0000000000000000 (0)
00:00:03.391485   IOAPIC              <integer> = 0x0000000000000001 (1)
00:00:03.391487   IocPciAddress       <integer> = 0x0000000000010000 (65 536)
00:00:03.391489   NumCPUs             <integer> = 0x0000000000000001 (1)
00:00:03.391491   Parallel0IoPortBase <integer> = 0x0000000000000000 (0)
00:00:03.391493   Parallel0Irq        <integer> = 0x0000000000000000 (0)
00:00:03.391494   Parallel1IoPortBase <integer> = 0x0000000000000000 (0)
00:00:03.391496   Parallel1Irq        <integer> = 0x0000000000000000 (0)
00:00:03.391498   RamHoleSize         <integer> = 0x0000000020000000 (536 870 912, 512 MB)
00:00:03.391501   RamSize             <integer> = 0x0000000200000000 (8 589 934 592, 8 192 MB, 8 GB)
00:00:03.391505   Serial0IoPortBase   <integer> = 0x0000000000000000 (0)
00:00:03.391507   Serial0Irq          <integer> = 0x0000000000000000 (0)
00:00:03.391508   Serial1IoPortBase   <integer> = 0x0000000000000000 (0)
00:00:03.391510   Serial1Irq          <integer> = 0x0000000000000000 (0)
00:00:03.391512   ShowCpu             <integer> = 0x0000000000000001 (1)
00:00:03.391513   ShowRtc             <integer> = 0x0000000000000000 (0)
00:00:03.391515   SmcEnabled          <integer> = 0x0000000000000000 (0)
00:00:03.391517 
00:00:03.391517 [/Devices/acpi/0/LUN#0/] (level 4)
00:00:03.391520   Driver <string>  = "ACPIHost" (cb=9)
00:00:03.391521 
00:00:03.391522 [/Devices/acpi/0/LUN#0/Config/] (level 5)
00:00:03.391524 
00:00:03.391525 [/Devices/ahci/] (level 2)
00:00:03.391527 
00:00:03.391527 [/Devices/ahci/0/] (level 3)
00:00:03.391529   PCIBusNo      <integer> = 0x0000000000000000 (0)
00:00:03.391531   PCIDeviceNo   <integer> = 0x000000000000000d (13)
00:00:03.391533   PCIFunctionNo <integer> = 0x0000000000000000 (0)
00:00:03.391534   Trusted       <integer> = 0x0000000000000001 (1)
00:00:03.391536 
00:00:03.391536 [/Devices/ahci/0/Config/] (level 4)
00:00:03.391539   Bootable  <integer> = 0x0000000000000001 (1)
00:00:03.391541   PortCount <integer> = 0x0000000000000001 (1)
00:00:03.391542 
00:00:03.391543 [/Devices/ahci/0/Config/Port0/] (level 5)
00:00:03.391545   Hotpluggable        <integer> = 0x0000000000000001 (1)
00:00:03.391547   NonRotationalMedium <integer> = 0x0000000000000000 (0)
00:00:03.391549 
00:00:03.391549 [/Devices/ahci/0/LUN#0/] (level 4)
00:00:03.391552   Driver <string>  = "VD" (cb=3)
00:00:03.391553 
00:00:03.391554 [/Devices/ahci/0/LUN#0/Config/] (level 5)
00:00:03.391556   Format    <string>  = "VMDK" (cb=5)
00:00:03.391558   Mountable <integer> = 0x0000000000000000 (0)
00:00:03.391559   Path      <string>  = "C:\Users\Aspire\VirtualBox VMs\Vagrantfile_default_1494586448204_29747\box-disk1.vmdk" (cb=86)
00:00:03.391561   Type      <string>  = "HardDisk" (cb=9)
00:00:03.391563 
00:00:03.391563 [/Devices/ahci/0/LUN#999/] (level 4)
00:00:03.391566   Driver <string>  = "MainStatus" (cb=11)
00:00:03.391567 
00:00:03.391568 [/Devices/ahci/0/LUN#999/Config/] (level 5)
00:00:03.391570   DeviceInstance        <string>  = "ahci/0" (cb=7)
00:00:03.391572   First                 <integer> = 0x0000000000000000 (0)
00:00:03.391574   Last                  <integer> = 0x0000000000000000 (0)
00:00:03.391576   pConsole              <integer> = 0x0000000001eb55f0 (32 200 176)
00:00:03.391579   papLeds               <integer> = 0x0000000001eb59f8 (32 201 208)
00:00:03.391581   pmapMediumAttachments <integer> = 0x0000000001eb5e18 (32 202 264)
00:00:03.391584 
00:00:03.391584 [/Devices/apic/] (level 2)
00:00:03.391586 
00:00:03.391587 [/Devices/apic/0/] (level 3)
00:00:03.391589   Trusted <integer> = 0x0000000000000001 (1)
00:00:03.391590 
00:00:03.391591 [/Devices/apic/0/Config/] (level 4)
00:00:03.391593   IOAPIC  <integer> = 0x0000000000000001 (1)
00:00:03.391595   Mode    <integer> = 0x0000000000000002 (2)
00:00:03.391596   NumCPUs <integer> = 0x0000000000000001 (1)
00:00:03.391598 
00:00:03.391598 [/Devices/e1000/] (level 2)
00:00:03.391600 
00:00:03.391601 [/Devices/e1000/0/] (level 3)
00:00:03.391603   PCIBusNo      <integer> = 0x0000000000000000 (0)
00:00:03.391605   PCIDeviceNo   <integer> = 0x0000000000000003 (3)
00:00:03.391606   PCIFunctionNo <integer> = 0x0000000000000000 (0)
00:00:03.391608   Trusted       <integer> = 0x0000000000000001 (1)
00:00:03.391609 
00:00:03.391610 [/Devices/e1000/0/Config/] (level 4)
00:00:03.391612   AdapterType    <integer> = 0x0000000000000000 (0)
00:00:03.391614   CableConnected <integer> = 0x0000000000000001 (1)
00:00:03.391615   LineSpeed      <integer> = 0x0000000000000000 (0)
00:00:03.391617   MAC            <bytes>   = "08 00 27 bc 70 dd" (cb=6)
00:00:03.391620 
00:00:03.391621 [/Devices/e1000/0/LUN#0/] (level 4)
00:00:03.391623   Driver <string>  = "NAT" (cb=4)
00:00:03.391624 
00:00:03.391625 [/Devices/e1000/0/LUN#0/Config/] (level 5)
00:00:03.391627   AliasMode       <integer> = 0x0000000000000000 (0)
00:00:03.391629   BootFile        <string>  = "Vagrantfile_default_1494586448204_29747.pxe" (cb=44)
00:00:03.391631   DNSProxy        <integer> = 0x0000000000000001 (1)
00:00:03.391633   Network         <string>  = "10.0.2.0/24" (cb=12)
00:00:03.391634   PassDomain      <integer> = 0x0000000000000001 (1)
00:00:03.391636   TFTPPrefix      <string>  = "C:\Users\Aspire\.VirtualBox\TFTP" (cb=33)
00:00:03.391638   UseHostResolver <integer> = 0x0000000000000000 (0)
00:00:03.391639 
00:00:03.391640 [/Devices/e1000/0/LUN#0/Config/PortForwarding/] (level 6)
00:00:03.391643 
00:00:03.391643 [/Devices/e1000/0/LUN#0/Config/PortForwarding/0/] (level 7)
00:00:03.391647   BindIP    <string>  = "127.0.0.1" (cb=10)
00:00:03.391648   GuestPort <integer> = 0x0000000000000016 (22)
00:00:03.391650   HostPort  <integer> = 0x00000000000008ae (2 222)
00:00:03.391652   Name      <string>  = "ssh" (cb=4)
00:00:03.391654   Protocol  <string>  = "TCP" (cb=4)
00:00:03.391655 
00:00:03.391656 [/Devices/e1000/0/LUN#0/Config/PortForwarding/1/] (level 7)
00:00:03.391659   GuestPort <integer> = 0x0000000000006989 (27 017)
00:00:03.391661   HostPort  <integer> = 0x0000000000006989 (27 017)
00:00:03.391663   Name      <string>  = "tcp27017" (cb=9)
00:00:03.391665   Protocol  <string>  = "TCP" (cb=4)
00:00:03.391666 
00:00:03.391666 [/Devices/e1000/0/LUN#0/Config/PortForwarding/2/] (level 7)
00:00:03.391670   GuestPort <integer> = 0x0000000000001ba5 (7 077)
00:00:03.391672   HostPort  <integer> = 0x0000000000001ba5 (7 077)
00:00:03.391674   Name      <string>  = "tcp7077" (cb=8)
00:00:03.391675   Protocol  <string>  = "TCP" (cb=4)
00:00:03.391676 
00:00:03.391677 [/Devices/e1000/0/LUN#0/Config/PortForwarding/3/] (level 7)
00:00:03.391680   GuestPort <integer> = 0x0000000000001f90 (8 080)
00:00:03.391682   HostPort  <integer> = 0x0000000000001f90 (8 080)
00:00:03.391683   Name      <string>  = "tcp8080" (cb=8)
00:00:03.391685   Protocol  <string>  = "TCP" (cb=4)
00:00:03.391686 
00:00:03.391687 [/Devices/e1000/0/LUN#999/] (level 4)
00:00:03.391689   Driver <string>  = "MainStatus" (cb=11)
00:00:03.391690 
00:00:03.391691 [/Devices/e1000/0/LUN#999/Config/] (level 5)
00:00:03.391693   First   <integer> = 0x0000000000000000 (0)
00:00:03.391695   Last    <integer> = 0x0000000000000000 (0)
00:00:03.391696   papLeds <integer> = 0x0000000001eb5cd8 (32 201 944)
00:00:03.391699 
00:00:03.391699 [/Devices/i8254/] (level 2)
00:00:03.391701 
00:00:03.391702 [/Devices/i8254/0/] (level 3)
00:00:03.391704 
00:00:03.391704 [/Devices/i8254/0/Config/] (level 4)
00:00:03.391707 
00:00:03.391707 [/Devices/i8259/] (level 2)
00:00:03.391709 
00:00:03.391710 [/Devices/i8259/0/] (level 3)
00:00:03.391712   Trusted <integer> = 0x0000000000000001 (1)
00:00:03.391713 
00:00:03.391714 [/Devices/i8259/0/Config/] (level 4)
00:00:03.391716 
00:00:03.391717 [/Devices/ioapic/] (level 2)
00:00:03.391718 
00:00:03.391719 [/Devices/ioapic/0/] (level 3)
00:00:03.391721   Trusted <integer> = 0x0000000000000001 (1)
00:00:03.391723 
00:00:03.391723 [/Devices/ioapic/0/Config/] (level 4)
00:00:03.391725   NumCPUs <integer> = 0x0000000000000001 (1)
00:00:03.391727 
00:00:03.391727 [/Devices/mc146818/] (level 2)
00:00:03.391729 
00:00:03.391730 [/Devices/mc146818/0/] (level 3)
00:00:03.391732 
00:00:03.391732 [/Devices/mc146818/0/Config/] (level 4)
00:00:03.391735   UseUTC <integer> = 0x0000000000000001 (1)
00:00:03.391736 
00:00:03.391737 [/Devices/parallel/] (level 2)
00:00:03.391739 
00:00:03.391739 [/Devices/pcarch/] (level 2)
00:00:03.391741 
00:00:03.391742 [/Devices/pcarch/0/] (level 3)
00:00:03.391743   Trusted <integer> = 0x0000000000000001 (1)
00:00:03.391745 
00:00:03.391745 [/Devices/pcarch/0/Config/] (level 4)
00:00:03.391747 
00:00:03.391748 [/Devices/pcbios/] (level 2)
00:00:03.391750 
00:00:03.391750 [/Devices/pcbios/0/] (level 3)
00:00:03.391752   Trusted <integer> = 0x0000000000000001 (1)
00:00:03.391754 
00:00:03.391754 [/Devices/pcbios/0/Config/] (level 4)
00:00:03.391757   APIC               <integer> = 0x0000000000000001 (1)
00:00:03.391759   BootDevice0        <string>  = "IDE" (cb=4)
00:00:03.391760   BootDevice1        <string>  = "NONE" (cb=5)
00:00:03.391762   BootDevice2        <string>  = "NONE" (cb=5)
00:00:03.391763   BootDevice3        <string>  = "NONE" (cb=5)
00:00:03.391765   FloppyDevice       <string>  = "i82078" (cb=7)
00:00:03.391766   HardDiskDevice     <string>  = "piix3ide" (cb=9)
00:00:03.391768   IOAPIC             <integer> = 0x0000000000000001 (1)
00:00:03.391769   McfgBase           <integer> = 0x0000000000000000 (0)
00:00:03.391771   McfgLength         <integer> = 0x0000000000000000 (0)
00:00:03.391773   NumCPUs            <integer> = 0x0000000000000001 (1)
00:00:03.391775   PXEDebug           <integer> = 0x0000000000000000 (0)
00:00:03.391776   RamHoleSize        <integer> = 0x0000000020000000 (536 870 912, 512 MB)
00:00:03.391780   RamSize            <integer> = 0x0000000200000000 (8 589 934 592, 8 192 MB, 8 GB)
00:00:03.391783   SataHardDiskDevice <string>  = "ahci" (cb=5)
00:00:03.391785   SataLUN1           <integer> = 0x0000000000000000 (0)
00:00:03.391787   UUID               <bytes>   = "b0 61 f7 b5 6a 45 b2 48 9f 12 fb 55 40 9b 77 8f" (cb=16)
00:00:03.391791 
00:00:03.391792 [/Devices/pcbios/0/Config/NetBoot/] (level 5)
00:00:03.391795 
00:00:03.391795 [/Devices/pcbios/0/Config/NetBoot/0/] (level 6)
00:00:03.391798   NIC           <integer> = 0x0000000000000000 (0)
00:00:03.391800   PCIBusNo      <integer> = 0x0000000000000000 (0)
00:00:03.391802   PCIDeviceNo   <integer> = 0x0000000000000003 (3)
00:00:03.391803   PCIFunctionNo <integer> = 0x0000000000000000 (0)
00:00:03.391805 
00:00:03.391805 [/Devices/pci/] (level 2)
00:00:03.391807 
00:00:03.391808 [/Devices/pci/0/] (level 3)
00:00:03.391810   Trusted <integer> = 0x0000000000000001 (1)
00:00:03.391811 
00:00:03.391812 [/Devices/pci/0/Config/] (level 4)
00:00:03.391814   IOAPIC <integer> = 0x0000000000000001 (1)
00:00:03.391815 
00:00:03.391816 [/Devices/pckbd/] (level 2)
00:00:03.391818 
00:00:03.391818 [/Devices/pckbd/0/] (level 3)
00:00:03.391820   Trusted <integer> = 0x0000000000000001 (1)
00:00:03.391822 
00:00:03.391822 [/Devices/pckbd/0/Config/] (level 4)
00:00:03.391824 
00:00:03.391825 [/Devices/pckbd/0/LUN#0/] (level 4)
00:00:03.391827   Driver <string>  = "KeyboardQueue" (cb=14)
00:00:03.391829 
00:00:03.391829 [/Devices/pckbd/0/LUN#0/AttachedDriver/] (level 5)
00:00:03.391832   Driver <string>  = "MainKeyboard" (cb=13)
00:00:03.391833 
00:00:03.391834 [/Devices/pckbd/0/LUN#0/AttachedDriver/Config/] (level 6)
00:00:03.391837   Object <integer> = 0x0000000001ebabb0 (32 222 128)
00:00:03.391839 
00:00:03.391840 [/Devices/pckbd/0/LUN#0/Config/] (level 5)
00:00:03.391842   QueueSize <integer> = 0x0000000000000040 (64)
00:00:03.391844 
00:00:03.391844 [/Devices/pckbd/0/LUN#1/] (level 4)
00:00:03.391847   Driver <string>  = "MouseQueue" (cb=11)
00:00:03.391848 
00:00:03.391849 [/Devices/pckbd/0/LUN#1/AttachedDriver/] (level 5)
00:00:03.391851   Driver <string>  = "MainMouse" (cb=10)
00:00:03.391853 
00:00:03.391853 [/Devices/pckbd/0/LUN#1/AttachedDriver/Config/] (level 6)
00:00:03.391856   Object <integer> = 0x0000000001ebb1f0 (32 223 728)
00:00:03.391858 
00:00:03.391859 [/Devices/pckbd/0/LUN#1/Config/] (level 5)
00:00:03.391861   QueueSize <integer> = 0x0000000000000080 (128)
00:00:03.391863 
00:00:03.391863 [/Devices/pcnet/] (level 2)
00:00:03.391865 
00:00:03.391866 [/Devices/serial/] (level 2)
00:00:03.391867 
00:00:03.391868 [/Devices/vga/] (level 2)
00:00:03.391870 
00:00:03.391870 [/Devices/vga/0/] (level 3)
00:00:03.391872   PCIBusNo      <integer> = 0x0000000000000000 (0)
00:00:03.391874   PCIDeviceNo   <integer> = 0x0000000000000002 (2)
00:00:03.391876   PCIFunctionNo <integer> = 0x0000000000000000 (0)
00:00:03.391877   Trusted       <integer> = 0x0000000000000001 (1)
00:00:03.391879 
00:00:03.391879 [/Devices/vga/0/Config/] (level 4)
00:00:03.391881   CustomVideoModes <integer> = 0x0000000000000000 (0)
00:00:03.391883   FadeIn           <integer> = 0x0000000000000001 (1)
00:00:03.391885   FadeOut          <integer> = 0x0000000000000001 (1)
00:00:03.391886   HeightReduction  <integer> = 0x0000000000000000 (0)
00:00:03.391888   LogoFile         <string>  = "" (cb=1)
00:00:03.391889   LogoTime         <integer> = 0x0000000000000000 (0)
00:00:03.391891   MonitorCount     <integer> = 0x0000000000000001 (1)
00:00:03.391893   ShowBootMenu     <integer> = 0x0000000000000002 (2)
00:00:03.391894   VRamSize         <integer> = 0x0000000000c00000 (12 582 912, 12 MB)
00:00:03.391897 
00:00:03.391898 [/Devices/vga/0/LUN#0/] (level 4)
00:00:03.391900   Driver <string>  = "MainDisplay" (cb=12)
00:00:03.391901 
00:00:03.391902 [/Devices/vga/0/LUN#0/Config/] (level 5)
00:00:03.391904   Object <integer> = 0x0000000001ebba60 (32 225 888)
00:00:03.391907 
00:00:03.391907 [/Devices/vga/0/LUN#999/] (level 4)
00:00:03.391909   Driver <string>  = "MainStatus" (cb=11)
00:00:03.391911 
00:00:03.391911 [/Devices/vga/0/LUN#999/Config/] (level 5)
00:00:03.391914   First   <integer> = 0x0000000000000000 (0)
00:00:03.391915   Last    <integer> = 0x0000000000000000 (0)
00:00:03.391917   papLeds <integer> = 0x0000000001eb5e10 (32 202 256)
00:00:03.391919 
00:00:03.391919 [/Devices/virtio-net/] (level 2)
00:00:03.391921 
00:00:03.391922 [/EM/] (level 1)
00:00:03.391924   TripleFaultReset <integer> = 0x0000000000000000 (0)
00:00:03.391925 
00:00:03.391926 [/GIM/] (level 1)
00:00:03.391928   Provider <string>  = "None" (cb=5)
00:00:03.391929 
00:00:03.391930 [/HM/] (level 1)
00:00:03.391931   64bitEnabled       <integer> = 0x0000000000000001 (1)
00:00:03.391933   EnableLargePages   <integer> = 0x0000000000000000 (0)
00:00:03.391935   EnableNestedPaging <integer> = 0x0000000000000001 (1)
00:00:03.391936   EnableUX           <integer> = 0x0000000000000001 (1)
00:00:03.391938   EnableVPID         <integer> = 0x0000000000000001 (1)
00:00:03.391940   Exclusive          <integer> = 0x0000000000000000 (0)
00:00:03.391941   HMForced           <integer> = 0x0000000000000001 (1)
00:00:03.391943 
00:00:03.391944 [/MM/] (level 1)
00:00:03.391945   CanUseLargerHeap <integer> = 0x0000000000000000 (0)
00:00:03.391947 
00:00:03.391947 [/PDM/] (level 1)
00:00:03.391949 
00:00:03.391950 [/PDM/AsyncCompletion/] (level 2)
00:00:03.391952 
00:00:03.391952 [/PDM/AsyncCompletion/File/] (level 3)
00:00:03.391954 
00:00:03.391955 [/PDM/AsyncCompletion/File/BwGroups/] (level 4)
00:00:03.391957 
00:00:03.391958 [/PDM/BlkCache/] (level 2)
00:00:03.391960   CacheSize <integer> = 0x0000000000500000 (5 242 880, 5 MB)
00:00:03.391963 
00:00:03.391963 [/PDM/Devices/] (level 2)
00:00:03.391965 
00:00:03.391965 [/PDM/Drivers/] (level 2)
00:00:03.391967 
00:00:03.391968 [/PDM/Drivers/VBoxC/] (level 3)
00:00:03.391970   Path <string>  = "VBoxC" (cb=6)
00:00:03.391971 
00:00:03.391971 [/PDM/NetworkShaper/] (level 2)
00:00:03.391973 
00:00:03.391974 [/PDM/NetworkShaper/BwGroups/] (level 3)
00:00:03.391976 
00:00:03.391977 [/TM/] (level 1)
00:00:03.391978   UTCOffset <integer> = 0x0000000000000000 (0)
00:00:03.391980 
00:00:03.391981 ********************* End of CFGM dump **********************
00:00:03.392042 VM: fHMEnabled=true  (configured) fRecompileUser=false fRecompileSupervisor=false
00:00:03.392046 VM: fRawRing1Enabled=false CSAM=true  PATM=true 
00:00:03.392361 HM: HMR3Init: VT-x w/ nested paging and unrestricted guest execution hw support
00:00:03.392568 MM: cbHyperHeap=0x100000 (1048576)
00:00:03.398264 CPUM: fXStateHostMask=0x7; initial: 0x7; host XCR0=0x7
00:00:03.400454 CPUM: Matched host CPU INTEL 0x6/0x2a/0x7 Intel_Core7_SandyBridge with CPU DB entry 'Intel Core i7-2635QM' (INTEL 0x6/0x2a/0x7 Intel_Core7_SandyBridge)
00:00:03.400888 CPUM: VCPU  0: Cached APIC base MSR = 0x0
00:00:03.406674 PGM: HCPhysInterPD=00000000d16d4000 HCPhysInterPaePDPT=00000000d16d1000 HCPhysInterPaePML4=00000000d16cf000
00:00:03.406712 PGM: apInterPTs={00000000d16d3000,00000000d16d2000} apInterPaePTs={000000008fbb8000,000000007bff9000} apInterPaePDs={0000000091f7a000,00000000907fb000,000000007bf7c000,000000007bf87000} pInterPaePDPT64=00000000d16d0000
00:00:03.406729 PGM: Host paging mode: AMD64+PGE+NX
00:00:03.406812 PGM: PGMPool: cMaxPages=4144 (u64MaxPages=4136)
00:00:03.406825 PGM: pgmR3PoolInit: cMaxPages=0x1030 cMaxUsers=0x2060 cMaxPhysExts=0x2000 fCacheEnable=true 
00:00:03.531377 TM: GIP - u32Mode=3 (Invariant) u32UpdateHz=93 u32UpdateIntervalNS=10752500 enmUseTscDelta=2 (Pratically Zero) fGetGipCpu=0x1 cCpus=4
00:00:03.531424 TM: GIP - u64CpuHz=1 396 826 070 (0x5341dfd6)  SUPGetCpuHzFromGip => 1 396 826 070
00:00:03.531439 TM: GIP - CPU: iCpuSet=0x0 idCpu=0x0 idApic=0x0 iGipCpu=0x0 i64TSCDelta=0 enmState=3 u64CpuHz=1396826070(*) cErrors=0
00:00:03.531452 TM: GIP - CPU: iCpuSet=0x1 idCpu=0x1 idApic=0x1 iGipCpu=0x2 i64TSCDelta=0 enmState=3 u64CpuHz=1396821931(*) cErrors=0
00:00:03.531463 TM: GIP - CPU: iCpuSet=0x2 idCpu=0x2 idApic=0x2 iGipCpu=0x1 i64TSCDelta=0 enmState=3 u64CpuHz=1396831826(*) cErrors=0
00:00:03.531565 TM: GIP - CPU: iCpuSet=0x3 idCpu=0x3 idApic=0x3 iGipCpu=0x3 i64TSCDelta=0 enmState=3 u64CpuHz=1396825266(*) cErrors=0
00:00:03.531779 TM: cTSCTicksPerSecond=1 396 826 070 (0x5341dfd6) enmTSCMode=3 (Dynamic)
00:00:03.531783 TM: TSCTiedToExecution=false TSCNotTiedToHalt=false
00:00:03.533322 VMM: CoreCode: R3=0000000004a20000 R0=ffffd00024f27000 RC=a0ffa000 Phys=00000000d16b4000 cb=0x1000
00:00:03.534126 IEM: TargetCpu=CURRENT, Microarch=Intel_Core7_SandyBridge
00:00:03.534936 GIM: Using provider 'None' (Implementation version: 0)
00:00:03.535178 AIOMgr: Default manager type is 'Async'
00:00:03.535195 AIOMgr: Default file backend is 'NonBuffered'
00:00:03.535760 BlkCache: Cache successfully initialized. Cache size is 5242880 bytes
00:00:03.535793 BlkCache: Cache commit interval is 10000 ms
00:00:03.535804 BlkCache: Cache commit threshold is 2621440 bytes
00:00:04.219152 PcBios: [SMP] BIOS with 1 CPUs
00:00:04.219350 PcBios: Using the 386+ BIOS image.
00:00:04.220218 PcBios: MPS table at 000e1300
00:00:04.224263 PcBios: fCheckShutdownStatusForSoftReset=true   fClearShutdownStatusOnHardReset=true 
00:00:04.277368 SUP: Loaded VBoxDDR0.r0 (C:\Program Files\Oracle\VirtualBox\VBoxDDR0.r0) at 0xfffff8009e40c000 - ModuleInit at 0000000000000000 and ModuleTerm at 0000000000000000 using the native ring-0 loader
00:00:04.277436 SUP: windbg> .reload /f C:\Program Files\Oracle\VirtualBox\VBoxDDR0.r0=0xfffff8009e40c000
00:00:04.280471 CPUM: SetGuestCpuIdFeature: Enabled xAPIC
00:00:04.282490 IOAPIC: Using implementation 2.0!
00:00:04.282987 PIT: mode=3 count=0x10000 (65536) - 18.20 Hz (ch=0)
00:00:04.323539 Shared Folders service loaded
00:00:04.332993 VGA: Using the 386+ BIOS image.
00:00:04.343762 DrvVD: Flushes will be ignored
00:00:04.343802 DrvVD: Async flushes will be passed to the disk
00:00:04.344382 VD: VDInit finished
00:00:04.374565 VD: Opening the disk took 30700126 ns
00:00:04.374741 AHCI: LUN#0: disk, PCHS=16383/16/63, total number of sectors 83886080
00:00:04.374800 AHCI: LUN#0: using normal I/O
00:00:04.375285 AHCI#0: Reset the HBA
00:00:04.375514 E1000#0 Chip=82540EM LinkUpDelay=5000ms EthernetCRC=on GSO=enabled Itr=enabled ItrRx=enabled R0=enabled GC=enabled
00:00:04.391479 NAT: Guest address guess set to 10.0.2.15 by initialization
00:00:04.425796 NAT: DNS#0: 192.168.0.1
00:00:04.577137 NAT: Set redirect TCP 127.0.0.1:2222 -> 0.0.0.0:22
00:00:04.577397 NAT: Set redirect TCP 0.0.0.0:27017 -> 0.0.0.0:27017
00:00:04.577576 NAT: Set redirect TCP 0.0.0.0:7077 -> 0.0.0.0:7077
00:00:04.577746 NAT: Set redirect TCP 0.0.0.0:8080 -> 0.0.0.0:8080
00:00:04.580792 PGM: The CPU physical address width is 36 bits
00:00:04.580832 PGM: PGMR3InitFinalize: 4 MB PSE mask 0000000fffffffff
00:00:04.581208 TM: TMR3InitFinalize: fTSCModeSwitchAllowed=false
00:00:04.632214 VMM: Thread-context hooks unavailable
00:00:04.635309 HM: Using VT-x implementation 2.0
00:00:04.635311 HM: Host CR4                        = 0x406f8
00:00:04.635315 HM: Host EFER                       = 0xd01
00:00:04.635316 HM: MSR_IA32_SMM_MONITOR_CTL        = 0x0
00:00:04.635317 HM: MSR_IA32_FEATURE_CONTROL        = 0x5
00:00:04.635319 HM: MSR_IA32_VMX_BASIC_INFO         = 0xda040000000010
00:00:04.635321 HM:   VMCS id                         = 0x10
00:00:04.635322 HM:   VMCS size                       = 1024 bytes
00:00:04.635324 HM:   VMCS physical address limit     = None
00:00:04.635325 HM:   VMCS memory type                = 0x6
00:00:04.635326 HM:   Dual-monitor treatment support  = true 
00:00:04.635328 HM:   OUTS & INS instruction-info     = true 
00:00:04.635329 HM: Max resume loops                = 1024
00:00:04.635330 HM: MSR_IA32_VMX_PINBASED_CTLS      = 0x7f00000016
00:00:04.635332 HM:   EXT_INT_EXIT
00:00:04.635333 HM:   NMI_EXIT
00:00:04.635334 HM:   VIRTUAL_NMI
00:00:04.635335 HM:   PREEMPT_TIMER
00:00:04.635335 HM:   POSTED_INTR (must be cleared)
00:00:04.635336 HM: MSR_IA32_VMX_PROCBASED_CTLS     = 0xfff9fffe0401e172
00:00:04.635339 HM:   INT_WINDOW_EXIT
00:00:04.635339 HM:   USE_TSC_OFFSETTING
00:00:04.635340 HM:   HLT_EXIT
00:00:04.635341 HM:   INVLPG_EXIT
00:00:04.635342 HM:   MWAIT_EXIT
00:00:04.635343 HM:   RDPMC_EXIT
00:00:04.635343 HM:   RDTSC_EXIT
00:00:04.635344 HM:   CR3_LOAD_EXIT (must be set)
00:00:04.635345 HM:   CR3_STORE_EXIT (must be set)
00:00:04.635346 HM:   CR8_LOAD_EXIT
00:00:04.635347 HM:   CR8_STORE_EXIT
00:00:04.635347 HM:   USE_TPR_SHADOW
00:00:04.635348 HM:   NMI_WINDOW_EXIT
00:00:04.635349 HM:   MOV_DR_EXIT
00:00:04.635350 HM:   UNCOND_IO_EXIT
00:00:04.635351 HM:   USE_IO_BITMAPS
00:00:04.635351 HM:   MONITOR_TRAP_FLAG
00:00:04.635352 HM:   USE_MSR_BITMAPS
00:00:04.635353 HM:   MONITOR_EXIT
00:00:04.635354 HM:   PAUSE_EXIT
00:00:04.635355 HM:   USE_SECONDARY_EXEC_CTRL
00:00:04.635388 HM: MSR_IA32_VMX_PROCBASED_CTLS2    = 0xff00000000
00:00:04.635390 HM:   VIRT_APIC
00:00:04.635391 HM:   EPT
00:00:04.635391 HM:   DESCRIPTOR_TABLE_EXIT
00:00:04.635392 HM:   RDTSCP
00:00:04.635393 HM:   VIRT_X2APIC
00:00:04.635394 HM:   VPID
00:00:04.635394 HM:   WBINVD_EXIT
00:00:04.635395 HM:   UNRESTRICTED_GUEST
00:00:04.635429 HM:   APIC_REG_VIRT (must be cleared)
00:00:04.635430 HM:   VIRT_INTR_DELIVERY (must be cleared)
00:00:04.635431 HM:   PAUSE_LOOP_EXIT (must be cleared)
00:00:04.635433 HM:   RDRAND_EXIT (must be cleared)
00:00:04.635434 HM:   INVPCID (must be cleared)
00:00:04.635435 HM:   VMFUNC (must be cleared)
00:00:04.635436 HM:   VMCS_SHADOWING (must be cleared)
00:00:04.635436 HM:   ENCLS_EXIT (must be cleared)
00:00:04.635437 HM:   RDSEED_EXIT (must be cleared)
00:00:04.635439 HM:   PML (must be cleared)
00:00:04.635439 HM:   EPT_VE (must be cleared)
00:00:04.635440 HM:   CONCEAL_FROM_PT (must be cleared)
00:00:04.635441 HM:   XSAVES_XRSTORS (must be cleared)
00:00:04.635442 HM:   TSC_SCALING (must be cleared)
00:00:04.635443 HM: MSR_IA32_VMX_ENTRY_CTLS         = 0xffff000011ff
00:00:04.635445 HM:   LOAD_DEBUG (must be set)
00:00:04.635446 HM:   IA32E_MODE_GUEST
00:00:04.635446 HM:   ENTRY_SMM
00:00:04.635447 HM:   DEACTIVATE_DUALMON
00:00:04.635448 HM:   LOAD_GUEST_PERF_MSR
00:00:04.635449 HM:   LOAD_GUEST_PAT_MSR
00:00:04.635450 HM:   LOAD_GUEST_EFER_MSR
00:00:04.635451 HM: MSR_IA32_VMX_EXIT_CTLS          = 0x7fffff00036dff
00:00:04.635453 HM:   SAVE_DEBUG (must be set)
00:00:04.635453 HM:   HOST_ADDR_SPACE_SIZE
00:00:04.635454 HM:   LOAD_PERF_MSR
00:00:04.635455 HM:   ACK_EXT_INT
00:00:04.635456 HM:   SAVE_GUEST_PAT_MSR
00:00:04.635457 HM:   LOAD_HOST_PAT_MSR
00:00:04.635457 HM:   SAVE_GUEST_EFER_MSR
00:00:04.635458 HM:   LOAD_HOST_EFER_MSR
00:00:04.635459 HM:   SAVE_VMX_PREEMPT_TIMER
00:00:04.635460 HM: MSR_IA32_VMX_EPT_VPID_CAP       = 0xf0106114141
00:00:04.635462 HM:   RWX_X_ONLY
00:00:04.635463 HM:   PAGE_WALK_LENGTH_4
00:00:04.635463 HM:   EMT_UC
00:00:04.635464 HM:   EMT_WB
00:00:04.635465 HM:   PDE_2M
00:00:04.635466 HM:   INVEPT
00:00:04.635467 HM:   INVEPT_SINGLE_CONTEXT
00:00:04.635467 HM:   INVEPT_ALL_CONTEXTS
00:00:04.635468 HM:   INVVPID
00:00:04.635469 HM:   INVVPID_INDIV_ADDR
00:00:04.635470 HM:   INVVPID_SINGLE_CONTEXT
00:00:04.635471 HM:   INVVPID_ALL_CONTEXTS
00:00:04.635471 HM:   INVVPID_SINGLE_CONTEXT_RETAIN_GLOBALS
00:00:04.635472 HM: MSR_IA32_VMX_MISC               = 0x100401e5
00:00:04.635474 HM:   PREEMPT_TSC_BIT                 = 0x5
00:00:04.635475 HM:   STORE_EFERLMA_VMEXIT            = true 
00:00:04.635476 HM:   ACTIVITY_STATES                 = 0x7
00:00:04.635477 HM:   CR3_TARGET                      = 0x4
00:00:04.635478 HM:   MAX_MSR                         = 512
00:00:04.635480 HM:   RDMSR_SMBASE_MSR_SMM            = false
00:00:04.635481 HM:   SMM_MONITOR_CTL_B2              = true 
00:00:04.635482 HM:   VMWRITE_VMEXIT_INFO             = false
00:00:04.635483 HM:   MSEG_ID                         = 0x0
00:00:04.635484 HM: MSR_IA32_VMX_CR0_FIXED0         = 0x80000021
00:00:04.635486 HM: MSR_IA32_VMX_CR0_FIXED1         = 0xffffffff
00:00:04.635487 HM: MSR_IA32_VMX_CR4_FIXED0         = 0x2000
00:00:04.635488 HM: MSR_IA32_VMX_CR4_FIXED1         = 0x627ff
00:00:04.635490 HM: MSR_IA32_VMX_VMCS_ENUM          = 0x2a
00:00:04.635491 HM:   HIGHEST_INDEX                   = 0x15
00:00:04.635492 HM: APIC-access page physaddr       = 0x00000000d16b3000
00:00:04.635494 HM: VCPU  0: MSR bitmap physaddr    = 0x00000000d16b0000
00:00:04.635497 HM: VCPU  0: VMCS physaddr          = 0x00000000d16b2000
00:00:04.635499 HM: Guest support: 32-bit and 64-bit
00:00:04.635509 HM: Supports VMCS EFER fields       = true 
00:00:04.635511 HM: Enabled VMX
00:00:04.635515 CPUM: SetGuestCpuIdFeature: Enabled SYSENTER/EXIT
00:00:04.635516 CPUM: SetGuestCpuIdFeature: Enabled PAE
00:00:04.635517 CPUM: SetGuestCpuIdFeature: Enabled LONG MODE
00:00:04.635518 CPUM: SetGuestCpuIdFeature: Enabled SYSCALL/RET
00:00:04.635519 CPUM: SetGuestCpuIdFeature: Enabled LAHF/SAHF
00:00:04.635520 CPUM: SetGuestCpuIdFeature: Enabled NX
00:00:04.635521 HM: Enabled nested paging
00:00:04.635522 HM:   EPT flush type                = VMXFLUSHEPT_SINGLE_CONTEXT
00:00:04.635523 HM: Enabled unrestricted guest execution
00:00:04.635523 HM: Enabled VPID
00:00:04.635524 HM:   VPID flush type               = VMXFLUSHVPID_SINGLE_CONTEXT
00:00:04.635525 HM: Enabled VMX-preemption timer (cPreemptTimerShift=5)
00:00:04.635527 HM: VT-x/AMD-V init method: LOCAL
00:00:04.635563 CPUM: VCPU  0: Cached APIC base MSR = 0xfee00900
00:00:04.635683 VMM: fUsePeriodicPreemptionTimers=false
00:00:04.635855 CPUM: Logical host processors: 4 present, 4 max, 4 online, online mask: 000000000000000f
00:00:04.635859 CPUM: Physical host cores: 2
00:00:04.635860 ************************* CPUID dump ************************
00:00:04.635935          Raw Standard CPUID Leaves
00:00:04.635936      Leaf/sub-leaf  eax      ebx      ecx      edx
00:00:04.635970 Gst: 00000000/0000  0000000d 756e6547 6c65746e 49656e69
00:00:04.635974 Hst:                0000000d 756e6547 6c65746e 49656e69
00:00:04.635976 Gst: 00000001/0000  000206a7 00000800 1498220b 078bfbff
00:00:04.635979 Hst:                000206a7 01100800 1dbae3bf bfebfbff
00:00:04.635981 Gst: 00000002/0000  76035a01 00f0b2ff 00000000 00ca0000
00:00:04.635984 Hst:                76035a01 00f0b2ff 00000000 00ca0000
00:00:04.635986 Gst: 00000003/0000  00000000 00000000 00000000 00000000
00:00:04.635988 Hst:                00000000 00000000 00000000 00000000
00:00:04.635990 Gst: 00000004/0000  00000121 01c0003f 0000003f 00000000
00:00:04.635992 Hst:                1c004121 01c0003f 0000003f 00000000
00:00:04.635994 Gst: 00000004/0001  00000122 01c0003f 0000003f 00000000
00:00:04.635996 Hst:                1c004122 01c0003f 0000003f 00000000
00:00:04.635999 Gst: 00000004/0002  00000143 01c0003f 000001ff 00000000
00:00:04.636001 Hst:                1c004143 01c0003f 000001ff 00000000
00:00:04.636003 Gst: 00000004/0003  00000163 02c0003f 00000fff 00000006
00:00:04.636005 Hst:                1c03c163 02c0003f 00000fff 00000006
00:00:04.636007 Gst: 00000004/0004  00000000 00000000 00000000 00000000
00:00:04.636009 Hst:                00000000 00000000 00000000 00000000
00:00:04.636010 Gst: 00000005/0000  00000040 00000040 00000000 00000000
00:00:04.636012 Hst:                00000040 00000040 00000003 00021120
00:00:04.636014 Gst: 00000006/0000  00000000 00000000 00000000 00000000
00:00:04.636016 Hst:                00000075 00000002 00000009 00000000
00:00:04.636018 Gst: 00000007/0000  00000000 00000000 00000000 00000000
00:00:04.636019 Hst:                00000000 00000000 00000000 00000000
00:00:04.636021 Gst: 00000008/0000  00000000 00000000 00000000 00000000
00:00:04.636023 Hst:                00000000 00000000 00000000 00000000
00:00:04.636024 Gst: 00000009/0000  00000000 00000000 00000000 00000000
00:00:04.636026 Hst:                00000000 00000000 00000000 00000000
00:00:04.636027 Gst: 0000000a/0000  00000000 00000000 00000000 00000000
00:00:04.636029 Hst:                07300403 00000000 00000000 00000603
00:00:04.636031 Gst: 0000000b/0000  00000000 00000001 00000100 00000000
00:00:04.636033 Hst:                00000001 00000002 00000100 00000001
00:00:04.636034 Gst: 0000000b/0001  00000001 00000001 00000201 00000000
00:00:04.636036 Hst:                00000004 00000004 00000201 00000001
00:00:04.636038 Gst: 0000000b/0002  00000000 00000000 00000002 00000000
00:00:04.636039 Hst:                00000000 00000000 00000002 00000001
00:00:04.636041 Gst: 0000000c/0000  00000000 00000000 00000000 00000000
00:00:04.636043 Hst:                00000000 00000000 00000000 00000000
00:00:04.636044 Gst: 0000000d/0000  00000007 00000340 00000340 00000000
00:00:04.636046 Hst:                00000007 00000340 00000340 00000000
00:00:04.636048 Gst: 0000000d/0001  00000000 00000000 00000000 00000000
00:00:04.636049 Hst:                00000001 00000000 00000000 00000000
00:00:04.636051 Gst: 0000000d/0002  00000100 00000240 00000000 00000000
00:00:04.636052 Hst:                00000100 00000240 00000000 00000000
00:00:04.636054 Gst: 0000000d/0003  00000000 00000000 00000000 00000000
00:00:04.636056 Hst:                00000000 00000000 00000000 00000000
00:00:04.636086                                Name: GenuineIntel
00:00:04.636089                            Supports: 0x00000000-0x0000000d
00:00:04.636155                              Family:  6 	Extended: 0 	Effective: 6
00:00:04.636158                               Model: 10 	Extended: 2 	Effective: 42
00:00:04.636161                            Stepping: 7
00:00:04.636162                                Type: 0 (primary)
00:00:04.636164                             APIC ID: 0x00
00:00:04.636166                        Logical CPUs: 0
00:00:04.636168                        CLFLUSH Size: 8
00:00:04.636169                            Brand ID: 0x00
00:00:04.636171 Features
00:00:04.636172   Mnemonic - Description                                  = guest (host)
00:00:04.636173   FPU - x87 FPU on Chip                                   = 1 (1)
00:00:04.636176   VME - Virtual 8086 Mode Enhancements                    = 1 (1)
00:00:04.636179   DE - Debugging extensions                               = 1 (1)
00:00:04.636181   PSE - Page Size Extension                               = 1 (1)
00:00:04.636184   TSC - Time Stamp Counter                                = 1 (1)
00:00:04.636186   MSR - Model Specific Registers                          = 1 (1)
00:00:04.636188   PAE - Physical Address Extension                        = 1 (1)
00:00:04.636190   MCE - Machine Check Exception                           = 1 (1)
00:00:04.636193   CX8 - CMPXCHG8B instruction                             = 1 (1)
00:00:04.636195   APIC - APIC On-Chip                                     = 1 (1)
00:00:04.636197   SEP - SYSENTER and SYSEXIT Present                      = 1 (1)
00:00:04.636200   MTRR - Memory Type Range Registers                      = 1 (1)
00:00:04.636202   PGE - PTE Global Bit                                    = 1 (1)
00:00:04.636204   MCA - Machine Check Architecture                        = 1 (1)
00:00:04.636206   CMOV - Conditional Move instructions                    = 1 (1)
00:00:04.636209   PAT - Page Attribute Table                              = 1 (1)
00:00:04.636211   PSE-36 - 36-bit Page Size Extension                     = 1 (1)
00:00:04.636213   PSN - Processor Serial Number                           = 0 (0)
00:00:04.636215   CLFSH - CLFLUSH instruction                             = 1 (1)
00:00:04.636218   DS - Debug Store                                        = 0 (1)
00:00:04.636220   ACPI - Thermal Mon. & Soft. Clock Ctrl.                 = 0 (1)
00:00:04.636222   MMX - Intel MMX Technology                              = 1 (1)
00:00:04.636225   FXSR - FXSAVE and FXRSTOR instructions                  = 1 (1)
00:00:04.636227   SSE - SSE support                                       = 1 (1)
00:00:04.636229   SSE2 - SSE2 support                                     = 1 (1)
00:00:04.636232   SS - Self Snoop                                         = 0 (1)
00:00:04.636234   HTT - Hyper-Threading Technology                        = 0 (1)
00:00:04.636236   TM - Therm. Monitor                                     = 0 (1)
00:00:04.636239   PBE - Pending Break Enabled                             = 0 (1)
00:00:04.636241   SSE3 - SSE3 support                                     = 1 (1)
00:00:04.636244   PCLMUL - PCLMULQDQ support (for AES-GCM)                = 1 (1)
00:00:04.636246   DTES64 - DS Area 64-bit Layout                          = 0 (1)
00:00:04.636248   MONITOR - MONITOR/MWAIT instructions                    = 1 (1)
00:00:04.636250   CPL-DS - CPL Qualified Debug Store                      = 0 (1)
00:00:04.636252   VMX - Virtual Machine Extensions                        = 0 (1)
00:00:04.636255   SMX - Safer Mode Extensions                             = 0 (0)
00:00:04.636257   EST - Enhanced SpeedStep Technology                     = 0 (1)
00:00:04.636259   TM2 - Terminal Monitor 2                                = 0 (1)
00:00:04.636261   SSSE3 - Supplemental Streaming SIMD Extensions 3        = 1 (1)
00:00:04.636263   CNTX-ID - L1 Context ID                                 = 0 (0)
00:00:04.636266   SDBG - Silicon Debug interface                          = 0 (0)
00:00:04.636268   FMA - Fused Multiply Add extensions                     = 0 (0)
00:00:04.636270   CX16 - CMPXCHG16B instruction                           = 1 (1)
00:00:04.636272   TPRUPDATE - xTPR Update Control                         = 0 (1)
00:00:04.636274   PDCM - Perf/Debug Capability MSR                        = 0 (1)
00:00:04.636277   PCID - Process Context Identifiers                      = 0 (1)
00:00:04.636279   DCA - Direct Cache Access                               = 0 (0)
00:00:04.636281   SSE4_1 - SSE4_1 support                                 = 1 (1)
00:00:04.636284   SSE4_2 - SSE4_2 support                                 = 1 (1)
00:00:04.636286   X2APIC - x2APIC support                                 = 0 (1)
00:00:04.636288   MOVBE - MOVBE instruction                               = 0 (0)
00:00:04.636291   POPCNT - POPCNT instruction                             = 1 (1)
00:00:04.636293   TSCDEADL - Time Stamp Counter Deadline                  = 0 (1)
00:00:04.636295   AES - AES instructions                                  = 0 (0)
00:00:04.636297   XSAVE - XSAVE instruction                               = 1 (1)
00:00:04.636300   OSXSAVE - OSXSAVE instruction                           = 0 (1)
00:00:04.636302   AVX - AVX support                                       = 1 (1)
00:00:04.636305   F16C - 16-bit floating point conversion instructions    = 0 (0)
00:00:04.636306   RDRAND - RDRAND instruction                             = 0 (0)
00:00:04.636309   HVP - Hypervisor Present (we're a guest)                = 0 (0)
00:00:04.636311 Structured Extended Feature Flags Enumeration (leaf 7):
00:00:04.636312   Mnemonic - Description                                  = guest (host)
00:00:04.636347   FSGSBASE - RDFSBASE/RDGSBASE/WRFSBASE/WRGSBASE instr.   = 0 (0)
00:00:04.636349   TSCADJUST - Supports MSR_IA32_TSC_ADJUST                = 0 (0)
00:00:04.636351   SGX - Supports Software Guard Extensions                = 0 (0)
00:00:04.636353   BMI1 - Advanced Bit Manipulation extension 1            = 0 (0)
00:00:04.636355   HLE - Hardware Lock Elision                             = 0 (0)
00:00:04.636357   AVX2 - Advanced Vector Extensions 2                     = 0 (0)
00:00:04.636359   FDP_EXCPTN_ONLY - FPU DP only updated on exceptions     = 0 (0)
00:00:04.636361   SMEP - Supervisor Mode Execution Prevention             = 0 (0)
00:00:04.636363   BMI2 - Advanced Bit Manipulation extension 2            = 0 (0)
00:00:04.636365   ERMS - Enhanced REP MOVSB/STOSB instructions            = 0 (0)
00:00:04.636367   INVPCID - INVPCID instruction                           = 0 (0)
00:00:04.636369   RTM - Restricted Transactional Memory                   = 0 (0)
00:00:04.636371   PQM - Platform Quality of Service Monitoring            = 0 (0)
00:00:04.636373   DEPFPU_CS_DS - Deprecates FPU CS, FPU DS values if set  = 0 (0)
00:00:04.636375   MPE - Intel Memory Protection Extensions                = 0 (0)
00:00:04.636377   PQE - Platform Quality of Service Enforcement           = 0 (0)
00:00:04.636379   AVX512F - AVX512 Foundation instructions                = 0 (0)
00:00:04.636381   RDSEED - RDSEED instruction                             = 0 (0)
00:00:04.636383   ADX - ADCX/ADOX instructions                            = 0 (0)
00:00:04.636385   SMAP - Supervisor Mode Access Prevention                = 0 (0)
00:00:04.636387   CLFLUSHOPT - CLFLUSHOPT (Cache Line Flush) instruction  = 0 (0)
00:00:04.636389   INTEL_PT - Intel Processor Trace                        = 0 (0)
00:00:04.636391   AVX512PF - AVX512 Prefetch instructions                 = 0 (0)
00:00:04.636393   AVX512ER - AVX512 Exponential & Reciprocal instructions = 0 (0)
00:00:04.636395   AVX512CD - AVX512 Conflict Detection instructions       = 0 (0)
00:00:04.636397   SHA - Secure Hash Algorithm extensions                  = 0 (0)
00:00:04.636399   PREFETCHWT1 - PREFETCHWT1 instruction                   = 0 (0)
00:00:04.636401   PKU - Protection Key for Usermode pages                 = 0 (0)
00:00:04.636403   OSPKU - CR4.PKU mirror                                  = 0 (0)
00:00:04.636406 Processor Extended State Enumeration (leaf 0xd):
00:00:04.636407    XSAVE area cur/max size by XCR0, guest: 0x340/0x340
00:00:04.636409     XSAVE area cur/max size by XCR0, host: 0x340/0x340
00:00:04.636412                    Valid XCR0 bits, guest: 0x00000000`00000007 ( x87 SSE YMM_Hi128 )
00:00:04.636416                     Valid XCR0 bits, host: 0x00000000`00000007 ( x87 SSE YMM_Hi128 )
00:00:04.636420                     XSAVE features, guest:
00:00:04.636422                      XSAVE features, host: XSAVEOPT
00:00:04.636424       XSAVE area cur size XCR0|XSS, guest: 0x0
00:00:04.636425        XSAVE area cur size XCR0|XSS, host: 0x0
00:00:04.636427                Valid IA32_XSS bits, guest: 0x00000000`00000000
00:00:04.636428                 Valid IA32_XSS bits, host: 0x00000000`00000000
00:00:04.636430   State #2, guest: off=0x0240, cb=0x0100 IA32_XSS-bit -- YMM_Hi128
00:00:04.636434   State #2, host:  off=0x0240, cb=0x0100 IA32_XSS-bit -- YMM_Hi128
00:00:04.636452          Raw Extended CPUID Leaves
00:00:04.636452      Leaf/sub-leaf  eax      ebx      ecx      edx
00:00:04.636453 Gst: 80000000/0000  80000008 00000000 00000000 00000000
00:00:04.636456 Hst:                80000008 00000000 00000000 00000000
00:00:04.636458 Gst: 80000001/0000  00000000 00000000 00000001 28100800
00:00:04.636460 Hst:                00000000 00000000 00000001 28100800
00:00:04.636462 Gst: 80000002/0000  20202020 49202020 6c65746e 20295228
00:00:04.636465 Hst:                20202020 49202020 6c65746e 20295228
00:00:04.636468 Gst: 80000003/0000  65726f43 294d5428 2d336920 35363332
00:00:04.636470 Hst:                65726f43 294d5428 2d336920 35363332
00:00:04.636473 Gst: 80000004/0000  5043204d 20402055 30342e31 007a4847
00:00:04.636475 Hst:                5043204d 20402055 30342e31 007a4847
00:00:04.636478 Gst: 80000005/0000  00000000 00000000 00000000 00000000
00:00:04.636479 Hst:                00000000 00000000 00000000 00000000
00:00:04.636481 Gst: 80000006/0000  00000000 00000000 01006040 00000000
00:00:04.636483 Hst:                00000000 00000000 01006040 00000000
00:00:04.636485 Gst: 80000007/0000  00000000 00000000 00000000 00000100
00:00:04.636487 Hst:                00000000 00000000 00000000 00000100
00:00:04.636489 Gst: 80000008/0000  00003024 00000000 00000000 00000000
00:00:04.636491 Hst:                00003024 00000000 00000000 00000000
00:00:04.636492 Ext Name:                        
00:00:04.636493 Ext Supports:                    0x80000000-0x80000008
00:00:04.636527 Family:                          0  	Extended: 0 	Effective: 0
00:00:04.636529 Model:                           0  	Extended: 0 	Effective: 0
00:00:04.636530 Stepping:                        0
00:00:04.636531 Brand ID:                        0x000
00:00:04.636532 Ext Features
00:00:04.636533   Mnemonic - Description                                  = guest (host)
00:00:04.636534   FPU - x87 FPU on Chip                                   = 0 (0)
00:00:04.636537   VME - Virtual 8086 Mode Enhancements                    = 0 (0)
00:00:04.636539   DE - Debugging extensions                               = 0 (0)
00:00:04.636541   PSE - Page Size Extension                               = 0 (0)
00:00:04.636544   TSC - Time Stamp Counter                                = 0 (0)
00:00:04.636546   MSR - K86 Model Specific Registers                      = 0 (0)
00:00:04.636548   PAE - Physical Address Extension                        = 0 (0)
00:00:04.636550   MCE - Machine Check Exception                           = 0 (0)
00:00:04.636552   CX8 - CMPXCHG8B instruction                             = 0 (0)
00:00:04.636555   APIC - APIC On-Chip                                     = 0 (0)
00:00:04.636557   SEP - SYSCALL/SYSRET                                    = 1 (1)
00:00:04.636560   MTRR - Memory Type Range Registers                      = 0 (0)
00:00:04.636562   PGE - PTE Global Bit                                    = 0 (0)
00:00:04.636564   MCA - Machine Check Architecture                        = 0 (0)
00:00:04.636566   CMOV - Conditional Move instructions                    = 0 (0)
00:00:04.636568   PAT - Page Attribute Table                              = 0 (0)
00:00:04.636571   PSE-36 - 36-bit Page Size Extension                     = 0 (0)
00:00:04.636573   NX - No-Execute/Execute-Disable                         = 1 (1)
00:00:04.636575   AXMMX - AMD Extensions to MMX instructions              = 0 (0)
00:00:04.636577   MMX - Intel MMX Technology                              = 0 (0)
00:00:04.636579   FXSR - FXSAVE and FXRSTOR Instructions                  = 0 (0)
00:00:04.636581   FFXSR - AMD fast FXSAVE and FXRSTOR instructions        = 0 (0)
00:00:04.636583   Page1GB - 1 GB large page                               = 0 (0)
00:00:04.636585   RDTSCP - RDTSCP instruction                             = 1 (1)
00:00:04.636588   LM - AMD64 Long Mode                                    = 1 (1)
00:00:04.636590   3DNOWEXT - AMD Extensions to 3DNow                      = 0 (0)
00:00:04.636592   3DNOW - AMD 3DNow                                       = 0 (0)
00:00:04.636595   LahfSahf - LAHF/SAHF support in 64-bit mode             = 1 (1)
00:00:04.636597   CmpLegacy - Core multi-processing legacy mode           = 0 (0)
00:00:04.636599   SVM - AMD VM extensions                                 = 0 (0)
00:00:04.636601   EXTAPIC - AMD Extended APIC registers                   = 0 (0)
00:00:04.636603   CR8L - AMD LOCK MOV CR0 means MOV CR8                   = 0 (0)
00:00:04.636605   ABM - AMD Advanced Bit Manipulation                     = 0 (0)
00:00:04.636607   SSE4A - SSE4A instructions                              = 0 (0)
00:00:04.636610   MISALIGNSSE - AMD Misaligned SSE mode                   = 0 (0)
00:00:04.636612   3DNOWPRF - AMD PREFETCH and PREFETCHW instructions      = 0 (0)
00:00:04.636614   OSVW - AMD OS Visible Workaround                        = 0 (0)
00:00:04.636616   IBS - Instruct Based Sampling                           = 0 (0)
00:00:04.636618   XOP - Extended Operation support                        = 0 (0)
00:00:04.636620   SKINIT - SKINIT, STGI, and DEV support                  = 0 (0)
00:00:04.636622   WDT - AMD Watchdog Timer support                        = 0 (0)
00:00:04.636624   LWP - Lightweight Profiling support                     = 0 (0)
00:00:04.636626   FMA4 - Four operand FMA instruction support             = 0 (0)
00:00:04.636628   NodeId - NodeId in MSR C001_100C                        = 0 (0)
00:00:04.636631   TBM - Trailing Bit Manipulation instructions            = 0 (0)
00:00:04.636633   TOPOEXT - Topology Extensions                           = 0 (0)
00:00:04.636636 Full Name:                       "       Intel(R) Core(TM) i3-2365M CPU @ 1.40GHz"
00:00:04.636637 TLB 2/4M Instr/Uni:              res0     0 entries
00:00:04.636639 TLB 2/4M Data:                   res0     0 entries
00:00:04.636640 TLB 4K Instr/Uni:                res0     0 entries
00:00:04.636641 TLB 4K Data:                     res0     0 entries
00:00:04.636643 L1 Instr Cache Line Size:        0 bytes
00:00:04.636644 L1 Instr Cache Lines Per Tag:    0
00:00:04.636644 L1 Instr Cache Associativity:    res0  
00:00:04.636645 L1 Instr Cache Size:             0 KB
00:00:04.636646 L1 Data Cache Line Size:         0 bytes
00:00:04.636647 L1 Data Cache Lines Per Tag:     0
00:00:04.636648 L1 Data Cache Associativity:     res0  
00:00:04.636649 L1 Data Cache Size:              0 KB
00:00:04.636650 L2 TLB 2/4M Instr/Uni:           off       0 entries
00:00:04.636651 L2 TLB 2/4M Data:                off       0 entries
00:00:04.636653 L2 TLB 4K Instr/Uni:             off       0 entries
00:00:04.636654 L2 TLB 4K Data:                  off       0 entries
00:00:04.636655 L2 Cache Line Size:              0 bytes
00:00:04.636656 L2 Cache Lines Per Tag:          0
00:00:04.636656 L2 Cache Associativity:          off   
00:00:04.636657 L2 Cache Size:                   0 KB
00:00:04.636658 APM Features:                    TscInvariant
00:00:04.636660 Host Invariant-TSC support:      true 
00:00:04.636662 Physical Address Width:          36 bits
00:00:04.636663 Virtual Address Width:           48 bits
00:00:04.636663 Guest Physical Address Width:    0 bits
00:00:04.636664 Physical Core Count:             1
00:00:04.636666 
00:00:04.636667 ******************** End of CPUID dump **********************
00:00:04.681481 PcBios: SATA LUN#0 LCHS=1024/255/63
00:00:04.681549 APIC: fPostedIntrsEnabled=false fVirtApicRegsEnabled=false fSupportsTscDeadline=false
00:00:04.681569 VMEmt: Halt method global1 (5)
00:00:04.681622 VMEmt: HaltedGlobal1 config: cNsSpinBlockThresholdCfg=50000
00:00:04.681669 Changing the VM state from 'CREATING' to 'CREATED'
00:00:04.682808 SharedFolders host service: Adding host mapping
00:00:04.682846     Host path '\\?\E:\Working\Ubuntu\Ubuntu-14-64-Bit\Vagrantfile', map name 'vagrant', writable, automount=false, create_symlinks=true, missing=false
00:00:04.683253 Changing the VM state from 'CREATED' to 'POWERING_ON'
00:00:04.683773 Changing the VM state from 'POWERING_ON' to 'RUNNING'
00:00:04.683799 Console: Machine state changed to 'Running'
00:00:04.695517 VMMDev: Guest Log: BIOS: VirtualBox 5.1.14
00:00:04.698498 PIT: mode=2 count=0x10000 (65536) - 18.20 Hz (ch=0)
00:00:04.705257 Display::handleDisplayResize: uScreenId=0 pvVRAM=0000000000000000 w=720 h=400 bpp=0 cbLine=0x0 flags=0x1
00:00:04.743448 AHCI#0: Reset the HBA
00:00:04.743640 AHCI#0: Port 0 reset
00:00:04.745491 VMMDev: Guest Log: BIOS: AHCI 0-P#0: PCHS=16383/16/63 LCHS=1024/255/63 0x0000000005000000 sectors
00:00:04.747186 PIT: mode=2 count=0x48d3 (18643) - 64.00 Hz (ch=0)
00:00:04.768511 Display::handleDisplayResize: uScreenId=0 pvVRAM=000000000b1f0000 w=640 h=480 bpp=32 cbLine=0xA00 flags=0x1
00:00:07.224023 Display::handleDisplayResize: uScreenId=0 pvVRAM=0000000000000000 w=720 h=400 bpp=0 cbLine=0x0 flags=0x1
00:00:07.239598 PIT: mode=2 count=0x10000 (65536) - 18.20 Hz (ch=0)
00:00:07.240183 VMMDev: Guest Log: BIOS: Boot : bseqnr=1, bootseq=0002
00:00:07.240946 VMMDev: Guest Log: BIOS: Booting from Hard Disk...
00:00:08.705766 PIT: mode=2 count=0x12a5 (4773) - 249.98 Hz (ch=0)
00:00:09.182590 PIT: mode=0 count=0x10000 (65536) - 18.20 Hz (ch=0)
00:00:10.238058 AHCI#0: Reset the HBA
00:00:10.262599 AHCI#0: Port 0 reset
00:00:10.515914 NAT: Old socket recv size: 64KB
00:00:10.516169 NAT: Old socket send size: 64KB
00:00:12.799788 NAT: Link up
00:00:18.640886 VMMDev: Guest Additions information report: Version 4.3.36 r105129 '4.3.36_Ubuntu'
00:00:18.641019 VMMDev: Guest Additions information report: Interface = 0x00010004 osType = 0x00053100 (Linux >= 2.6, 64-bit)
00:00:18.641457 VMMDev: Guest Additions capability report: (0x0 -> 0x0) seamless: no, hostWindowMapping: no, graphics: no
00:00:18.641871 VMMDev: Guest reported fixed hypervisor window at 00001800000 LB 0x3400000 (rc=VINF_SUCCESS)
00:00:18.681115 VMMDev: Guest Log: vboxguest: misc device minor 57, IRQ 20, I/O port d020, MMIO at 00000000f0400000 (size 0x400000)
00:00:22.511770 NAT: IPv6 not supported
00:00:22.682377 NAT: DHCP offered IP address 10.0.2.15
00:00:22.683186 NAT: DHCP offered IP address 10.0.2.15
00:00:38.507249 VMMDev: Guest Log: VBoxService 4.3.36_Ubuntu r105129 (verbosity: 0) linux.amd64 (Jan 27 2016 11:57:44) release log
00:00:38.507289 VMMDev: Guest Log: 00:00:00.000199 main     Log opened 2017-05-12T10:54:56.909044000Z
00:00:38.509632 VMMDev: Guest Log: 00:00:00.002542 main     OS Product: Linux
00:00:38.509741 VMMDev: Guest Log: 00:00:00.002662 main     OS Release: 3.13.0-117-generic
00:00:38.509832 VMMDev: Guest Log: 00:00:00.002754 main     OS Version: #164-Ubuntu SMP Fri Apr 7 11:05:26 UTC 2017
00:00:38.510284 VMMDev: Guest Log: 00:00:00.003185 main     OS Service Pack: #164-Ubuntu SMP Fri Apr 7 11:05:26 UTC 2017
00:00:38.510416 VMMDev: Guest Log: 00:00:00.003330 main     Executable: /usr/sbin/VBoxService
00:00:38.510437 VMMDev: Guest Log: 00:00:00.003333 main     Process ID: 1150
00:00:38.510448 VMMDev: Guest Log: 00:00:00.003335 main     Package type: LINUX_64BITS_GENERIC (OSE)
00:00:38.521470 VMMDev: Guest Log: 00:00:00.014415 main     4.3.36_Ubuntu r105129 started. Verbose level = 0
