VirtualBox VM 5.1.14 r112924 win.amd64 (Jan 16 2017 16:36:58) release log
00:00:01.240440 Log opened 2017-05-06T13:46:11.739928600Z
00:00:01.240446 Build Type: release
00:00:01.240457 OS Product: Windows 8.1
00:00:01.240463 OS Release: 6.3.9600
00:00:01.240466 OS Service Pack: 
00:00:01.385395 DMI Product Name: Aspire V5-471P
00:00:01.390335 DMI Product Version: V2.13
00:00:01.390349 Host RAM: 3889MB (3.7GB) total, 2189MB (2.1GB) available
00:00:01.390354 Executable: C:\Program Files\Oracle\VirtualBox\VBoxHeadless.exe
00:00:01.390356 Process ID: 7668
00:00:01.390357 Package type: WINDOWS_64BITS_GENERIC
00:00:01.405339 Installed Extension Packs:
00:00:01.405400   None installed!
00:00:01.406305 Console: Machine state changed to 'Starting'
00:00:01.924768 SUP: Loaded VMMR0.r0 (C:\Program Files\Oracle\VirtualBox\VMMR0.r0) at 0xfffff80168c1f000 - ModuleInit at fffff80168c42550 and ModuleTerm at fffff80168c42a40 using the native ring-0 loader
00:00:01.924813 SUP: VMMR0EntryEx located at fffff80168c45450 and VMMR0EntryFast at fffff80168c43170
00:00:01.924823 SUP: windbg> .reload /f C:\Program Files\Oracle\VirtualBox\VMMR0.r0=0xfffff80168c1f000
00:00:01.928664 Guest OS type: 'Ubuntu_64'
00:00:01.938203 fHMForced=true - Lots of RAM
00:00:01.938228 fHMForced=true - 64-bit guest
00:00:01.952218 File system of 'C:\Users\Aspire\VirtualBox VMs\Vagrantfile_default_1494077244417_87582\Snapshots' (snapshots) is unknown
00:00:01.952239 File system of 'C:\Users\Aspire\VirtualBox VMs\Vagrantfile_default_1494077244417_87582\box-disk1.vmdk' is ntfs
00:00:01.977729 Shared clipboard service loaded
00:00:01.977747 Shared clipboard mode: Off
00:00:01.996774 Drag and drop service loaded
00:00:01.996793 Drag and drop mode: Off
00:00:02.035632 Guest Control service loaded
00:00:03.378431 Per-VM extradata API settings:
00:00:03.378467   VBoxInternal2/SharedFoldersEnableSymlinksCreate/vagrant="1"
00:00:03.378781 ************************* CFGM dump *************************
00:00:03.378784 [/] (level 0)
00:00:03.378789   CSAMEnabled       <integer> = 0x0000000000000001 (1)
00:00:03.378792   CpuExecutionCap   <integer> = 0x0000000000000064 (100)
00:00:03.378795   EnablePAE         <integer> = 0x0000000000000000 (0)
00:00:03.378797   HMEnabled         <integer> = 0x0000000000000001 (1)
00:00:03.378799   MemBalloonSize    <integer> = 0x0000000000000000 (0)
00:00:03.378800   Name              <string>  = "Vagrantfile_default_1494077244417_87582" (cb=40)
00:00:03.378803   NumCPUs           <integer> = 0x0000000000000001 (1)
00:00:03.378805   PATMEnabled       <integer> = 0x0000000000000001 (1)
00:00:03.378807   PageFusionAllowed <integer> = 0x0000000000000000 (0)
00:00:03.378808   RamHoleSize       <integer> = 0x0000000020000000 (536 870 912, 512 MB)
00:00:03.378812   RamSize           <integer> = 0x0000000200000000 (8 589 934 592, 8 192 MB, 8 GB)
00:00:03.378816   RawR0Enabled      <integer> = 0x0000000000000001 (1)
00:00:03.378818   RawR3Enabled      <integer> = 0x0000000000000001 (1)
00:00:03.378820   TimerMillies      <integer> = 0x000000000000000a (10)
00:00:03.378821   UUID              <bytes>   = "4c 23 74 e7 d5 0f da 40 a7 26 0a 63 60 dc 16 19" (cb=16)
00:00:03.378827 
00:00:03.378828 [/CPUM/] (level 1)
00:00:03.378831   GuestCpuName       <string>  = "host" (cb=5)
00:00:03.378832   PortableCpuIdLevel <integer> = 0x0000000000000000 (0)
00:00:03.378834 
00:00:03.378835 [/DBGC/] (level 1)
00:00:03.378837   GlobalInitScript <string>  = "C:\Users\Aspire\.VirtualBox/dbgc-init" (cb=38)
00:00:03.378839   HistoryFile      <string>  = "C:\Users\Aspire\.VirtualBox/dbgc-history" (cb=41)
00:00:03.378841   LocalInitScript  <string>  = "C:\Users\Aspire\VirtualBox VMs\Vagrantfile_default_1494077244417_87582/dbgc-init" (cb=81)
00:00:03.378843 
00:00:03.378843 [/DBGF/] (level 1)
00:00:03.378845   Path <string>  = "C:\Users\Aspire\VirtualBox VMs\Vagrantfile_default_1494077244417_87582/debug/;C:\Users\Aspire\VirtualBox VMs\Vagrantfile_default_1494077244417_87582/;C:\Users\Aspire\" (cb=167)
00:00:03.378847 
00:00:03.378848 [/Devices/] (level 1)
00:00:03.378850 
00:00:03.378850 [/Devices/8237A/] (level 2)
00:00:03.378853 
00:00:03.378853 [/Devices/8237A/0/] (level 3)
00:00:03.378856   Trusted <integer> = 0x0000000000000001 (1)
00:00:03.378857 
00:00:03.378858 [/Devices/VMMDev/] (level 2)
00:00:03.378860 
00:00:03.378860 [/Devices/VMMDev/0/] (level 3)
00:00:03.378863   PCIBusNo      <integer> = 0x0000000000000000 (0)
00:00:03.378865   PCIDeviceNo   <integer> = 0x0000000000000004 (4)
00:00:03.378866   PCIFunctionNo <integer> = 0x0000000000000000 (0)
00:00:03.378868   Trusted       <integer> = 0x0000000000000001 (1)
00:00:03.378869 
00:00:03.378870 [/Devices/VMMDev/0/Config/] (level 4)
00:00:03.378873   GuestCoreDumpDir <string>  = "C:\Users\Aspire\VirtualBox VMs\Vagrantfile_default_1494077244417_87582\Snapshots" (cb=81)
00:00:03.378875   RamSize          <integer> = 0x0000000200000000 (8 589 934 592, 8 192 MB, 8 GB)
00:00:03.378879 
00:00:03.378879 [/Devices/VMMDev/0/LUN#0/] (level 4)
00:00:03.378881   Driver <string>  = "HGCM" (cb=5)
00:00:03.378883 
00:00:03.378883 [/Devices/VMMDev/0/LUN#0/Config/] (level 5)
00:00:03.378886   Object <integer> = 0x00000000022d0790 (36 505 488)
00:00:03.378889 
00:00:03.378889 [/Devices/VMMDev/0/LUN#999/] (level 4)
00:00:03.378892   Driver <string>  = "MainStatus" (cb=11)
00:00:03.378893 
00:00:03.378894 [/Devices/VMMDev/0/LUN#999/Config/] (level 5)
00:00:03.378896   First   <integer> = 0x0000000000000000 (0)
00:00:03.378898   Last    <integer> = 0x0000000000000000 (0)
00:00:03.378899   papLeds <integer> = 0x00000000022cfdf8 (36 503 032)
00:00:03.378902 
00:00:03.378902 [/Devices/acpi/] (level 2)
00:00:03.378904 
00:00:03.378905 [/Devices/acpi/0/] (level 3)
00:00:03.378907   PCIBusNo      <integer> = 0x0000000000000000 (0)
00:00:03.378908   PCIDeviceNo   <integer> = 0x0000000000000007 (7)
00:00:03.378910   PCIFunctionNo <integer> = 0x0000000000000000 (0)
00:00:03.378912   Trusted       <integer> = 0x0000000000000001 (1)
00:00:03.378913 
00:00:03.378914 [/Devices/acpi/0/Config/] (level 4)
00:00:03.378917   CpuHotPlug          <integer> = 0x0000000000000000 (0)
00:00:03.378919   FdcEnabled          <integer> = 0x0000000000000000 (0)
00:00:03.378921   HostBusPciAddress   <integer> = 0x0000000000000000 (0)
00:00:03.378922   HpetEnabled         <integer> = 0x0000000000000000 (0)
00:00:03.378924   IOAPIC              <integer> = 0x0000000000000001 (1)
00:00:03.378926   IocPciAddress       <integer> = 0x0000000000010000 (65 536)
00:00:03.378928   NumCPUs             <integer> = 0x0000000000000001 (1)
00:00:03.378930   Parallel0IoPortBase <integer> = 0x0000000000000000 (0)
00:00:03.378932   Parallel0Irq        <integer> = 0x0000000000000000 (0)
00:00:03.378934   Parallel1IoPortBase <integer> = 0x0000000000000000 (0)
00:00:03.378936   Parallel1Irq        <integer> = 0x0000000000000000 (0)
00:00:03.378937   RamHoleSize         <integer> = 0x0000000020000000 (536 870 912, 512 MB)
00:00:03.378941   RamSize             <integer> = 0x0000000200000000 (8 589 934 592, 8 192 MB, 8 GB)
00:00:03.378944   Serial0IoPortBase   <integer> = 0x0000000000000000 (0)
00:00:03.378946   Serial0Irq          <integer> = 0x0000000000000000 (0)
00:00:03.378948   Serial1IoPortBase   <integer> = 0x0000000000000000 (0)
00:00:03.378949   Serial1Irq          <integer> = 0x0000000000000000 (0)
00:00:03.378951   ShowCpu             <integer> = 0x0000000000000001 (1)
00:00:03.378953   ShowRtc             <integer> = 0x0000000000000000 (0)
00:00:03.378954   SmcEnabled          <integer> = 0x0000000000000000 (0)
00:00:03.378956 
00:00:03.378957 [/Devices/acpi/0/LUN#0/] (level 4)
00:00:03.378959   Driver <string>  = "ACPIHost" (cb=9)
00:00:03.378960 
00:00:03.378961 [/Devices/acpi/0/LUN#0/Config/] (level 5)
00:00:03.378964 
00:00:03.378964 [/Devices/ahci/] (level 2)
00:00:03.378966 
00:00:03.378967 [/Devices/ahci/0/] (level 3)
00:00:03.378969   PCIBusNo      <integer> = 0x0000000000000000 (0)
00:00:03.378970   PCIDeviceNo   <integer> = 0x000000000000000d (13)
00:00:03.378972   PCIFunctionNo <integer> = 0x0000000000000000 (0)
00:00:03.378974   Trusted       <integer> = 0x0000000000000001 (1)
00:00:03.378975 
00:00:03.378976 [/Devices/ahci/0/Config/] (level 4)
00:00:03.378978   Bootable  <integer> = 0x0000000000000001 (1)
00:00:03.378980   PortCount <integer> = 0x0000000000000001 (1)
00:00:03.378981 
00:00:03.378982 [/Devices/ahci/0/Config/Port0/] (level 5)
00:00:03.378984   Hotpluggable        <integer> = 0x0000000000000001 (1)
00:00:03.378986   NonRotationalMedium <integer> = 0x0000000000000000 (0)
00:00:03.378987 
00:00:03.378988 [/Devices/ahci/0/LUN#0/] (level 4)
00:00:03.378990   Driver <string>  = "VD" (cb=3)
00:00:03.378992 
00:00:03.378992 [/Devices/ahci/0/LUN#0/Config/] (level 5)
00:00:03.378995   Format    <string>  = "VMDK" (cb=5)
00:00:03.378996   Mountable <integer> = 0x0000000000000000 (0)
00:00:03.378998   Path      <string>  = "C:\Users\Aspire\VirtualBox VMs\Vagrantfile_default_1494077244417_87582\box-disk1.vmdk" (cb=86)
00:00:03.379000   Type      <string>  = "HardDisk" (cb=9)
00:00:03.379001 
00:00:03.379002 [/Devices/ahci/0/LUN#999/] (level 4)
00:00:03.379004   Driver <string>  = "MainStatus" (cb=11)
00:00:03.379006 
00:00:03.379006 [/Devices/ahci/0/LUN#999/Config/] (level 5)
00:00:03.379009   DeviceInstance        <string>  = "ahci/0" (cb=7)
00:00:03.379011   First                 <integer> = 0x0000000000000000 (0)
00:00:03.379013   Last                  <integer> = 0x0000000000000000 (0)
00:00:03.379014   pConsole              <integer> = 0x00000000022cf5f0 (36 500 976)
00:00:03.379017   papLeds               <integer> = 0x00000000022cf9f8 (36 502 008)
00:00:03.379020   pmapMediumAttachments <integer> = 0x00000000022cfe18 (36 503 064)
00:00:03.379022 
00:00:03.379023 [/Devices/apic/] (level 2)
00:00:03.379024 
00:00:03.379025 [/Devices/apic/0/] (level 3)
00:00:03.379027   Trusted <integer> = 0x0000000000000001 (1)
00:00:03.379029 
00:00:03.379029 [/Devices/apic/0/Config/] (level 4)
00:00:03.379031   IOAPIC  <integer> = 0x0000000000000001 (1)
00:00:03.379033   Mode    <integer> = 0x0000000000000002 (2)
00:00:03.379034   NumCPUs <integer> = 0x0000000000000001 (1)
00:00:03.379036 
00:00:03.379037 [/Devices/e1000/] (level 2)
00:00:03.379038 
00:00:03.379039 [/Devices/e1000/0/] (level 3)
00:00:03.379041   PCIBusNo      <integer> = 0x0000000000000000 (0)
00:00:03.379043   PCIDeviceNo   <integer> = 0x0000000000000003 (3)
00:00:03.379044   PCIFunctionNo <integer> = 0x0000000000000000 (0)
00:00:03.379046   Trusted       <integer> = 0x0000000000000001 (1)
00:00:03.379047 
00:00:03.379048 [/Devices/e1000/0/Config/] (level 4)
00:00:03.379050   AdapterType    <integer> = 0x0000000000000000 (0)
00:00:03.379052   CableConnected <integer> = 0x0000000000000001 (1)
00:00:03.379053   LineSpeed      <integer> = 0x0000000000000000 (0)
00:00:03.379055   MAC            <bytes>   = "08 00 27 b6 87 7b" (cb=6)
00:00:03.379058 
00:00:03.379058 [/Devices/e1000/0/LUN#0/] (level 4)
00:00:03.379061   Driver <string>  = "NAT" (cb=4)
00:00:03.379062 
00:00:03.379063 [/Devices/e1000/0/LUN#0/Config/] (level 5)
00:00:03.379065   AliasMode       <integer> = 0x0000000000000000 (0)
00:00:03.379067   BootFile        <string>  = "Vagrantfile_default_1494077244417_87582.pxe" (cb=44)
00:00:03.379069   DNSProxy        <integer> = 0x0000000000000001 (1)
00:00:03.379071   Network         <string>  = "10.0.2.0/24" (cb=12)
00:00:03.379072   PassDomain      <integer> = 0x0000000000000001 (1)
00:00:03.379074   TFTPPrefix      <string>  = "C:\Users\Aspire\.VirtualBox\TFTP" (cb=33)
00:00:03.379076   UseHostResolver <integer> = 0x0000000000000000 (0)
00:00:03.379077 
00:00:03.379078 [/Devices/e1000/0/LUN#0/Config/PortForwarding/] (level 6)
00:00:03.379081 
00:00:03.379081 [/Devices/e1000/0/LUN#0/Config/PortForwarding/0/] (level 7)
00:00:03.379085   BindIP    <string>  = "127.0.0.1" (cb=10)
00:00:03.379086   GuestPort <integer> = 0x0000000000000016 (22)
00:00:03.379088   HostPort  <integer> = 0x00000000000008ae (2 222)
00:00:03.379090   Name      <string>  = "ssh" (cb=4)
00:00:03.379092   Protocol  <string>  = "TCP" (cb=4)
00:00:03.379093 
00:00:03.379094 [/Devices/e1000/0/LUN#0/Config/PortForwarding/1/] (level 7)
00:00:03.379097   GuestPort <integer> = 0x0000000000006989 (27 017)
00:00:03.379099   HostPort  <integer> = 0x0000000000006989 (27 017)
00:00:03.379101   Name      <string>  = "tcp27017" (cb=9)
00:00:03.379102   Protocol  <string>  = "TCP" (cb=4)
00:00:03.379103 
00:00:03.379104 [/Devices/e1000/0/LUN#0/Config/PortForwarding/2/] (level 7)
00:00:03.379107   GuestPort <integer> = 0x0000000000001ba5 (7 077)
00:00:03.379109   HostPort  <integer> = 0x0000000000001ba5 (7 077)
00:00:03.379111   Name      <string>  = "tcp7077" (cb=8)
00:00:03.379112   Protocol  <string>  = "TCP" (cb=4)
00:00:03.379113 
00:00:03.379114 [/Devices/e1000/0/LUN#0/Config/PortForwarding/3/] (level 7)
00:00:03.379117   GuestPort <integer> = 0x0000000000001f90 (8 080)
00:00:03.379119   HostPort  <integer> = 0x0000000000001f90 (8 080)
00:00:03.379120   Name      <string>  = "tcp8080" (cb=8)
00:00:03.379122   Protocol  <string>  = "TCP" (cb=4)
00:00:03.379123 
00:00:03.379124 [/Devices/e1000/0/LUN#999/] (level 4)
00:00:03.379126   Driver <string>  = "MainStatus" (cb=11)
00:00:03.379127 
00:00:03.379128 [/Devices/e1000/0/LUN#999/Config/] (level 5)
00:00:03.379130   First   <integer> = 0x0000000000000000 (0)
00:00:03.379132   Last    <integer> = 0x0000000000000000 (0)
00:00:03.379133   papLeds <integer> = 0x00000000022cfcd8 (36 502 744)
00:00:03.379136 
00:00:03.379136 [/Devices/i8254/] (level 2)
00:00:03.379138 
00:00:03.379139 [/Devices/i8254/0/] (level 3)
00:00:03.379141 
00:00:03.379141 [/Devices/i8254/0/Config/] (level 4)
00:00:03.379143 
00:00:03.379144 [/Devices/i8259/] (level 2)
00:00:03.379146 
00:00:03.379146 [/Devices/i8259/0/] (level 3)
00:00:03.379148   Trusted <integer> = 0x0000000000000001 (1)
00:00:03.379150 
00:00:03.379150 [/Devices/i8259/0/Config/] (level 4)
00:00:03.379153 
00:00:03.379153 [/Devices/ioapic/] (level 2)
00:00:03.379155 
00:00:03.379156 [/Devices/ioapic/0/] (level 3)
00:00:03.379158   Trusted <integer> = 0x0000000000000001 (1)
00:00:03.379159 
00:00:03.379160 [/Devices/ioapic/0/Config/] (level 4)
00:00:03.379162   NumCPUs <integer> = 0x0000000000000001 (1)
00:00:03.379164 
00:00:03.379164 [/Devices/mc146818/] (level 2)
00:00:03.379166 
00:00:03.379167 [/Devices/mc146818/0/] (level 3)
00:00:03.379169 
00:00:03.379169 [/Devices/mc146818/0/Config/] (level 4)
00:00:03.379172   UseUTC <integer> = 0x0000000000000001 (1)
00:00:03.379173 
00:00:03.379174 [/Devices/parallel/] (level 2)
00:00:03.379176 
00:00:03.379176 [/Devices/pcarch/] (level 2)
00:00:03.379178 
00:00:03.379178 [/Devices/pcarch/0/] (level 3)
00:00:03.379180   Trusted <integer> = 0x0000000000000001 (1)
00:00:03.379182 
00:00:03.379182 [/Devices/pcarch/0/Config/] (level 4)
00:00:03.379185 
00:00:03.379185 [/Devices/pcbios/] (level 2)
00:00:03.379187 
00:00:03.379188 [/Devices/pcbios/0/] (level 3)
00:00:03.379190   Trusted <integer> = 0x0000000000000001 (1)
00:00:03.379191 
00:00:03.379192 [/Devices/pcbios/0/Config/] (level 4)
00:00:03.379195   APIC               <integer> = 0x0000000000000001 (1)
00:00:03.379196   BootDevice0        <string>  = "IDE" (cb=4)
00:00:03.379198   BootDevice1        <string>  = "NONE" (cb=5)
00:00:03.379199   BootDevice2        <string>  = "NONE" (cb=5)
00:00:03.379201   BootDevice3        <string>  = "NONE" (cb=5)
00:00:03.379202   FloppyDevice       <string>  = "i82078" (cb=7)
00:00:03.379204   HardDiskDevice     <string>  = "piix3ide" (cb=9)
00:00:03.379205   IOAPIC             <integer> = 0x0000000000000001 (1)
00:00:03.379207   McfgBase           <integer> = 0x0000000000000000 (0)
00:00:03.379209   McfgLength         <integer> = 0x0000000000000000 (0)
00:00:03.379210   NumCPUs            <integer> = 0x0000000000000001 (1)
00:00:03.379212   PXEDebug           <integer> = 0x0000000000000000 (0)
00:00:03.379214   RamHoleSize        <integer> = 0x0000000020000000 (536 870 912, 512 MB)
00:00:03.379217   RamSize            <integer> = 0x0000000200000000 (8 589 934 592, 8 192 MB, 8 GB)
00:00:03.379221   SataHardDiskDevice <string>  = "ahci" (cb=5)
00:00:03.379222   SataLUN1           <integer> = 0x0000000000000000 (0)
00:00:03.379224   UUID               <bytes>   = "4c 23 74 e7 d5 0f da 40 a7 26 0a 63 60 dc 16 19" (cb=16)
00:00:03.379229 
00:00:03.379229 [/Devices/pcbios/0/Config/NetBoot/] (level 5)
00:00:03.379232 
00:00:03.379232 [/Devices/pcbios/0/Config/NetBoot/0/] (level 6)
00:00:03.379236   NIC           <integer> = 0x0000000000000000 (0)
00:00:03.379237   PCIBusNo      <integer> = 0x0000000000000000 (0)
00:00:03.379239   PCIDeviceNo   <integer> = 0x0000000000000003 (3)
00:00:03.379241   PCIFunctionNo <integer> = 0x0000000000000000 (0)
00:00:03.379242 
00:00:03.379243 [/Devices/pci/] (level 2)
00:00:03.379244 
00:00:03.379245 [/Devices/pci/0/] (level 3)
00:00:03.379247   Trusted <integer> = 0x0000000000000001 (1)
00:00:03.379249 
00:00:03.379249 [/Devices/pci/0/Config/] (level 4)
00:00:03.379251   IOAPIC <integer> = 0x0000000000000001 (1)
00:00:03.379253 
00:00:03.379253 [/Devices/pckbd/] (level 2)
00:00:03.379255 
00:00:03.379256 [/Devices/pckbd/0/] (level 3)
00:00:03.379258   Trusted <integer> = 0x0000000000000001 (1)
00:00:03.379259 
00:00:03.379260 [/Devices/pckbd/0/Config/] (level 4)
00:00:03.379262 
00:00:03.379262 [/Devices/pckbd/0/LUN#0/] (level 4)
00:00:03.379265   Driver <string>  = "KeyboardQueue" (cb=14)
00:00:03.379266 
00:00:03.379267 [/Devices/pckbd/0/LUN#0/AttachedDriver/] (level 5)
00:00:03.379269   Driver <string>  = "MainKeyboard" (cb=13)
00:00:03.379271 
00:00:03.379271 [/Devices/pckbd/0/LUN#0/AttachedDriver/Config/] (level 6)
00:00:03.379274   Object <integer> = 0x00000000022d3dd0 (36 519 376)
00:00:03.379276 
00:00:03.379277 [/Devices/pckbd/0/LUN#0/Config/] (level 5)
00:00:03.379279   QueueSize <integer> = 0x0000000000000040 (64)
00:00:03.379281 
00:00:03.379282 [/Devices/pckbd/0/LUN#1/] (level 4)
00:00:03.379284   Driver <string>  = "MouseQueue" (cb=11)
00:00:03.379285 
00:00:03.379286 [/Devices/pckbd/0/LUN#1/AttachedDriver/] (level 5)
00:00:03.379289   Driver <string>  = "MainMouse" (cb=10)
00:00:03.379290 
00:00:03.379290 [/Devices/pckbd/0/LUN#1/AttachedDriver/Config/] (level 6)
00:00:03.379293   Object <integer> = 0x00000000022d4410 (36 520 976)
00:00:03.379295 
00:00:03.379296 [/Devices/pckbd/0/LUN#1/Config/] (level 5)
00:00:03.379298   QueueSize <integer> = 0x0000000000000080 (128)
00:00:03.379300 
00:00:03.379301 [/Devices/pcnet/] (level 2)
00:00:03.379303 
00:00:03.379304 [/Devices/serial/] (level 2)
00:00:03.379305 
00:00:03.379306 [/Devices/vga/] (level 2)
00:00:03.379308 
00:00:03.379308 [/Devices/vga/0/] (level 3)
00:00:03.379310   PCIBusNo      <integer> = 0x0000000000000000 (0)
00:00:03.379312   PCIDeviceNo   <integer> = 0x0000000000000002 (2)
00:00:03.379313   PCIFunctionNo <integer> = 0x0000000000000000 (0)
00:00:03.379315   Trusted       <integer> = 0x0000000000000001 (1)
00:00:03.379317 
00:00:03.379317 [/Devices/vga/0/Config/] (level 4)
00:00:03.379319   CustomVideoModes <integer> = 0x0000000000000000 (0)
00:00:03.379321   FadeIn           <integer> = 0x0000000000000001 (1)
00:00:03.379323   FadeOut          <integer> = 0x0000000000000001 (1)
00:00:03.379324   HeightReduction  <integer> = 0x0000000000000000 (0)
00:00:03.379326   LogoFile         <string>  = "" (cb=1)
00:00:03.379327   LogoTime         <integer> = 0x0000000000000000 (0)
00:00:03.379329   MonitorCount     <integer> = 0x0000000000000001 (1)
00:00:03.379331   ShowBootMenu     <integer> = 0x0000000000000002 (2)
00:00:03.379332   VRamSize         <integer> = 0x0000000000c00000 (12 582 912, 12 MB)
00:00:03.379337 
00:00:03.379338 [/Devices/vga/0/LUN#0/] (level 4)
00:00:03.379340   Driver <string>  = "MainDisplay" (cb=12)
00:00:03.379341 
00:00:03.379342 [/Devices/vga/0/LUN#0/Config/] (level 5)
00:00:03.379344   Object <integer> = 0x00000000022d4c80 (36 523 136)
00:00:03.379346 
00:00:03.379347 [/Devices/vga/0/LUN#999/] (level 4)
00:00:03.379349   Driver <string>  = "MainStatus" (cb=11)
00:00:03.379351 
00:00:03.379351 [/Devices/vga/0/LUN#999/Config/] (level 5)
00:00:03.379353   First   <integer> = 0x0000000000000000 (0)
00:00:03.379355   Last    <integer> = 0x0000000000000000 (0)
00:00:03.379356   papLeds <integer> = 0x00000000022cfe10 (36 503 056)
00:00:03.379358 
00:00:03.379359 [/Devices/virtio-net/] (level 2)
00:00:03.379361 
00:00:03.379362 [/EM/] (level 1)
00:00:03.379363   TripleFaultReset <integer> = 0x0000000000000000 (0)
00:00:03.379365 
00:00:03.379365 [/GIM/] (level 1)
00:00:03.379367   Provider <string>  = "None" (cb=5)
00:00:03.379368 
00:00:03.379369 [/HM/] (level 1)
00:00:03.379371   64bitEnabled       <integer> = 0x0000000000000001 (1)
00:00:03.379372   EnableLargePages   <integer> = 0x0000000000000000 (0)
00:00:03.379374   EnableNestedPaging <integer> = 0x0000000000000001 (1)
00:00:03.379376   EnableUX           <integer> = 0x0000000000000001 (1)
00:00:03.379377   EnableVPID         <integer> = 0x0000000000000001 (1)
00:00:03.379379   Exclusive          <integer> = 0x0000000000000000 (0)
00:00:03.379381   HMForced           <integer> = 0x0000000000000001 (1)
00:00:03.379382 
00:00:03.379383 [/MM/] (level 1)
00:00:03.379384   CanUseLargerHeap <integer> = 0x0000000000000000 (0)
00:00:03.379386 
00:00:03.379386 [/PDM/] (level 1)
00:00:03.379388 
00:00:03.379389 [/PDM/AsyncCompletion/] (level 2)
00:00:03.379391 
00:00:03.379391 [/PDM/AsyncCompletion/File/] (level 3)
00:00:03.379393 
00:00:03.379394 [/PDM/AsyncCompletion/File/BwGroups/] (level 4)
00:00:03.379396 
00:00:03.379397 [/PDM/BlkCache/] (level 2)
00:00:03.379399   CacheSize <integer> = 0x0000000000500000 (5 242 880, 5 MB)
00:00:03.379401 
00:00:03.379402 [/PDM/Devices/] (level 2)
00:00:03.379403 
00:00:03.379404 [/PDM/Drivers/] (level 2)
00:00:03.379406 
00:00:03.379406 [/PDM/Drivers/VBoxC/] (level 3)
00:00:03.379408   Path <string>  = "VBoxC" (cb=6)
00:00:03.379409 
00:00:03.379410 [/PDM/NetworkShaper/] (level 2)
00:00:03.379412 
00:00:03.379413 [/PDM/NetworkShaper/BwGroups/] (level 3)
00:00:03.379415 
00:00:03.379415 [/TM/] (level 1)
00:00:03.379417   UTCOffset <integer> = 0x0000000000000000 (0)
00:00:03.379418 
00:00:03.379419 ********************* End of CFGM dump **********************
00:00:03.379481 VM: fHMEnabled=true  (configured) fRecompileUser=false fRecompileSupervisor=false
00:00:03.379485 VM: fRawRing1Enabled=false CSAM=true  PATM=true 
00:00:03.379798 HM: HMR3Init: VT-x w/ nested paging and unrestricted guest execution hw support
00:00:03.380005 MM: cbHyperHeap=0x100000 (1048576)
00:00:03.385419 CPUM: fXStateHostMask=0x7; initial: 0x7; host XCR0=0x7
00:00:03.387843 CPUM: Matched host CPU INTEL 0x6/0x2a/0x7 Intel_Core7_SandyBridge with CPU DB entry 'Intel Core i7-2635QM' (INTEL 0x6/0x2a/0x7 Intel_Core7_SandyBridge)
00:00:03.388379 CPUM: VCPU  0: Cached APIC base MSR = 0x0
00:00:03.393183 PGM: HCPhysInterPD=00000000d160e000 HCPhysInterPaePDPT=00000000d160b000 HCPhysInterPaePML4=00000000d1609000
00:00:03.393208 PGM: apInterPTs={00000000d160d000,00000000d160c000} apInterPaePTs={00000001132d8000,000000010e059000} apInterPaePDs={000000011761a000,000000011749b000,000000011455c000,000000011301d000} pInterPaePDPT64=00000000d160a000
00:00:03.393223 PGM: Host paging mode: AMD64+PGE+NX
00:00:03.393297 PGM: PGMPool: cMaxPages=4144 (u64MaxPages=4136)
00:00:03.393307 PGM: pgmR3PoolInit: cMaxPages=0x1030 cMaxUsers=0x2060 cMaxPhysExts=0x2000 fCacheEnable=true 
00:00:03.511995 TM: GIP - u32Mode=3 (Invariant) u32UpdateHz=93 u32UpdateIntervalNS=10752500 enmUseTscDelta=2 (Pratically Zero) fGetGipCpu=0x1 cCpus=4
00:00:03.512039 TM: GIP - u64CpuHz=1 396 827 085 (0x5341e3cd)  SUPGetCpuHzFromGip => 1 396 827 085
00:00:03.512052 TM: GIP - CPU: iCpuSet=0x0 idCpu=0x0 idApic=0x0 iGipCpu=0x0 i64TSCDelta=0 enmState=3 u64CpuHz=1396827085(*) cErrors=0
00:00:03.512063 TM: GIP - CPU: iCpuSet=0x1 idCpu=0x1 idApic=0x1 iGipCpu=0x2 i64TSCDelta=0 enmState=3 u64CpuHz=1396820810(*) cErrors=0
00:00:03.512072 TM: GIP - CPU: iCpuSet=0x2 idCpu=0x2 idApic=0x2 iGipCpu=0x1 i64TSCDelta=0 enmState=3 u64CpuHz=1396829839(*) cErrors=0
00:00:03.512172 TM: GIP - CPU: iCpuSet=0x3 idCpu=0x3 idApic=0x3 iGipCpu=0x3 i64TSCDelta=0 enmState=3 u64CpuHz=1396826883(*) cErrors=0
00:00:03.512393 TM: cTSCTicksPerSecond=1 396 827 085 (0x5341e3cd) enmTSCMode=3 (Dynamic)
00:00:03.512397 TM: TSCTiedToExecution=false TSCNotTiedToHalt=false
00:00:03.514060 VMM: CoreCode: R3=0000000004a20000 R0=ffffd00021483000 RC=a0ffa000 Phys=00000000d15ed000 cb=0x1000
00:00:03.514839 IEM: TargetCpu=CURRENT, Microarch=Intel_Core7_SandyBridge
00:00:03.515649 GIM: Using provider 'None' (Implementation version: 0)
00:00:03.515883 AIOMgr: Default manager type is 'Async'
00:00:03.515896 AIOMgr: Default file backend is 'NonBuffered'
00:00:03.516513 BlkCache: Cache successfully initialized. Cache size is 5242880 bytes
00:00:03.516540 BlkCache: Cache commit interval is 10000 ms
00:00:03.516548 BlkCache: Cache commit threshold is 2621440 bytes
00:00:04.196852 PcBios: [SMP] BIOS with 1 CPUs
00:00:04.197043 PcBios: Using the 386+ BIOS image.
00:00:04.197874 PcBios: MPS table at 000e1300
00:00:04.200722 PcBios: fCheckShutdownStatusForSoftReset=true   fClearShutdownStatusOnHardReset=true 
00:00:04.263687 SUP: Loaded VBoxDDR0.r0 (C:\Program Files\Oracle\VirtualBox\VBoxDDR0.r0) at 0xfffff80168d31000 - ModuleInit at 0000000000000000 and ModuleTerm at 0000000000000000 using the native ring-0 loader
00:00:04.263725 SUP: windbg> .reload /f C:\Program Files\Oracle\VirtualBox\VBoxDDR0.r0=0xfffff80168d31000
00:00:04.265435 CPUM: SetGuestCpuIdFeature: Enabled xAPIC
00:00:04.266595 IOAPIC: Using implementation 2.0!
00:00:04.266900 PIT: mode=3 count=0x10000 (65536) - 18.20 Hz (ch=0)
00:00:04.290763 Shared Folders service loaded
00:00:04.300538 VGA: Using the 386+ BIOS image.
00:00:04.310840 DrvVD: Flushes will be ignored
00:00:04.310872 DrvVD: Async flushes will be passed to the disk
00:00:04.311353 VD: VDInit finished
00:00:04.355749 VD: Opening the disk took 44818319 ns
00:00:04.355906 AHCI: LUN#0: disk, PCHS=16383/16/63, total number of sectors 83886080
00:00:04.355906 AHCI: LUN#0: using normal I/O
00:00:04.356406 AHCI#0: Reset the HBA
00:00:04.356631 E1000#0 Chip=82540EM LinkUpDelay=5000ms EthernetCRC=on GSO=enabled Itr=enabled ItrRx=enabled R0=enabled GC=enabled
00:00:04.384390 NAT: Guest address guess set to 10.0.2.15 by initialization
00:00:04.511127 NAT: Set redirect TCP 127.0.0.1:2222 -> 0.0.0.0:22
00:00:04.511260 NAT: Set redirect TCP 0.0.0.0:27017 -> 0.0.0.0:27017
00:00:04.511366 NAT: Set redirect TCP 0.0.0.0:7077 -> 0.0.0.0:7077
00:00:04.511473 NAT: Set redirect TCP 0.0.0.0:8080 -> 0.0.0.0:8080
00:00:04.514497 PGM: The CPU physical address width is 36 bits
00:00:04.514530 PGM: PGMR3InitFinalize: 4 MB PSE mask 0000000fffffffff
00:00:04.514910 TM: TMR3InitFinalize: fTSCModeSwitchAllowed=false
00:00:04.566356 VMM: Thread-context hooks unavailable
00:00:04.569545 HM: Using VT-x implementation 2.0
00:00:04.569547 HM: Host CR4                        = 0x406f8
00:00:04.569550 HM: Host EFER                       = 0xd01
00:00:04.569552 HM: MSR_IA32_SMM_MONITOR_CTL        = 0x0
00:00:04.569553 HM: MSR_IA32_FEATURE_CONTROL        = 0x5
00:00:04.569554 HM: MSR_IA32_VMX_BASIC_INFO         = 0xda040000000010
00:00:04.569557 HM:   VMCS id                         = 0x10
00:00:04.569558 HM:   VMCS size                       = 1024 bytes
00:00:04.569560 HM:   VMCS physical address limit     = None
00:00:04.569561 HM:   VMCS memory type                = 0x6
00:00:04.569562 HM:   Dual-monitor treatment support  = true 
00:00:04.569564 HM:   OUTS & INS instruction-info     = true 
00:00:04.569565 HM: Max resume loops                = 1024
00:00:04.569566 HM: MSR_IA32_VMX_PINBASED_CTLS      = 0x7f00000016
00:00:04.569568 HM:   EXT_INT_EXIT
00:00:04.569569 HM:   NMI_EXIT
00:00:04.569570 HM:   VIRTUAL_NMI
00:00:04.569571 HM:   PREEMPT_TIMER
00:00:04.569572 HM:   POSTED_INTR (must be cleared)
00:00:04.569572 HM: MSR_IA32_VMX_PROCBASED_CTLS     = 0xfff9fffe0401e172
00:00:04.569575 HM:   INT_WINDOW_EXIT
00:00:04.569575 HM:   USE_TSC_OFFSETTING
00:00:04.569576 HM:   HLT_EXIT
00:00:04.569577 HM:   INVLPG_EXIT
00:00:04.569578 HM:   MWAIT_EXIT
00:00:04.569579 HM:   RDPMC_EXIT
00:00:04.569579 HM:   RDTSC_EXIT
00:00:04.569580 HM:   CR3_LOAD_EXIT (must be set)
00:00:04.569581 HM:   CR3_STORE_EXIT (must be set)
00:00:04.569582 HM:   CR8_LOAD_EXIT
00:00:04.569583 HM:   CR8_STORE_EXIT
00:00:04.569584 HM:   USE_TPR_SHADOW
00:00:04.569584 HM:   NMI_WINDOW_EXIT
00:00:04.569585 HM:   MOV_DR_EXIT
00:00:04.569586 HM:   UNCOND_IO_EXIT
00:00:04.569587 HM:   USE_IO_BITMAPS
00:00:04.569588 HM:   MONITOR_TRAP_FLAG
00:00:04.569588 HM:   USE_MSR_BITMAPS
00:00:04.569589 HM:   MONITOR_EXIT
00:00:04.569590 HM:   PAUSE_EXIT
00:00:04.569591 HM:   USE_SECONDARY_EXEC_CTRL
00:00:04.569624 HM: MSR_IA32_VMX_PROCBASED_CTLS2    = 0xff00000000
00:00:04.569626 HM:   VIRT_APIC
00:00:04.569627 HM:   EPT
00:00:04.569627 HM:   DESCRIPTOR_TABLE_EXIT
00:00:04.569628 HM:   RDTSCP
00:00:04.569629 HM:   VIRT_X2APIC
00:00:04.569630 HM:   VPID
00:00:04.569631 HM:   WBINVD_EXIT
00:00:04.569631 HM:   UNRESTRICTED_GUEST
00:00:04.569664 HM:   APIC_REG_VIRT (must be cleared)
00:00:04.569665 HM:   VIRT_INTR_DELIVERY (must be cleared)
00:00:04.569666 HM:   PAUSE_LOOP_EXIT (must be cleared)
00:00:04.569667 HM:   RDRAND_EXIT (must be cleared)
00:00:04.569668 HM:   INVPCID (must be cleared)
00:00:04.569669 HM:   VMFUNC (must be cleared)
00:00:04.569670 HM:   VMCS_SHADOWING (must be cleared)
00:00:04.569671 HM:   ENCLS_EXIT (must be cleared)
00:00:04.569671 HM:   RDSEED_EXIT (must be cleared)
00:00:04.569672 HM:   PML (must be cleared)
00:00:04.569673 HM:   EPT_VE (must be cleared)
00:00:04.569674 HM:   CONCEAL_FROM_PT (must be cleared)
00:00:04.569675 HM:   XSAVES_XRSTORS (must be cleared)
00:00:04.569676 HM:   TSC_SCALING (must be cleared)
00:00:04.569676 HM: MSR_IA32_VMX_ENTRY_CTLS         = 0xffff000011ff
00:00:04.569678 HM:   LOAD_DEBUG (must be set)
00:00:04.569679 HM:   IA32E_MODE_GUEST
00:00:04.569680 HM:   ENTRY_SMM
00:00:04.569681 HM:   DEACTIVATE_DUALMON
00:00:04.569682 HM:   LOAD_GUEST_PERF_MSR
00:00:04.569683 HM:   LOAD_GUEST_PAT_MSR
00:00:04.569683 HM:   LOAD_GUEST_EFER_MSR
00:00:04.569684 HM: MSR_IA32_VMX_EXIT_CTLS          = 0x7fffff00036dff
00:00:04.569686 HM:   SAVE_DEBUG (must be set)
00:00:04.569687 HM:   HOST_ADDR_SPACE_SIZE
00:00:04.569688 HM:   LOAD_PERF_MSR
00:00:04.569689 HM:   ACK_EXT_INT
00:00:04.569690 HM:   SAVE_GUEST_PAT_MSR
00:00:04.569690 HM:   LOAD_HOST_PAT_MSR
00:00:04.569691 HM:   SAVE_GUEST_EFER_MSR
00:00:04.569692 HM:   LOAD_HOST_EFER_MSR
00:00:04.569693 HM:   SAVE_VMX_PREEMPT_TIMER
00:00:04.569694 HM: MSR_IA32_VMX_EPT_VPID_CAP       = 0xf0106114141
00:00:04.569695 HM:   RWX_X_ONLY
00:00:04.569696 HM:   PAGE_WALK_LENGTH_4
00:00:04.569697 HM:   EMT_UC
00:00:04.569698 HM:   EMT_WB
00:00:04.569699 HM:   PDE_2M
00:00:04.569699 HM:   INVEPT
00:00:04.569700 HM:   INVEPT_SINGLE_CONTEXT
00:00:04.569701 HM:   INVEPT_ALL_CONTEXTS
00:00:04.569702 HM:   INVVPID
00:00:04.569703 HM:   INVVPID_INDIV_ADDR
00:00:04.569703 HM:   INVVPID_SINGLE_CONTEXT
00:00:04.569704 HM:   INVVPID_ALL_CONTEXTS
00:00:04.569705 HM:   INVVPID_SINGLE_CONTEXT_RETAIN_GLOBALS
00:00:04.569706 HM: MSR_IA32_VMX_MISC               = 0x100401e5
00:00:04.569708 HM:   PREEMPT_TSC_BIT                 = 0x5
00:00:04.569709 HM:   STORE_EFERLMA_VMEXIT            = true 
00:00:04.569710 HM:   ACTIVITY_STATES                 = 0x7
00:00:04.569711 HM:   CR3_TARGET                      = 0x4
00:00:04.569712 HM:   MAX_MSR                         = 512
00:00:04.569713 HM:   RDMSR_SMBASE_MSR_SMM            = false
00:00:04.569715 HM:   SMM_MONITOR_CTL_B2              = true 
00:00:04.569716 HM:   VMWRITE_VMEXIT_INFO             = false
00:00:04.569717 HM:   MSEG_ID                         = 0x0
00:00:04.569718 HM: MSR_IA32_VMX_CR0_FIXED0         = 0x80000021
00:00:04.569719 HM: MSR_IA32_VMX_CR0_FIXED1         = 0xffffffff
00:00:04.569721 HM: MSR_IA32_VMX_CR4_FIXED0         = 0x2000
00:00:04.569722 HM: MSR_IA32_VMX_CR4_FIXED1         = 0x627ff
00:00:04.569724 HM: MSR_IA32_VMX_VMCS_ENUM          = 0x2a
00:00:04.569725 HM:   HIGHEST_INDEX                   = 0x15
00:00:04.569726 HM: APIC-access page physaddr       = 0x00000000d15ea000
00:00:04.569728 HM: VCPU  0: MSR bitmap physaddr    = 0x00000000d15e6000
00:00:04.569730 HM: VCPU  0: VMCS physaddr          = 0x00000000d15e9000
00:00:04.569732 HM: Guest support: 32-bit and 64-bit
00:00:04.569743 HM: Supports VMCS EFER fields       = true 
00:00:04.569745 HM: Enabled VMX
00:00:04.569749 CPUM: SetGuestCpuIdFeature: Enabled SYSENTER/EXIT
00:00:04.569750 CPUM: SetGuestCpuIdFeature: Enabled PAE
00:00:04.569751 CPUM: SetGuestCpuIdFeature: Enabled LONG MODE
00:00:04.569752 CPUM: SetGuestCpuIdFeature: Enabled SYSCALL/RET
00:00:04.569753 CPUM: SetGuestCpuIdFeature: Enabled LAHF/SAHF
00:00:04.569754 CPUM: SetGuestCpuIdFeature: Enabled NX
00:00:04.569755 HM: Enabled nested paging
00:00:04.569756 HM:   EPT flush type                = VMXFLUSHEPT_SINGLE_CONTEXT
00:00:04.569757 HM: Enabled unrestricted guest execution
00:00:04.569758 HM: Enabled VPID
00:00:04.569758 HM:   VPID flush type               = VMXFLUSHVPID_SINGLE_CONTEXT
00:00:04.569760 HM: Enabled VMX-preemption timer (cPreemptTimerShift=5)
00:00:04.569761 HM: VT-x/AMD-V init method: LOCAL
00:00:04.569797 CPUM: VCPU  0: Cached APIC base MSR = 0xfee00900
00:00:04.569913 VMM: fUsePeriodicPreemptionTimers=false
00:00:04.570025 CPUM: Logical host processors: 4 present, 4 max, 4 online, online mask: 000000000000000f
00:00:04.570029 CPUM: Physical host cores: 2
00:00:04.570030 ************************* CPUID dump ************************
00:00:04.570103          Raw Standard CPUID Leaves
00:00:04.570104      Leaf/sub-leaf  eax      ebx      ecx      edx
00:00:04.570138 Gst: 00000000/0000  0000000d 756e6547 6c65746e 49656e69
00:00:04.570141 Hst:                0000000d 756e6547 6c65746e 49656e69
00:00:04.570144 Gst: 00000001/0000  000206a7 00000800 1498220b 078bfbff
00:00:04.570146 Hst:                000206a7 03100800 1dbae3bf bfebfbff
00:00:04.570149 Gst: 00000002/0000  76035a01 00f0b2ff 00000000 00ca0000
00:00:04.570151 Hst:                76035a01 00f0b2ff 00000000 00ca0000
00:00:04.570154 Gst: 00000003/0000  00000000 00000000 00000000 00000000
00:00:04.570155 Hst:                00000000 00000000 00000000 00000000
00:00:04.570157 Gst: 00000004/0000  00000121 01c0003f 0000003f 00000000
00:00:04.570160 Hst:                1c004121 01c0003f 0000003f 00000000
00:00:04.570162 Gst: 00000004/0001  00000122 01c0003f 0000003f 00000000
00:00:04.570164 Hst:                1c004122 01c0003f 0000003f 00000000
00:00:04.570166 Gst: 00000004/0002  00000143 01c0003f 000001ff 00000000
00:00:04.570168 Hst:                1c004143 01c0003f 000001ff 00000000
00:00:04.570170 Gst: 00000004/0003  00000163 02c0003f 00000fff 00000006
00:00:04.570172 Hst:                1c03c163 02c0003f 00000fff 00000006
00:00:04.570174 Gst: 00000004/0004  00000000 00000000 00000000 00000000
00:00:04.570176 Hst:                00000000 00000000 00000000 00000000
00:00:04.570178 Gst: 00000005/0000  00000040 00000040 00000000 00000000
00:00:04.570179 Hst:                00000040 00000040 00000003 00021120
00:00:04.570182 Gst: 00000006/0000  00000000 00000000 00000000 00000000
00:00:04.570183 Hst:                00000075 00000002 00000009 00000000
00:00:04.570185 Gst: 00000007/0000  00000000 00000000 00000000 00000000
00:00:04.570187 Hst:                00000000 00000000 00000000 00000000
00:00:04.570188 Gst: 00000008/0000  00000000 00000000 00000000 00000000
00:00:04.570190 Hst:                00000000 00000000 00000000 00000000
00:00:04.570191 Gst: 00000009/0000  00000000 00000000 00000000 00000000
00:00:04.570193 Hst:                00000000 00000000 00000000 00000000
00:00:04.570195 Gst: 0000000a/0000  00000000 00000000 00000000 00000000
00:00:04.570196 Hst:                07300403 00000000 00000000 00000603
00:00:04.570198 Gst: 0000000b/0000  00000000 00000001 00000100 00000000
00:00:04.570200 Hst:                00000001 00000002 00000100 00000003
00:00:04.570201 Gst: 0000000b/0001  00000001 00000001 00000201 00000000
00:00:04.570203 Hst:                00000004 00000004 00000201 00000003
00:00:04.570205 Gst: 0000000b/0002  00000000 00000000 00000002 00000000
00:00:04.570206 Hst:                00000000 00000000 00000002 00000003
00:00:04.570208 Gst: 0000000c/0000  00000000 00000000 00000000 00000000
00:00:04.570210 Hst:                00000000 00000000 00000000 00000000
00:00:04.570211 Gst: 0000000d/0000  00000007 00000340 00000340 00000000
00:00:04.570213 Hst:                00000007 00000340 00000340 00000000
00:00:04.570215 Gst: 0000000d/0001  00000000 00000000 00000000 00000000
00:00:04.570216 Hst:                00000001 00000000 00000000 00000000
00:00:04.570218 Gst: 0000000d/0002  00000100 00000240 00000000 00000000
00:00:04.570220 Hst:                00000100 00000240 00000000 00000000
00:00:04.570221 Gst: 0000000d/0003  00000000 00000000 00000000 00000000
00:00:04.570223 Hst:                00000000 00000000 00000000 00000000
00:00:04.570253                                Name: GenuineIntel
00:00:04.570256                            Supports: 0x00000000-0x0000000d
00:00:04.570322                              Family:  6 	Extended: 0 	Effective: 6
00:00:04.570325                               Model: 10 	Extended: 2 	Effective: 42
00:00:04.570328                            Stepping: 7
00:00:04.570330                                Type: 0 (primary)
00:00:04.570332                             APIC ID: 0x00
00:00:04.570334                        Logical CPUs: 0
00:00:04.570336                        CLFLUSH Size: 8
00:00:04.570337                            Brand ID: 0x00
00:00:04.570339 Features
00:00:04.570340   Mnemonic - Description                                  = guest (host)
00:00:04.570341   FPU - x87 FPU on Chip                                   = 1 (1)
00:00:04.570345   VME - Virtual 8086 Mode Enhancements                    = 1 (1)
00:00:04.570347   DE - Debugging extensions                               = 1 (1)
00:00:04.570349   PSE - Page Size Extension                               = 1 (1)
00:00:04.570352   TSC - Time Stamp Counter                                = 1 (1)
00:00:04.570354   MSR - Model Specific Registers                          = 1 (1)
00:00:04.570356   PAE - Physical Address Extension                        = 1 (1)
00:00:04.570358   MCE - Machine Check Exception                           = 1 (1)
00:00:04.570361   CX8 - CMPXCHG8B instruction                             = 1 (1)
00:00:04.570363   APIC - APIC On-Chip                                     = 1 (1)
00:00:04.570365   SEP - SYSENTER and SYSEXIT Present                      = 1 (1)
00:00:04.570368   MTRR - Memory Type Range Registers                      = 1 (1)
00:00:04.570371   PGE - PTE Global Bit                                    = 1 (1)
00:00:04.570377   MCA - Machine Check Architecture                        = 1 (1)
00:00:04.570380   CMOV - Conditional Move instructions                    = 1 (1)
00:00:04.570383   PAT - Page Attribute Table                              = 1 (1)
00:00:04.570387   PSE-36 - 36-bit Page Size Extension                     = 1 (1)
00:00:04.570389   PSN - Processor Serial Number                           = 0 (0)
00:00:04.570391   CLFSH - CLFLUSH instruction                             = 1 (1)
00:00:04.570394   DS - Debug Store                                        = 0 (1)
00:00:04.570396   ACPI - Thermal Mon. & Soft. Clock Ctrl.                 = 0 (1)
00:00:04.570398   MMX - Intel MMX Technology                              = 1 (1)
00:00:04.570401   FXSR - FXSAVE and FXRSTOR instructions                  = 1 (1)
00:00:04.570403   SSE - SSE support                                       = 1 (1)
00:00:04.570405   SSE2 - SSE2 support                                     = 1 (1)
00:00:04.570408   SS - Self Snoop                                         = 0 (1)
00:00:04.570410   HTT - Hyper-Threading Technology                        = 0 (1)
00:00:04.570412   TM - Therm. Monitor                                     = 0 (1)
00:00:04.570415   PBE - Pending Break Enabled                             = 0 (1)
00:00:04.570417   SSE3 - SSE3 support                                     = 1 (1)
00:00:04.570419   PCLMUL - PCLMULQDQ support (for AES-GCM)                = 1 (1)
00:00:04.570421   DTES64 - DS Area 64-bit Layout                          = 0 (1)
00:00:04.570424   MONITOR - MONITOR/MWAIT instructions                    = 1 (1)
00:00:04.570426   CPL-DS - CPL Qualified Debug Store                      = 0 (1)
00:00:04.570428   VMX - Virtual Machine Extensions                        = 0 (1)
00:00:04.570430   SMX - Safer Mode Extensions                             = 0 (0)
00:00:04.570432   EST - Enhanced SpeedStep Technology                     = 0 (1)
00:00:04.570434   TM2 - Terminal Monitor 2                                = 0 (1)
00:00:04.570437   SSSE3 - Supplemental Streaming SIMD Extensions 3        = 1 (1)
00:00:04.570439   CNTX-ID - L1 Context ID                                 = 0 (0)
00:00:04.570441   SDBG - Silicon Debug interface                          = 0 (0)
00:00:04.570443   FMA - Fused Multiply Add extensions                     = 0 (0)
00:00:04.570445   CX16 - CMPXCHG16B instruction                           = 1 (1)
00:00:04.570448   TPRUPDATE - xTPR Update Control                         = 0 (1)
00:00:04.570450   PDCM - Perf/Debug Capability MSR                        = 0 (1)
00:00:04.570452   PCID - Process Context Identifiers                      = 0 (1)
00:00:04.570454   DCA - Direct Cache Access                               = 0 (0)
00:00:04.570457   SSE4_1 - SSE4_1 support                                 = 1 (1)
00:00:04.570459   SSE4_2 - SSE4_2 support                                 = 1 (1)
00:00:04.570461   X2APIC - x2APIC support                                 = 0 (1)
00:00:04.570464   MOVBE - MOVBE instruction                               = 0 (0)
00:00:04.570466   POPCNT - POPCNT instruction                             = 1 (1)
00:00:04.570468   TSCDEADL - Time Stamp Counter Deadline                  = 0 (1)
00:00:04.570470   AES - AES instructions                                  = 0 (0)
00:00:04.570473   XSAVE - XSAVE instruction                               = 1 (1)
00:00:04.570475   OSXSAVE - OSXSAVE instruction                           = 0 (1)
00:00:04.570477   AVX - AVX support                                       = 1 (1)
00:00:04.570480   F16C - 16-bit floating point conversion instructions    = 0 (0)
00:00:04.570481   RDRAND - RDRAND instruction                             = 0 (0)
00:00:04.570484   HVP - Hypervisor Present (we're a guest)                = 0 (0)
00:00:04.570486 Structured Extended Feature Flags Enumeration (leaf 7):
00:00:04.570487   Mnemonic - Description                                  = guest (host)
00:00:04.570524   FSGSBASE - RDFSBASE/RDGSBASE/WRFSBASE/WRGSBASE instr.   = 0 (0)
00:00:04.570526   TSCADJUST - Supports MSR_IA32_TSC_ADJUST                = 0 (0)
00:00:04.570528   SGX - Supports Software Guard Extensions                = 0 (0)
00:00:04.570530   BMI1 - Advanced Bit Manipulation extension 1            = 0 (0)
00:00:04.570532   HLE - Hardware Lock Elision                             = 0 (0)
00:00:04.570534   AVX2 - Advanced Vector Extensions 2                     = 0 (0)
00:00:04.570536   FDP_EXCPTN_ONLY - FPU DP only updated on exceptions     = 0 (0)
00:00:04.570538   SMEP - Supervisor Mode Execution Prevention             = 0 (0)
00:00:04.570540   BMI2 - Advanced Bit Manipulation extension 2            = 0 (0)
00:00:04.570542   ERMS - Enhanced REP MOVSB/STOSB instructions            = 0 (0)
00:00:04.570544   INVPCID - INVPCID instruction                           = 0 (0)
00:00:04.570546   RTM - Restricted Transactional Memory                   = 0 (0)
00:00:04.570548   PQM - Platform Quality of Service Monitoring            = 0 (0)
00:00:04.570550   DEPFPU_CS_DS - Deprecates FPU CS, FPU DS values if set  = 0 (0)
00:00:04.570552   MPE - Intel Memory Protection Extensions                = 0 (0)
00:00:04.570554   PQE - Platform Quality of Service Enforcement           = 0 (0)
00:00:04.570556   AVX512F - AVX512 Foundation instructions                = 0 (0)
00:00:04.570558   RDSEED - RDSEED instruction                             = 0 (0)
00:00:04.570560   ADX - ADCX/ADOX instructions                            = 0 (0)
00:00:04.570562   SMAP - Supervisor Mode Access Prevention                = 0 (0)
00:00:04.570564   CLFLUSHOPT - CLFLUSHOPT (Cache Line Flush) instruction  = 0 (0)
00:00:04.570566   INTEL_PT - Intel Processor Trace                        = 0 (0)
00:00:04.570568   AVX512PF - AVX512 Prefetch instructions                 = 0 (0)
00:00:04.570570   AVX512ER - AVX512 Exponential & Reciprocal instructions = 0 (0)
00:00:04.570572   AVX512CD - AVX512 Conflict Detection instructions       = 0 (0)
00:00:04.570574   SHA - Secure Hash Algorithm extensions                  = 0 (0)
00:00:04.570576   PREFETCHWT1 - PREFETCHWT1 instruction                   = 0 (0)
00:00:04.570578   PKU - Protection Key for Usermode pages                 = 0 (0)
00:00:04.570580   OSPKU - CR4.PKU mirror                                  = 0 (0)
00:00:04.570583 Processor Extended State Enumeration (leaf 0xd):
00:00:04.570584    XSAVE area cur/max size by XCR0, guest: 0x340/0x340
00:00:04.570586     XSAVE area cur/max size by XCR0, host: 0x340/0x340
00:00:04.570588                    Valid XCR0 bits, guest: 0x00000000`00000007 ( x87 SSE YMM_Hi128 )
00:00:04.570592                     Valid XCR0 bits, host: 0x00000000`00000007 ( x87 SSE YMM_Hi128 )
00:00:04.570596                     XSAVE features, guest:
00:00:04.570597                      XSAVE features, host: XSAVEOPT
00:00:04.570599       XSAVE area cur size XCR0|XSS, guest: 0x0
00:00:04.570601        XSAVE area cur size XCR0|XSS, host: 0x0
00:00:04.570602                Valid IA32_XSS bits, guest: 0x00000000`00000000
00:00:04.570604                 Valid IA32_XSS bits, host: 0x00000000`00000000
00:00:04.570606   State #2, guest: off=0x0240, cb=0x0100 IA32_XSS-bit -- YMM_Hi128
00:00:04.570609   State #2, host:  off=0x0240, cb=0x0100 IA32_XSS-bit -- YMM_Hi128
00:00:04.570627          Raw Extended CPUID Leaves
00:00:04.570628      Leaf/sub-leaf  eax      ebx      ecx      edx
00:00:04.570629 Gst: 80000000/0000  80000008 00000000 00000000 00000000
00:00:04.570631 Hst:                80000008 00000000 00000000 00000000
00:00:04.570633 Gst: 80000001/0000  00000000 00000000 00000001 28100800
00:00:04.570635 Hst:                00000000 00000000 00000001 28100800
00:00:04.570638 Gst: 80000002/0000  20202020 49202020 6c65746e 20295228
00:00:04.570640 Hst:                20202020 49202020 6c65746e 20295228
00:00:04.570643 Gst: 80000003/0000  65726f43 294d5428 2d336920 35363332
00:00:04.570645 Hst:                65726f43 294d5428 2d336920 35363332
00:00:04.570648 Gst: 80000004/0000  5043204d 20402055 30342e31 007a4847
00:00:04.570651 Hst:                5043204d 20402055 30342e31 007a4847
00:00:04.570653 Gst: 80000005/0000  00000000 00000000 00000000 00000000
00:00:04.570655 Hst:                00000000 00000000 00000000 00000000
00:00:04.570656 Gst: 80000006/0000  00000000 00000000 01006040 00000000
00:00:04.570658 Hst:                00000000 00000000 01006040 00000000
00:00:04.570660 Gst: 80000007/0000  00000000 00000000 00000000 00000100
00:00:04.570662 Hst:                00000000 00000000 00000000 00000100
00:00:04.570664 Gst: 80000008/0000  00003024 00000000 00000000 00000000
00:00:04.570666 Hst:                00003024 00000000 00000000 00000000
00:00:04.570668 Ext Name:                        
00:00:04.570669 Ext Supports:                    0x80000000-0x80000008
00:00:04.570702 Family:                          0  	Extended: 0 	Effective: 0
00:00:04.570704 Model:                           0  	Extended: 0 	Effective: 0
00:00:04.570705 Stepping:                        0
00:00:04.570706 Brand ID:                        0x000
00:00:04.570707 Ext Features
00:00:04.570708   Mnemonic - Description                                  = guest (host)
00:00:04.570709   FPU - x87 FPU on Chip                                   = 0 (0)
00:00:04.570712   VME - Virtual 8086 Mode Enhancements                    = 0 (0)
00:00:04.570714   DE - Debugging extensions                               = 0 (0)
00:00:04.570716   PSE - Page Size Extension                               = 0 (0)
00:00:04.570719   TSC - Time Stamp Counter                                = 0 (0)
00:00:04.570721   MSR - K86 Model Specific Registers                      = 0 (0)
00:00:04.570723   PAE - Physical Address Extension                        = 0 (0)
00:00:04.570725   MCE - Machine Check Exception                           = 0 (0)
00:00:04.570728   CX8 - CMPXCHG8B instruction                             = 0 (0)
00:00:04.570730   APIC - APIC On-Chip                                     = 0 (0)
00:00:04.570732   SEP - SYSCALL/SYSRET                                    = 1 (1)
00:00:04.570735   MTRR - Memory Type Range Registers                      = 0 (0)
00:00:04.570737   PGE - PTE Global Bit                                    = 0 (0)
00:00:04.570739   MCA - Machine Check Architecture                        = 0 (0)
00:00:04.570741   CMOV - Conditional Move instructions                    = 0 (0)
00:00:04.570743   PAT - Page Attribute Table                              = 0 (0)
00:00:04.570746   PSE-36 - 36-bit Page Size Extension                     = 0 (0)
00:00:04.570748   NX - No-Execute/Execute-Disable                         = 1 (1)
00:00:04.570750   AXMMX - AMD Extensions to MMX instructions              = 0 (0)
00:00:04.570752   MMX - Intel MMX Technology                              = 0 (0)
00:00:04.570754   FXSR - FXSAVE and FXRSTOR Instructions                  = 0 (0)
00:00:04.570756   FFXSR - AMD fast FXSAVE and FXRSTOR instructions        = 0 (0)
00:00:04.570758   Page1GB - 1 GB large page                               = 0 (0)
00:00:04.570761   RDTSCP - RDTSCP instruction                             = 1 (1)
00:00:04.570763   LM - AMD64 Long Mode                                    = 1 (1)
00:00:04.570765   3DNOWEXT - AMD Extensions to 3DNow                      = 0 (0)
00:00:04.570767   3DNOW - AMD 3DNow                                       = 0 (0)
00:00:04.570770   LahfSahf - LAHF/SAHF support in 64-bit mode             = 1 (1)
00:00:04.570772   CmpLegacy - Core multi-processing legacy mode           = 0 (0)
00:00:04.570774   SVM - AMD VM extensions                                 = 0 (0)
00:00:04.570776   EXTAPIC - AMD Extended APIC registers                   = 0 (0)
00:00:04.570778   CR8L - AMD LOCK MOV CR0 means MOV CR8                   = 0 (0)
00:00:04.570780   ABM - AMD Advanced Bit Manipulation                     = 0 (0)
00:00:04.570782   SSE4A - SSE4A instructions                              = 0 (0)
00:00:04.570785   MISALIGNSSE - AMD Misaligned SSE mode                   = 0 (0)
00:00:04.570787   3DNOWPRF - AMD PREFETCH and PREFETCHW instructions      = 0 (0)
00:00:04.570789   OSVW - AMD OS Visible Workaround                        = 0 (0)
00:00:04.570791   IBS - Instruct Based Sampling                           = 0 (0)
00:00:04.570793   XOP - Extended Operation support                        = 0 (0)
00:00:04.570795   SKINIT - SKINIT, STGI, and DEV support                  = 0 (0)
00:00:04.570797   WDT - AMD Watchdog Timer support                        = 0 (0)
00:00:04.570799   LWP - Lightweight Profiling support                     = 0 (0)
00:00:04.570801   FMA4 - Four operand FMA instruction support             = 0 (0)
00:00:04.570803   NodeId - NodeId in MSR C001_100C                        = 0 (0)
00:00:04.570805   TBM - Trailing Bit Manipulation instructions            = 0 (0)
00:00:04.570807   TOPOEXT - Topology Extensions                           = 0 (0)
00:00:04.570810 Full Name:                       "       Intel(R) Core(TM) i3-2365M CPU @ 1.40GHz"
00:00:04.570812 TLB 2/4M Instr/Uni:              res0     0 entries
00:00:04.570813 TLB 2/4M Data:                   res0     0 entries
00:00:04.570814 TLB 4K Instr/Uni:                res0     0 entries
00:00:04.570816 TLB 4K Data:                     res0     0 entries
00:00:04.570817 L1 Instr Cache Line Size:        0 bytes
00:00:04.570818 L1 Instr Cache Lines Per Tag:    0
00:00:04.570819 L1 Instr Cache Associativity:    res0  
00:00:04.570819 L1 Instr Cache Size:             0 KB
00:00:04.570821 L1 Data Cache Line Size:         0 bytes
00:00:04.570821 L1 Data Cache Lines Per Tag:     0
00:00:04.570822 L1 Data Cache Associativity:     res0  
00:00:04.570823 L1 Data Cache Size:              0 KB
00:00:04.570824 L2 TLB 2/4M Instr/Uni:           off       0 entries
00:00:04.570826 L2 TLB 2/4M Data:                off       0 entries
00:00:04.570827 L2 TLB 4K Instr/Uni:             off       0 entries
00:00:04.570828 L2 TLB 4K Data:                  off       0 entries
00:00:04.570829 L2 Cache Line Size:              0 bytes
00:00:04.570830 L2 Cache Lines Per Tag:          0
00:00:04.570831 L2 Cache Associativity:          off   
00:00:04.570832 L2 Cache Size:                   0 KB
00:00:04.570833 APM Features:                    TscInvariant
00:00:04.570834 Host Invariant-TSC support:      true 
00:00:04.570836 Physical Address Width:          36 bits
00:00:04.570837 Virtual Address Width:           48 bits
00:00:04.570838 Guest Physical Address Width:    0 bits
00:00:04.570839 Physical Core Count:             1
00:00:04.570841 
00:00:04.570842 ******************** End of CPUID dump **********************
00:00:04.615666 PcBios: SATA LUN#0 LCHS=1024/255/63
00:00:04.615733 APIC: fPostedIntrsEnabled=false fVirtApicRegsEnabled=false fSupportsTscDeadline=false
00:00:04.615750 VMEmt: Halt method global1 (5)
00:00:04.615803 VMEmt: HaltedGlobal1 config: cNsSpinBlockThresholdCfg=50000
00:00:04.615846 Changing the VM state from 'CREATING' to 'CREATED'
00:00:04.616995 SharedFolders host service: Adding host mapping
00:00:04.617026     Host path '\\?\E:\Working\CS\TODO\Ubuntu\Vagrantfile', map name 'vagrant', writable, automount=false, create_symlinks=true, missing=false
00:00:04.617328 Changing the VM state from 'CREATED' to 'POWERING_ON'
00:00:04.618108 Changing the VM state from 'POWERING_ON' to 'RUNNING'
00:00:04.618145 Console: Machine state changed to 'Running'
00:00:04.629929 VMMDev: Guest Log: BIOS: VirtualBox 5.1.14
00:00:04.632909 PIT: mode=2 count=0x10000 (65536) - 18.20 Hz (ch=0)
00:00:04.641207 Display::handleDisplayResize: uScreenId=0 pvVRAM=0000000000000000 w=720 h=400 bpp=0 cbLine=0x0 flags=0x1
00:00:04.675565 AHCI#0: Reset the HBA
00:00:04.675724 AHCI#0: Port 0 reset
00:00:04.677676 VMMDev: Guest Log: BIOS: AHCI 0-P#0: PCHS=16383/16/63 LCHS=1024/255/63 0x0000000005000000 sectors
00:00:04.679767 PIT: mode=2 count=0x48d3 (18643) - 64.00 Hz (ch=0)
00:00:04.685444 Display::handleDisplayResize: uScreenId=0 pvVRAM=000000000b670000 w=640 h=480 bpp=32 cbLine=0xA00 flags=0x1
00:00:07.162195 Display::handleDisplayResize: uScreenId=0 pvVRAM=0000000000000000 w=720 h=400 bpp=0 cbLine=0x0 flags=0x1
00:00:07.167679 PIT: mode=2 count=0x10000 (65536) - 18.20 Hz (ch=0)
00:00:07.168239 VMMDev: Guest Log: BIOS: Boot : bseqnr=1, bootseq=0002
00:00:07.190226 VMMDev: Guest Log: BIOS: Booting from Hard Disk...
00:00:07.676876 NAT: Old socket recv size: 64KB
00:00:07.676923 NAT: Old socket send size: 64KB
00:00:09.391260 PIT: mode=2 count=0x12a5 (4773) - 249.98 Hz (ch=0)
00:00:09.863394 PIT: mode=0 count=0x10000 (65536) - 18.20 Hz (ch=0)
00:00:11.420650 AHCI#0: Reset the HBA
00:00:11.432597 AHCI#0: Port 0 reset
00:00:13.355834 NAT: Link up
00:00:26.019206 VMMDev: Guest Additions information report: Version 4.3.36 r105129 '4.3.36_Ubuntu'
00:00:26.019321 VMMDev: Guest Additions information report: Interface = 0x00010004 osType = 0x00053100 (Linux >= 2.6, 64-bit)
00:00:26.019579 VMMDev: Guest Additions capability report: (0x0 -> 0x0) seamless: no, hostWindowMapping: no, graphics: no
00:00:26.019870 VMMDev: Guest reported fixed hypervisor window at 00001800000 LB 0x3400000 (rc=VINF_SUCCESS)
00:00:26.057559 VMMDev: Guest Log: vboxguest: misc device minor 57, IRQ 20, I/O port d020, MMIO at 00000000f0400000 (size 0x400000)
00:00:27.785234 NAT: IPv6 not supported
00:00:27.799918 NAT: DHCP offered IP address 10.0.2.15
00:00:34.464926 VMMDev: Guest Log: VBoxService 4.3.36_Ubuntu r105129 (verbosity: 0) linux.amd64 (Jan 27 2016 11:57:44) release log
00:00:34.464971 VMMDev: Guest Log: 00:00:00.000294 main     Log opened 2017-05-06T13:46:44.231191000Z
00:00:34.469812 VMMDev: Guest Log: 00:00:00.005769 main     OS Product: Linux
00:00:34.469978 VMMDev: Guest Log: 00:00:00.005962 main     OS Release: 3.13.0-117-generic
00:00:34.470114 VMMDev: Guest Log: 00:00:00.006099 main     OS Version: #164-Ubuntu SMP Fri Apr 7 11:05:26 UTC 2017
00:00:34.470275 VMMDev: Guest Log: 00:00:00.006224 main     OS Service Pack: #164-Ubuntu SMP Fri Apr 7 11:05:26 UTC 2017
00:00:34.470416 VMMDev: Guest Log: 00:00:00.006397 main     Executable: /usr/sbin/VBoxService
00:00:34.470437 VMMDev: Guest Log: 00:00:00.006400 main     Process ID: 1041
00:00:34.470452 VMMDev: Guest Log: 00:00:00.006403 main     Package type: LINUX_64BITS_GENERIC (OSE)
00:00:34.477257 VMMDev: Guest Log: 00:00:00.013063 main     4.3.36_Ubuntu r105129 started. Verbose level = 0
00:01:43.512436 NAT: DNS#0: 192.168.0.1
