VirtualBox COM Server 5.1.14 r112924 win.amd64 (Jan 16 2017 16:36:58) release log
00:00:00.011994 main     Log opened 2017-05-12T10:54:05.743903600Z
00:00:00.011994 main     Build Type: release
00:00:00.011994 main     OS Product: Windows 8.1
00:00:00.011994 main     OS Release: 6.3.9600
00:00:00.011994 main     OS Service Pack: 
00:00:00.045015 main     DMI Product Name: Aspire V5-471P
00:00:00.059028 main     DMI Product Version: V2.13
00:00:00.059028 main     Host RAM: 3889MB (3.7GB) total, 2230MB (2.1GB) available
00:00:00.059028 main     Executable: C:\Program Files\Oracle\VirtualBox\VBoxSVC.exe
00:00:00.059028 main     Process ID: 3476
00:00:00.059028 main     Package type: WINDOWS_64BITS_GENERIC
00:00:00.063027          VirtualBox: object creation starts
00:00:00.063027          Home directory: 'C:\Users\Aspire\.VirtualBox'
00:00:00.063027          Installed Drivers:
00:00:00.069030            C:\WINDOWS\system32\DRIVERS\VBoxNetAdp6.sys (Version: 5.1.14.12924)
00:00:00.070031            C:\WINDOWS\system32\DRIVERS\VBoxNetLwf.sys (Version: 5.1.14.12924)
00:00:00.071032            C:\WINDOWS\system32\DRIVERS\VBoxUSBMon.sys (Version: 5.1.14.12924)
00:00:00.072032            C:\WINDOWS\system32\DRIVERS\VBoxDrv.sys (Version: 5.1.14.12924)
00:00:00.078036          Loading settings file "C:\Users\Aspire\.VirtualBox\VirtualBox.xml" with version "1.12-windows"
00:00:00.285411          Getting USB descriptor failed with error 31
00:00:00.290412          USB: Unknown USB device detected (idVendor: 0x0489, idProduct: 0xe04e). Please, report the idVendor and idProduct to virtualbox.org.
00:00:00.290412          USB: Unknown USB device detected (idVendor: 0x1bcf, idProduct: 0x2c17). Please, report the idVendor and idProduct to virtualbox.org.
00:00:00.326435          HostDnsMonitor: old information
00:00:00.326435            no server entries
00:00:00.326435            no domain set
00:00:00.326435            no search string entries
00:00:00.326435          HostDnsMonitor: new information
00:00:00.326435            server 1: 192.168.0.1
00:00:00.326435            no domain set
00:00:00.326435            no search string entries
00:00:00.326435          HostDnsMonitorProxy::notify
00:00:00.434508          VD: VDInit finished
00:00:00.436511          Loading settings file "C:\Users\Aspire\VirtualBox VMs\ubuntu-cloudimg-trusty-vagrant-amd64_1494586396388_2114\ubuntu-cloudimg-trusty-vagrant-amd64_1494586396388_2114.vbox" with version "1.12-windows"
00:00:00.438509          VirtualBox: object created
00:00:00.460526          ERROR [COM]: aRC=E_FAIL (0x80004005) aIID={b2547866-a0a1-4391-8b86-6952d82efaa0} aComponent={SessionMachine} aText={This machine does not have any snapshots}, preserve=false aResultDetail=0
00:00:00.668660          ERROR [COM]: aRC=E_FAIL (0x80004005) aIID={b2547866-a0a1-4391-8b86-6952d82efaa0} aComponent={SessionMachine} aText={This machine does not have any snapshots}, preserve=false aResultDetail=0
00:00:00.858809          ERROR [COM]: aRC=E_FAIL (0x80004005) aIID={b2547866-a0a1-4391-8b86-6952d82efaa0} aComponent={SessionMachine} aText={This machine does not have any snapshots}, preserve=false aResultDetail=0
00:00:02.314667          ERROR [COM]: aRC=E_FAIL (0x80004005) aIID={b2547866-a0a1-4391-8b86-6952d82efaa0} aComponent={SessionMachine} aText={This machine does not have any snapshots}, preserve=false aResultDetail=0
00:00:03.002076          ERROR [COM]: aRC=E_FAIL (0x80004005) aIID={b2547866-a0a1-4391-8b86-6952d82efaa0} aComponent={SessionMachine} aText={This machine does not have any snapshots}, preserve=false aResultDetail=0
00:00:03.115152          ERROR [COM]: aRC=E_FAIL (0x80004005) aIID={b2547866-a0a1-4391-8b86-6952d82efaa0} aComponent={SessionMachine} aText={This machine does not have any snapshots}, preserve=false aResultDetail=0
00:00:03.457690          ERROR [COM]: aRC=E_FAIL (0x80004005) aIID={b2547866-a0a1-4391-8b86-6952d82efaa0} aComponent={SessionMachine} aText={This machine does not have any snapshots}, preserve=false aResultDetail=0
00:00:08.187290          ERROR [COM]: aRC=E_FAIL (0x80004005) aIID={b2547866-a0a1-4391-8b86-6952d82efaa0} aComponent={SessionMachine} aText={This machine does not have any snapshots}, preserve=false aResultDetail=0
00:00:09.071505          ERROR [COM]: aRC=E_FAIL (0x80004005) aIID={b2547866-a0a1-4391-8b86-6952d82efaa0} aComponent={SessionMachine} aText={This machine does not have any snapshots}, preserve=false aResultDetail=0
00:00:18.676804          ERROR [COM]: aRC=E_FAIL (0x80004005) aIID={b2547866-a0a1-4391-8b86-6952d82efaa0} aComponent={SessionMachine} aText={This machine does not have any snapshots}, preserve=false aResultDetail=0
00:00:19.822889          ERROR [COM]: aRC=E_FAIL (0x80004005) aIID={b2547866-a0a1-4391-8b86-6952d82efaa0} aComponent={SessionMachine} aText={This machine does not have any snapshots}, preserve=false aResultDetail=0
00:00:20.956807          ERROR [COM]: aRC=E_FAIL (0x80004005) aIID={b2547866-a0a1-4391-8b86-6952d82efaa0} aComponent={SessionMachine} aText={This machine does not have any snapshots}, preserve=false aResultDetail=0
00:00:22.138843          ERROR [COM]: aRC=E_FAIL (0x80004005) aIID={b2547866-a0a1-4391-8b86-6952d82efaa0} aComponent={SessionMachine} aText={This machine does not have any snapshots}, preserve=false aResultDetail=0
00:00:23.421425          ERROR [COM]: aRC=E_FAIL (0x80004005) aIID={b2547866-a0a1-4391-8b86-6952d82efaa0} aComponent={SessionMachine} aText={This machine does not have any snapshots}, preserve=false aResultDetail=0
00:00:23.879908          ERROR [COM]: aRC=E_FAIL (0x80004005) aIID={b2547866-a0a1-4391-8b86-6952d82efaa0} aComponent={SessionMachine} aText={This machine does not have any snapshots}, preserve=false aResultDetail=0
00:00:23.988418          ERROR [COM]: aRC=E_FAIL (0x80004005) aIID={b2547866-a0a1-4391-8b86-6952d82efaa0} aComponent={SessionMachine} aText={This machine does not have any snapshots}, preserve=false aResultDetail=0
00:00:24.117459          ERROR [COM]: aRC=E_FAIL (0x80004005) aIID={b2547866-a0a1-4391-8b86-6952d82efaa0} aComponent={SessionMachine} aText={This machine does not have any snapshots}, preserve=false aResultDetail=0
00:00:24.266051          ERROR [COM]: aRC=E_FAIL (0x80004005) aIID={b2547866-a0a1-4391-8b86-6952d82efaa0} aComponent={SessionMachine} aText={This machine does not have any snapshots}, preserve=false aResultDetail=0
00:00:24.583763          ERROR [COM]: aRC=E_FAIL (0x80004005) aIID={b2547866-a0a1-4391-8b86-6952d82efaa0} aComponent={SessionMachine} aText={This machine does not have any snapshots}, preserve=false aResultDetail=0
00:00:25.762308          ERROR [COM]: aRC=E_FAIL (0x80004005) aIID={b2547866-a0a1-4391-8b86-6952d82efaa0} aComponent={SessionMachine} aText={This machine does not have any snapshots}, preserve=false aResultDetail=0
00:00:26.890205          ERROR [COM]: aRC=E_FAIL (0x80004005) aIID={b2547866-a0a1-4391-8b86-6952d82efaa0} aComponent={SessionMachine} aText={This machine does not have any snapshots}, preserve=false aResultDetail=0
00:00:28.043921          ERROR [COM]: aRC=E_FAIL (0x80004005) aIID={b2547866-a0a1-4391-8b86-6952d82efaa0} aComponent={SessionMachine} aText={This machine does not have any snapshots}, preserve=false aResultDetail=0
00:00:29.187372          ERROR [COM]: aRC=E_FAIL (0x80004005) aIID={b2547866-a0a1-4391-8b86-6952d82efaa0} aComponent={SessionMachine} aText={This machine does not have any snapshots}, preserve=false aResultDetail=0
00:00:30.337874          ERROR [COM]: aRC=E_FAIL (0x80004005) aIID={b2547866-a0a1-4391-8b86-6952d82efaa0} aComponent={SessionMachine} aText={This machine does not have any snapshots}, preserve=false aResultDetail=0
00:00:31.474025          ERROR [COM]: aRC=E_FAIL (0x80004005) aIID={b2547866-a0a1-4391-8b86-6952d82efaa0} aComponent={SessionMachine} aText={This machine does not have any snapshots}, preserve=false aResultDetail=0
00:00:32.628542          ERROR [COM]: aRC=E_FAIL (0x80004005) aIID={b2547866-a0a1-4391-8b86-6952d82efaa0} aComponent={SessionMachine} aText={This machine does not have any snapshots}, preserve=false aResultDetail=0
00:00:33.769801          ERROR [COM]: aRC=E_FAIL (0x80004005) aIID={b2547866-a0a1-4391-8b86-6952d82efaa0} aComponent={SessionMachine} aText={This machine does not have any snapshots}, preserve=false aResultDetail=0
00:00:34.898899          ERROR [COM]: aRC=E_FAIL (0x80004005) aIID={b2547866-a0a1-4391-8b86-6952d82efaa0} aComponent={SessionMachine} aText={This machine does not have any snapshots}, preserve=false aResultDetail=0
00:00:36.035823          ERROR [COM]: aRC=E_FAIL (0x80004005) aIID={b2547866-a0a1-4391-8b86-6952d82efaa0} aComponent={SessionMachine} aText={This machine does not have any snapshots}, preserve=false aResultDetail=0
00:00:37.181540          ERROR [COM]: aRC=E_FAIL (0x80004005) aIID={b2547866-a0a1-4391-8b86-6952d82efaa0} aComponent={SessionMachine} aText={This machine does not have any snapshots}, preserve=false aResultDetail=0
00:00:38.326285          ERROR [COM]: aRC=E_FAIL (0x80004005) aIID={b2547866-a0a1-4391-8b86-6952d82efaa0} aComponent={SessionMachine} aText={This machine does not have any snapshots}, preserve=false aResultDetail=0
00:00:39.487643          ERROR [COM]: aRC=E_FAIL (0x80004005) aIID={b2547866-a0a1-4391-8b86-6952d82efaa0} aComponent={SessionMachine} aText={This machine does not have any snapshots}, preserve=false aResultDetail=0
00:00:39.544345          ERROR [COM]: aRC=E_FAIL (0x80004005) aIID={b2547866-a0a1-4391-8b86-6952d82efaa0} aComponent={SessionMachine} aText={This machine does not have any snapshots}, preserve=false aResultDetail=0
00:00:39.668493          ERROR [COM]: aRC=E_FAIL (0x80004005) aIID={b2547866-a0a1-4391-8b86-6952d82efaa0} aComponent={SessionMachine} aText={This machine does not have any snapshots}, preserve=false aResultDetail=0
00:00:40.647465          ERROR [COM]: aRC=E_FAIL (0x80004005) aIID={b2547866-a0a1-4391-8b86-6952d82efaa0} aComponent={SessionMachine} aText={This machine does not have any snapshots}, preserve=false aResultDetail=0
00:00:41.811545          ERROR [COM]: aRC=E_FAIL (0x80004005) aIID={b2547866-a0a1-4391-8b86-6952d82efaa0} aComponent={SessionMachine} aText={This machine does not have any snapshots}, preserve=false aResultDetail=0
00:00:42.959478          ERROR [COM]: aRC=E_FAIL (0x80004005) aIID={b2547866-a0a1-4391-8b86-6952d82efaa0} aComponent={SessionMachine} aText={This machine does not have any snapshots}, preserve=false aResultDetail=0
00:00:44.081439          ERROR [COM]: aRC=E_FAIL (0x80004005) aIID={b2547866-a0a1-4391-8b86-6952d82efaa0} aComponent={SessionMachine} aText={This machine does not have any snapshots}, preserve=false aResultDetail=0
00:00:45.240776          ERROR [COM]: aRC=E_FAIL (0x80004005) aIID={b2547866-a0a1-4391-8b86-6952d82efaa0} aComponent={SessionMachine} aText={This machine does not have any snapshots}, preserve=false aResultDetail=0
00:00:45.638694          ERROR [COM]: aRC=E_FAIL (0x80004005) aIID={b2547866-a0a1-4391-8b86-6952d82efaa0} aComponent={SessionMachine} aText={This machine does not have any snapshots}, preserve=false aResultDetail=0
00:00:45.753069          ERROR [COM]: aRC=E_FAIL (0x80004005) aIID={b2547866-a0a1-4391-8b86-6952d82efaa0} aComponent={SessionMachine} aText={This machine does not have any snapshots}, preserve=false aResultDetail=0
00:00:45.880155          ERROR [COM]: aRC=E_FAIL (0x80004005) aIID={b2547866-a0a1-4391-8b86-6952d82efaa0} aComponent={SessionMachine} aText={This machine does not have any snapshots}, preserve=false aResultDetail=0
00:00:46.032657          ERROR [COM]: aRC=E_FAIL (0x80004005) aIID={b2547866-a0a1-4391-8b86-6952d82efaa0} aComponent={SessionMachine} aText={This machine does not have any snapshots}, preserve=false aResultDetail=0
00:00:46.207645          ERROR [COM]: aRC=E_FAIL (0x80004005) aIID={b2547866-a0a1-4391-8b86-6952d82efaa0} aComponent={SessionMachine} aText={This machine does not have any snapshots}, preserve=false aResultDetail=0
00:00:46.376763          ERROR [COM]: aRC=E_FAIL (0x80004005) aIID={b2547866-a0a1-4391-8b86-6952d82efaa0} aComponent={SessionMachine} aText={This machine does not have any snapshots}, preserve=false aResultDetail=0
00:00:46.472567          ERROR [COM]: aRC=E_FAIL (0x80004005) aIID={b2547866-a0a1-4391-8b86-6952d82efaa0} aComponent={SessionMachine} aText={This machine does not have any snapshots}, preserve=false aResultDetail=0
00:00:46.562507          ERROR [COM]: aRC=E_FAIL (0x80004005) aIID={b2547866-a0a1-4391-8b86-6952d82efaa0} aComponent={SessionMachine} aText={This machine does not have any snapshots}, preserve=false aResultDetail=0
00:00:46.724782          ERROR [COM]: aRC=E_FAIL (0x80004005) aIID={b2547866-a0a1-4391-8b86-6952d82efaa0} aComponent={SessionMachine} aText={This machine does not have any snapshots}, preserve=false aResultDetail=0
00:00:46.891946          ERROR [COM]: aRC=E_FAIL (0x80004005) aIID={b2547866-a0a1-4391-8b86-6952d82efaa0} aComponent={SessionMachine} aText={This machine does not have any snapshots}, preserve=false aResultDetail=0
00:00:47.042492          ERROR [COM]: aRC=E_FAIL (0x80004005) aIID={b2547866-a0a1-4391-8b86-6952d82efaa0} aComponent={SessionMachine} aText={This machine does not have any snapshots}, preserve=false aResultDetail=0
00:00:47.199885          ERROR [COM]: aRC=E_FAIL (0x80004005) aIID={b2547866-a0a1-4391-8b86-6952d82efaa0} aComponent={SessionMachine} aText={This machine does not have any snapshots}, preserve=false aResultDetail=0
00:00:47.355318          ERROR [COM]: aRC=E_FAIL (0x80004005) aIID={b2547866-a0a1-4391-8b86-6952d82efaa0} aComponent={SessionMachine} aText={This machine does not have any snapshots}, preserve=false aResultDetail=0
00:00:47.516619          ERROR [COM]: aRC=E_FAIL (0x80004005) aIID={b2547866-a0a1-4391-8b86-6952d82efaa0} aComponent={SessionMachine} aText={This machine does not have any snapshots}, preserve=false aResultDetail=0
00:00:47.711158          ERROR [COM]: aRC=E_FAIL (0x80004005) aIID={b2547866-a0a1-4391-8b86-6952d82efaa0} aComponent={SessionMachine} aText={This machine does not have any snapshots}, preserve=false aResultDetail=0
00:00:47.766877          ERROR [COM]: aRC=E_FAIL (0x80004005) aIID={b2547866-a0a1-4391-8b86-6952d82efaa0} aComponent={SessionMachine} aText={This machine does not have any snapshots}, preserve=false aResultDetail=0
00:00:47.916448          ERROR [COM]: aRC=E_FAIL (0x80004005) aIID={b2547866-a0a1-4391-8b86-6952d82efaa0} aComponent={SessionMachine} aText={This machine does not have any snapshots}, preserve=false aResultDetail=0
00:00:48.024961          ERROR [COM]: aRC=E_FAIL (0x80004005) aIID={b2547866-a0a1-4391-8b86-6952d82efaa0} aComponent={SessionMachine} aText={This machine does not have any snapshots}, preserve=false aResultDetail=0
00:00:48.145198          ERROR [COM]: aRC=E_FAIL (0x80004005) aIID={b2547866-a0a1-4391-8b86-6952d82efaa0} aComponent={SessionMachine} aText={This machine does not have any snapshots}, preserve=false aResultDetail=0
00:00:48.265440          ERROR [COM]: aRC=E_FAIL (0x80004005) aIID={b2547866-a0a1-4391-8b86-6952d82efaa0} aComponent={SessionMachine} aText={This machine does not have any snapshots}, preserve=false aResultDetail=0
00:00:48.400347          ERROR [COM]: aRC=E_FAIL (0x80004005) aIID={b2547866-a0a1-4391-8b86-6952d82efaa0} aComponent={SessionMachine} aText={This machine does not have any snapshots}, preserve=false aResultDetail=0
00:00:48.517658          ERROR [COM]: aRC=E_FAIL (0x80004005) aIID={b2547866-a0a1-4391-8b86-6952d82efaa0} aComponent={SessionMachine} aText={This machine does not have any snapshots}, preserve=false aResultDetail=0
00:00:48.635942          ERROR [COM]: aRC=E_FAIL (0x80004005) aIID={b2547866-a0a1-4391-8b86-6952d82efaa0} aComponent={SessionMachine} aText={This machine does not have any snapshots}, preserve=false aResultDetail=0
00:00:48.757162          ERROR [COM]: aRC=E_FAIL (0x80004005) aIID={b2547866-a0a1-4391-8b86-6952d82efaa0} aComponent={SessionMachine} aText={This machine does not have any snapshots}, preserve=false aResultDetail=0
00:00:48.877403          ERROR [COM]: aRC=E_FAIL (0x80004005) aIID={b2547866-a0a1-4391-8b86-6952d82efaa0} aComponent={SessionMachine} aText={This machine does not have any snapshots}, preserve=false aResultDetail=0
00:00:48.943879          ERROR [COM]: aRC=E_FAIL (0x80004005) aIID={b2547866-a0a1-4391-8b86-6952d82efaa0} aComponent={SessionMachine} aText={This machine does not have any snapshots}, preserve=false aResultDetail=0
00:00:49.060212          ERROR [COM]: aRC=E_FAIL (0x80004005) aIID={b2547866-a0a1-4391-8b86-6952d82efaa0} aComponent={SessionMachine} aText={This machine does not have any snapshots}, preserve=false aResultDetail=0
00:00:49.195118          ERROR [COM]: aRC=E_FAIL (0x80004005) aIID={b2547866-a0a1-4391-8b86-6952d82efaa0} aComponent={SessionMachine} aText={This machine does not have any snapshots}, preserve=false aResultDetail=0
00:00:49.312426          ERROR [COM]: aRC=E_FAIL (0x80004005) aIID={b2547866-a0a1-4391-8b86-6952d82efaa0} aComponent={SessionMachine} aText={This machine does not have any snapshots}, preserve=false aResultDetail=0
00:00:49.442445          ERROR [COM]: aRC=E_FAIL (0x80004005) aIID={b2547866-a0a1-4391-8b86-6952d82efaa0} aComponent={SessionMachine} aText={This machine does not have any snapshots}, preserve=false aResultDetail=0
00:00:49.557798          ERROR [COM]: aRC=E_FAIL (0x80004005) aIID={b2547866-a0a1-4391-8b86-6952d82efaa0} aComponent={SessionMachine} aText={This machine does not have any snapshots}, preserve=false aResultDetail=0
00:00:49.686838          ERROR [COM]: aRC=E_FAIL (0x80004005) aIID={b2547866-a0a1-4391-8b86-6952d82efaa0} aComponent={SessionMachine} aText={This machine does not have any snapshots}, preserve=false aResultDetail=0
00:00:49.807078          ERROR [COM]: aRC=E_FAIL (0x80004005) aIID={b2547866-a0a1-4391-8b86-6952d82efaa0} aComponent={SessionMachine} aText={This machine does not have any snapshots}, preserve=false aResultDetail=0
00:00:49.947852          ERROR [COM]: aRC=E_FAIL (0x80004005) aIID={b2547866-a0a1-4391-8b86-6952d82efaa0} aComponent={SessionMachine} aText={This machine does not have any snapshots}, preserve=false aResultDetail=0
00:00:50.050499          ERROR [COM]: aRC=E_FAIL (0x80004005) aIID={b2547866-a0a1-4391-8b86-6952d82efaa0} aComponent={SessionMachine} aText={This machine does not have any snapshots}, preserve=false aResultDetail=0
00:00:50.096441          ERROR [COM]: aRC=E_FAIL (0x80004005) aIID={b2547866-a0a1-4391-8b86-6952d82efaa0} aComponent={SessionMachine} aText={This machine does not have any snapshots}, preserve=false aResultDetail=0
00:00:50.213752          ERROR [COM]: aRC=E_FAIL (0x80004005) aIID={b2547866-a0a1-4391-8b86-6952d82efaa0} aComponent={SessionMachine} aText={This machine does not have any snapshots}, preserve=false aResultDetail=0
00:00:50.329105          ERROR [COM]: aRC=E_FAIL (0x80004005) aIID={b2547866-a0a1-4391-8b86-6952d82efaa0} aComponent={SessionMachine} aText={This machine does not have any snapshots}, preserve=false aResultDetail=0
00:00:50.450325          ERROR [COM]: aRC=E_FAIL (0x80004005) aIID={b2547866-a0a1-4391-8b86-6952d82efaa0} aComponent={SessionMachine} aText={This machine does not have any snapshots}, preserve=false aResultDetail=0
00:00:50.579366          ERROR [COM]: aRC=E_FAIL (0x80004005) aIID={b2547866-a0a1-4391-8b86-6952d82efaa0} aComponent={SessionMachine} aText={This machine does not have any snapshots}, preserve=false aResultDetail=0
00:00:50.724047          ERROR [COM]: aRC=E_FAIL (0x80004005) aIID={b2547866-a0a1-4391-8b86-6952d82efaa0} aComponent={SessionMachine} aText={This machine does not have any snapshots}, preserve=false aResultDetail=0
00:00:50.845264          ERROR [COM]: aRC=E_FAIL (0x80004005) aIID={b2547866-a0a1-4391-8b86-6952d82efaa0} aComponent={SessionMachine} aText={This machine does not have any snapshots}, preserve=false aResultDetail=0
00:00:50.975282          ERROR [COM]: aRC=E_FAIL (0x80004005) aIID={b2547866-a0a1-4391-8b86-6952d82efaa0} aComponent={SessionMachine} aText={This machine does not have any snapshots}, preserve=false aResultDetail=0
00:00:51.108232          ERROR [COM]: aRC=E_FAIL (0x80004005) aIID={b2547866-a0a1-4391-8b86-6952d82efaa0} aComponent={SessionMachine} aText={This machine does not have any snapshots}, preserve=false aResultDetail=0
00:00:51.212836          ERROR [COM]: aRC=E_FAIL (0x80004005) aIID={b2547866-a0a1-4391-8b86-6952d82efaa0} aComponent={SessionMachine} aText={This machine does not have any snapshots}, preserve=false aResultDetail=0
00:00:51.296907          ERROR [COM]: aRC=E_FAIL (0x80004005) aIID={b2547866-a0a1-4391-8b86-6952d82efaa0} aComponent={SessionMachine} aText={This machine does not have any snapshots}, preserve=false aResultDetail=0
00:00:51.424967          ERROR [COM]: aRC=E_FAIL (0x80004005) aIID={b2547866-a0a1-4391-8b86-6952d82efaa0} aComponent={SessionMachine} aText={This machine does not have any snapshots}, preserve=false aResultDetail=0
00:00:51.550099          ERROR [COM]: aRC=E_FAIL (0x80004005) aIID={b2547866-a0a1-4391-8b86-6952d82efaa0} aComponent={SessionMachine} aText={This machine does not have any snapshots}, preserve=false aResultDetail=0
00:00:51.706513          ERROR [COM]: aRC=E_FAIL (0x80004005) aIID={b2547866-a0a1-4391-8b86-6952d82efaa0} aComponent={SessionMachine} aText={This machine does not have any snapshots}, preserve=false aResultDetail=0
00:00:52.379771          ERROR [COM]: aRC=E_FAIL (0x80004005) aIID={b2547866-a0a1-4391-8b86-6952d82efaa0} aComponent={SessionMachine} aText={This machine does not have any snapshots}, preserve=false aResultDetail=0
00:00:53.563552          ERROR [COM]: aRC=E_FAIL (0x80004005) aIID={b2547866-a0a1-4391-8b86-6952d82efaa0} aComponent={SessionMachine} aText={This machine does not have any snapshots}, preserve=false aResultDetail=0
00:00:53.624159          ERROR [COM]: aRC=E_FAIL (0x80004005) aIID={b2547866-a0a1-4391-8b86-6952d82efaa0} aComponent={SessionMachine} aText={This machine does not have any snapshots}, preserve=false aResultDetail=0
00:00:53.762977          ERROR [COM]: aRC=E_FAIL (0x80004005) aIID={b2547866-a0a1-4391-8b86-6952d82efaa0} aComponent={SessionMachine} aText={This machine does not have any snapshots}, preserve=false aResultDetail=0
00:00:54.708349          ERROR [COM]: aRC=E_FAIL (0x80004005) aIID={b2547866-a0a1-4391-8b86-6952d82efaa0} aComponent={SessionMachine} aText={This machine does not have any snapshots}, preserve=false aResultDetail=0
00:00:55.841479          ERROR [COM]: aRC=E_FAIL (0x80004005) aIID={b2547866-a0a1-4391-8b86-6952d82efaa0} aComponent={SessionMachine} aText={This machine does not have any snapshots}, preserve=false aResultDetail=0
00:00:57.070293          ERROR [COM]: aRC=E_FAIL (0x80004005) aIID={b2547866-a0a1-4391-8b86-6952d82efaa0} aComponent={SessionMachine} aText={This machine does not have any snapshots}, preserve=false aResultDetail=0
00:00:58.219922          ERROR [COM]: aRC=E_FAIL (0x80004005) aIID={b2547866-a0a1-4391-8b86-6952d82efaa0} aComponent={SessionMachine} aText={This machine does not have any snapshots}, preserve=false aResultDetail=0
00:00:58.987317          ERROR [COM]: aRC=E_FAIL (0x80004005) aIID={b2547866-a0a1-4391-8b86-6952d82efaa0} aComponent={SessionMachine} aText={This machine does not have any snapshots}, preserve=false aResultDetail=0
00:00:59.108538          ERROR [COM]: aRC=E_FAIL (0x80004005) aIID={b2547866-a0a1-4391-8b86-6952d82efaa0} aComponent={SessionMachine} aText={This machine does not have any snapshots}, preserve=false aResultDetail=0
00:00:59.368574          ERROR [COM]: aRC=E_FAIL (0x80004005) aIID={b2547866-a0a1-4391-8b86-6952d82efaa0} aComponent={SessionMachine} aText={This machine does not have any snapshots}, preserve=false aResultDetail=0
00:01:00.638444          ERROR [COM]: aRC=E_FAIL (0x80004005) aIID={b2547866-a0a1-4391-8b86-6952d82efaa0} aComponent={SessionMachine} aText={This machine does not have any snapshots}, preserve=false aResultDetail=0
00:01:01.786121          ERROR [COM]: aRC=E_FAIL (0x80004005) aIID={b2547866-a0a1-4391-8b86-6952d82efaa0} aComponent={SessionMachine} aText={This machine does not have any snapshots}, preserve=false aResultDetail=0
00:01:02.925973          ERROR [COM]: aRC=E_FAIL (0x80004005) aIID={b2547866-a0a1-4391-8b86-6952d82efaa0} aComponent={SessionMachine} aText={This machine does not have any snapshots}, preserve=false aResultDetail=0
00:01:04.056051          ERROR [COM]: aRC=E_FAIL (0x80004005) aIID={b2547866-a0a1-4391-8b86-6952d82efaa0} aComponent={SessionMachine} aText={This machine does not have any snapshots}, preserve=false aResultDetail=0
00:01:04.432420          ERROR [COM]: aRC=E_FAIL (0x80004005) aIID={b2547866-a0a1-4391-8b86-6952d82efaa0} aComponent={SessionMachine} aText={This machine does not have any snapshots}, preserve=false aResultDetail=0
00:01:04.552661          ERROR [COM]: aRC=E_FAIL (0x80004005) aIID={b2547866-a0a1-4391-8b86-6952d82efaa0} aComponent={SessionMachine} aText={This machine does not have any snapshots}, preserve=false aResultDetail=0
00:01:05.197861          ERROR [COM]: aRC=E_FAIL (0x80004005) aIID={b2547866-a0a1-4391-8b86-6952d82efaa0} aComponent={SessionMachine} aText={This machine does not have any snapshots}, preserve=false aResultDetail=0
00:01:06.345533          ERROR [COM]: aRC=E_FAIL (0x80004005) aIID={b2547866-a0a1-4391-8b86-6952d82efaa0} aComponent={SessionMachine} aText={This machine does not have any snapshots}, preserve=false aResultDetail=0
00:01:07.502008          ERROR [COM]: aRC=E_FAIL (0x80004005) aIID={b2547866-a0a1-4391-8b86-6952d82efaa0} aComponent={SessionMachine} aText={This machine does not have any snapshots}, preserve=false aResultDetail=0
00:01:08.000571          ERROR [COM]: aRC=E_FAIL (0x80004005) aIID={b2547866-a0a1-4391-8b86-6952d82efaa0} aComponent={SessionMachine} aText={This machine does not have any snapshots}, preserve=false aResultDetail=0
00:01:08.121789          ERROR [COM]: aRC=E_FAIL (0x80004005) aIID={b2547866-a0a1-4391-8b86-6952d82efaa0} aComponent={SessionMachine} aText={This machine does not have any snapshots}, preserve=false aResultDetail=0
00:01:08.234210          ERROR [COM]: aRC=E_FAIL (0x80004005) aIID={b2547866-a0a1-4391-8b86-6952d82efaa0} aComponent={SessionMachine} aText={This machine does not have any snapshots}, preserve=false aResultDetail=0
00:01:09.560188          ERROR [COM]: aRC=E_FAIL (0x80004005) aIID={b2547866-a0a1-4391-8b86-6952d82efaa0} aComponent={SessionMachine} aText={This machine does not have any snapshots}, preserve=false aResultDetail=0
00:01:09.679454          ERROR [COM]: aRC=E_FAIL (0x80004005) aIID={b2547866-a0a1-4391-8b86-6952d82efaa0} aComponent={SessionMachine} aText={This machine does not have any snapshots}, preserve=false aResultDetail=0
00:13:21.639499          ERROR [COM]: aRC=E_FAIL (0x80004005) aIID={b2547866-a0a1-4391-8b86-6952d82efaa0} aComponent={SessionMachine} aText={This machine does not have any snapshots}, preserve=false aResultDetail=0
00:13:21.763666          ERROR [COM]: aRC=E_FAIL (0x80004005) aIID={b2547866-a0a1-4391-8b86-6952d82efaa0} aComponent={SessionMachine} aText={This machine does not have any snapshots}, preserve=false aResultDetail=0
00:13:22.512211          ERROR [COM]: aRC=E_FAIL (0x80004005) aIID={b2547866-a0a1-4391-8b86-6952d82efaa0} aComponent={SessionMachine} aText={This machine does not have any snapshots}, preserve=false aResultDetail=0
00:13:22.657866          ERROR [COM]: aRC=E_FAIL (0x80004005) aIID={b2547866-a0a1-4391-8b86-6952d82efaa0} aComponent={SessionMachine} aText={This machine does not have any snapshots}, preserve=false aResultDetail=0
00:13:22.787884          ERROR [COM]: aRC=E_FAIL (0x80004005) aIID={b2547866-a0a1-4391-8b86-6952d82efaa0} aComponent={SessionMachine} aText={This machine does not have any snapshots}, preserve=false aResultDetail=0
00:13:22.912035          ERROR [COM]: aRC=E_FAIL (0x80004005) aIID={b2547866-a0a1-4391-8b86-6952d82efaa0} aComponent={SessionMachine} aText={This machine does not have any snapshots}, preserve=false aResultDetail=0
00:13:52.442812          ERROR [COM]: aRC=E_FAIL (0x80004005) aIID={b2547866-a0a1-4391-8b86-6952d82efaa0} aComponent={SessionMachine} aText={This machine does not have any snapshots}, preserve=false aResultDetail=0
00:13:52.562147          ERROR [COM]: aRC=E_FAIL (0x80004005) aIID={b2547866-a0a1-4391-8b86-6952d82efaa0} aComponent={SessionMachine} aText={This machine does not have any snapshots}, preserve=false aResultDetail=0
00:13:53.297120          ERROR [COM]: aRC=E_FAIL (0x80004005) aIID={b2547866-a0a1-4391-8b86-6952d82efaa0} aComponent={SessionMachine} aText={This machine does not have any snapshots}, preserve=false aResultDetail=0
00:13:53.428348          ERROR [COM]: aRC=E_FAIL (0x80004005) aIID={b2547866-a0a1-4391-8b86-6952d82efaa0} aComponent={SessionMachine} aText={This machine does not have any snapshots}, preserve=false aResultDetail=0
00:13:53.546636          ERROR [COM]: aRC=E_FAIL (0x80004005) aIID={b2547866-a0a1-4391-8b86-6952d82efaa0} aComponent={SessionMachine} aText={This machine does not have any snapshots}, preserve=false aResultDetail=0
00:13:53.670787          ERROR [COM]: aRC=E_FAIL (0x80004005) aIID={b2547866-a0a1-4391-8b86-6952d82efaa0} aComponent={SessionMachine} aText={This machine does not have any snapshots}, preserve=false aResultDetail=0
00:13:53.784186          ERROR [COM]: aRC=E_FAIL (0x80004005) aIID={b2547866-a0a1-4391-8b86-6952d82efaa0} aComponent={SessionMachine} aText={This machine does not have any snapshots}, preserve=false aResultDetail=0
