VirtualBox COM Server 5.1.14 r112924 win.amd64 (Jan 16 2017 16:36:58) release log
00:00:00.007004 main     Log opened 2017-05-06T13:45:41.908523200Z
00:00:00.007004 main     Build Type: release
00:00:00.007004 main     OS Product: Windows 8.1
00:00:00.007004 main     OS Release: 6.3.9600
00:00:00.007004 main     OS Service Pack: 
00:00:00.454944 main     DMI Product Name: Aspire V5-471P
00:00:00.464949 main     DMI Product Version: V2.13
00:00:00.464949 main     Host RAM: 3889MB (3.7GB) total, 2259MB (2.2GB) available
00:00:00.464949 main     Executable: C:\Program Files\Oracle\VirtualBox\VBoxSVC.exe
00:00:00.464949 main     Process ID: 10280
00:00:00.464949 main     Package type: WINDOWS_64BITS_GENERIC
00:00:00.467951          VirtualBox: object creation starts
00:00:00.467951          Home directory: 'C:\Users\Aspire\.VirtualBox'
00:00:00.468956          Installed Drivers:
00:00:00.596086            C:\WINDOWS\system32\DRIVERS\VBoxNetAdp6.sys (Version: 5.1.14.12924)
00:00:00.754557            C:\WINDOWS\system32\DRIVERS\VBoxNetLwf.sys (Version: 5.1.14.12924)
00:00:00.861624            C:\WINDOWS\system32\DRIVERS\VBoxUSBMon.sys (Version: 5.1.14.12924)
00:00:00.956742            C:\WINDOWS\system32\DRIVERS\VBoxDrv.sys (Version: 5.1.14.12924)
00:00:00.960742          Loading settings file "C:\Users\Aspire\.VirtualBox\VirtualBox.xml" with version "1.12-windows"
00:00:01.170343          Getting USB descriptor failed with error 31
00:00:01.173344          USB: Unknown USB device detected (idVendor: 0x0489, idProduct: 0xe04e). Please, report the idVendor and idProduct to virtualbox.org.
00:00:01.173344          USB: Unknown USB device detected (idVendor: 0x1bcf, idProduct: 0x2c17). Please, report the idVendor and idProduct to virtualbox.org.
00:00:01.299413          HostDnsMonitorProxy::notify
00:00:01.487176          VD: VDInit finished
00:00:01.489177          Loading settings file "C:\Users\Aspire\VirtualBox VMs\Vagrantfile_default_1494077244417_87582\Vagrantfile_default_1494077244417_87582.vbox" with version "1.12-windows"
00:00:01.490178          VirtualBox: object created
00:00:01.610315          ERROR [COM]: aRC=E_FAIL (0x80004005) aIID={b2547866-a0a1-4391-8b86-6952d82efaa0} aComponent={SessionMachine} aText={This machine does not have any snapshots}, preserve=false aResultDetail=0
00:00:01.715512          ERROR [COM]: aRC=E_FAIL (0x80004005) aIID={b2547866-a0a1-4391-8b86-6952d82efaa0} aComponent={SessionMachine} aText={This machine does not have any snapshots}, preserve=false aResultDetail=0
00:00:03.449659          ERROR [COM]: aRC=E_FAIL (0x80004005) aIID={b2547866-a0a1-4391-8b86-6952d82efaa0} aComponent={SessionMachine} aText={This machine does not have any snapshots}, preserve=false aResultDetail=0
00:00:03.876689          ERROR [COM]: aRC=E_FAIL (0x80004005) aIID={b2547866-a0a1-4391-8b86-6952d82efaa0} aComponent={SessionMachine} aText={This machine does not have any snapshots}, preserve=false aResultDetail=0
00:00:04.437065          ERROR [COM]: aRC=E_FAIL (0x80004005) aIID={b2547866-a0a1-4391-8b86-6952d82efaa0} aComponent={SessionMachine} aText={This machine does not have any snapshots}, preserve=false aResultDetail=0
00:00:04.559145          ERROR [COM]: aRC=E_FAIL (0x80004005) aIID={b2547866-a0a1-4391-8b86-6952d82efaa0} aComponent={SessionMachine} aText={This machine does not have any snapshots}, preserve=false aResultDetail=0
00:00:07.650636          ERROR [COM]: aRC=E_FAIL (0x80004005) aIID={b2547866-a0a1-4391-8b86-6952d82efaa0} aComponent={SessionMachine} aText={This machine does not have any snapshots}, preserve=false aResultDetail=0
00:00:07.800735          ERROR [COM]: aRC=E_FAIL (0x80004005) aIID={b2547866-a0a1-4391-8b86-6952d82efaa0} aComponent={SessionMachine} aText={This machine does not have any snapshots}, preserve=false aResultDetail=0
00:00:07.955079          ERROR [COM]: aRC=E_FAIL (0x80004005) aIID={b2547866-a0a1-4391-8b86-6952d82efaa0} aComponent={SessionMachine} aText={This machine does not have any snapshots}, preserve=false aResultDetail=0
00:00:09.174127          ERROR [COM]: aRC=E_FAIL (0x80004005) aIID={b2547866-a0a1-4391-8b86-6952d82efaa0} aComponent={SessionMachine} aText={This machine does not have any snapshots}, preserve=false aResultDetail=0
00:00:09.571935          ERROR [COM]: aRC=E_FAIL (0x80004005) aIID={b2547866-a0a1-4391-8b86-6952d82efaa0} aComponent={SessionMachine} aText={This machine does not have any snapshots}, preserve=false aResultDetail=0
00:00:09.666081          ERROR [COM]: aRC=E_FAIL (0x80004005) aIID={b2547866-a0a1-4391-8b86-6952d82efaa0} aComponent={SessionMachine} aText={This machine does not have any snapshots}, preserve=false aResultDetail=0
00:00:10.244890          ERROR [COM]: aRC=E_FAIL (0x80004005) aIID={b2547866-a0a1-4391-8b86-6952d82efaa0} aComponent={SessionMachine} aText={This machine does not have any snapshots}, preserve=false aResultDetail=0
00:00:15.586747          ERROR [COM]: aRC=E_FAIL (0x80004005) aIID={b2547866-a0a1-4391-8b86-6952d82efaa0} aComponent={SessionMachine} aText={This machine does not have any snapshots}, preserve=false aResultDetail=0
00:00:17.036351          ERROR [COM]: aRC=E_FAIL (0x80004005) aIID={b2547866-a0a1-4391-8b86-6952d82efaa0} aComponent={SessionMachine} aText={This machine does not have any snapshots}, preserve=false aResultDetail=0
00:00:33.345728          ERROR [COM]: aRC=E_FAIL (0x80004005) aIID={b2547866-a0a1-4391-8b86-6952d82efaa0} aComponent={SessionMachine} aText={This machine does not have any snapshots}, preserve=false aResultDetail=0
00:00:34.518214          ERROR [COM]: aRC=E_FAIL (0x80004005) aIID={b2547866-a0a1-4391-8b86-6952d82efaa0} aComponent={SessionMachine} aText={This machine does not have any snapshots}, preserve=false aResultDetail=0
00:00:35.626203          ERROR [COM]: aRC=E_FAIL (0x80004005) aIID={b2547866-a0a1-4391-8b86-6952d82efaa0} aComponent={SessionMachine} aText={This machine does not have any snapshots}, preserve=false aResultDetail=0
00:00:35.980691          ERROR [COM]: aRC=E_FAIL (0x80004005) aIID={b2547866-a0a1-4391-8b86-6952d82efaa0} aComponent={SessionMachine} aText={This machine does not have any snapshots}, preserve=false aResultDetail=0
00:00:36.075517          ERROR [COM]: aRC=E_FAIL (0x80004005) aIID={b2547866-a0a1-4391-8b86-6952d82efaa0} aComponent={SessionMachine} aText={This machine does not have any snapshots}, preserve=false aResultDetail=0
00:00:36.175231          ERROR [COM]: aRC=E_FAIL (0x80004005) aIID={b2547866-a0a1-4391-8b86-6952d82efaa0} aComponent={SessionMachine} aText={This machine does not have any snapshots}, preserve=false aResultDetail=0
00:00:36.258325          ERROR [COM]: aRC=E_FAIL (0x80004005) aIID={b2547866-a0a1-4391-8b86-6952d82efaa0} aComponent={SessionMachine} aText={This machine does not have any snapshots}, preserve=false aResultDetail=0
00:00:36.729516          ERROR [COM]: aRC=E_FAIL (0x80004005) aIID={b2547866-a0a1-4391-8b86-6952d82efaa0} aComponent={SessionMachine} aText={This machine does not have any snapshots}, preserve=false aResultDetail=0
00:00:37.852748          ERROR [COM]: aRC=E_FAIL (0x80004005) aIID={b2547866-a0a1-4391-8b86-6952d82efaa0} aComponent={SessionMachine} aText={This machine does not have any snapshots}, preserve=false aResultDetail=0
00:00:38.953501          ERROR [COM]: aRC=E_FAIL (0x80004005) aIID={b2547866-a0a1-4391-8b86-6952d82efaa0} aComponent={SessionMachine} aText={This machine does not have any snapshots}, preserve=false aResultDetail=0
00:00:40.064026          ERROR [COM]: aRC=E_FAIL (0x80004005) aIID={b2547866-a0a1-4391-8b86-6952d82efaa0} aComponent={SessionMachine} aText={This machine does not have any snapshots}, preserve=false aResultDetail=0
00:00:41.199474          ERROR [COM]: aRC=E_FAIL (0x80004005) aIID={b2547866-a0a1-4391-8b86-6952d82efaa0} aComponent={SessionMachine} aText={This machine does not have any snapshots}, preserve=false aResultDetail=0
00:00:42.301201          ERROR [COM]: aRC=E_FAIL (0x80004005) aIID={b2547866-a0a1-4391-8b86-6952d82efaa0} aComponent={SessionMachine} aText={This machine does not have any snapshots}, preserve=false aResultDetail=0
00:00:43.427066          ERROR [COM]: aRC=E_FAIL (0x80004005) aIID={b2547866-a0a1-4391-8b86-6952d82efaa0} aComponent={SessionMachine} aText={This machine does not have any snapshots}, preserve=false aResultDetail=0
00:00:44.526829          ERROR [COM]: aRC=E_FAIL (0x80004005) aIID={b2547866-a0a1-4391-8b86-6952d82efaa0} aComponent={SessionMachine} aText={This machine does not have any snapshots}, preserve=false aResultDetail=0
00:00:45.654098          ERROR [COM]: aRC=E_FAIL (0x80004005) aIID={b2547866-a0a1-4391-8b86-6952d82efaa0} aComponent={SessionMachine} aText={This machine does not have any snapshots}, preserve=false aResultDetail=0
00:00:46.778689          ERROR [COM]: aRC=E_FAIL (0x80004005) aIID={b2547866-a0a1-4391-8b86-6952d82efaa0} aComponent={SessionMachine} aText={This machine does not have any snapshots}, preserve=false aResultDetail=0
00:00:47.882628          ERROR [COM]: aRC=E_FAIL (0x80004005) aIID={b2547866-a0a1-4391-8b86-6952d82efaa0} aComponent={SessionMachine} aText={This machine does not have any snapshots}, preserve=false aResultDetail=0
00:00:49.000457          ERROR [COM]: aRC=E_FAIL (0x80004005) aIID={b2547866-a0a1-4391-8b86-6952d82efaa0} aComponent={SessionMachine} aText={This machine does not have any snapshots}, preserve=false aResultDetail=0
00:00:50.101587          ERROR [COM]: aRC=E_FAIL (0x80004005) aIID={b2547866-a0a1-4391-8b86-6952d82efaa0} aComponent={SessionMachine} aText={This machine does not have any snapshots}, preserve=false aResultDetail=0
00:00:51.219860          ERROR [COM]: aRC=E_FAIL (0x80004005) aIID={b2547866-a0a1-4391-8b86-6952d82efaa0} aComponent={SessionMachine} aText={This machine does not have any snapshots}, preserve=false aResultDetail=0
00:00:51.383115          ERROR [COM]: aRC=E_FAIL (0x80004005) aIID={b2547866-a0a1-4391-8b86-6952d82efaa0} aComponent={SessionMachine} aText={This machine does not have any snapshots}, preserve=false aResultDetail=0
00:00:51.473052          ERROR [COM]: aRC=E_FAIL (0x80004005) aIID={b2547866-a0a1-4391-8b86-6952d82efaa0} aComponent={SessionMachine} aText={This machine does not have any snapshots}, preserve=false aResultDetail=0
00:00:52.322120          ERROR [COM]: aRC=E_FAIL (0x80004005) aIID={b2547866-a0a1-4391-8b86-6952d82efaa0} aComponent={SessionMachine} aText={This machine does not have any snapshots}, preserve=false aResultDetail=0
00:00:53.425198          ERROR [COM]: aRC=E_FAIL (0x80004005) aIID={b2547866-a0a1-4391-8b86-6952d82efaa0} aComponent={SessionMachine} aText={This machine does not have any snapshots}, preserve=false aResultDetail=0
00:00:54.537790          ERROR [COM]: aRC=E_FAIL (0x80004005) aIID={b2547866-a0a1-4391-8b86-6952d82efaa0} aComponent={SessionMachine} aText={This machine does not have any snapshots}, preserve=false aResultDetail=0
00:00:55.644403          ERROR [COM]: aRC=E_FAIL (0x80004005) aIID={b2547866-a0a1-4391-8b86-6952d82efaa0} aComponent={SessionMachine} aText={This machine does not have any snapshots}, preserve=false aResultDetail=0
00:00:56.801851          ERROR [COM]: aRC=E_FAIL (0x80004005) aIID={b2547866-a0a1-4391-8b86-6952d82efaa0} aComponent={SessionMachine} aText={This machine does not have any snapshots}, preserve=false aResultDetail=0
00:00:57.905921          ERROR [COM]: aRC=E_FAIL (0x80004005) aIID={b2547866-a0a1-4391-8b86-6952d82efaa0} aComponent={SessionMachine} aText={This machine does not have any snapshots}, preserve=false aResultDetail=0
00:00:58.163022          ERROR [COM]: aRC=E_FAIL (0x80004005) aIID={b2547866-a0a1-4391-8b86-6952d82efaa0} aComponent={SessionMachine} aText={This machine does not have any snapshots}, preserve=false aResultDetail=0
00:00:58.251982          ERROR [COM]: aRC=E_FAIL (0x80004005) aIID={b2547866-a0a1-4391-8b86-6952d82efaa0} aComponent={SessionMachine} aText={This machine does not have any snapshots}, preserve=false aResultDetail=0
00:00:58.349741          ERROR [COM]: aRC=E_FAIL (0x80004005) aIID={b2547866-a0a1-4391-8b86-6952d82efaa0} aComponent={SessionMachine} aText={This machine does not have any snapshots}, preserve=false aResultDetail=0
00:00:58.439679          ERROR [COM]: aRC=E_FAIL (0x80004005) aIID={b2547866-a0a1-4391-8b86-6952d82efaa0} aComponent={SessionMachine} aText={This machine does not have any snapshots}, preserve=false aResultDetail=0
00:00:58.535478          ERROR [COM]: aRC=E_FAIL (0x80004005) aIID={b2547866-a0a1-4391-8b86-6952d82efaa0} aComponent={SessionMachine} aText={This machine does not have any snapshots}, preserve=false aResultDetail=0
00:00:58.625415          ERROR [COM]: aRC=E_FAIL (0x80004005) aIID={b2547866-a0a1-4391-8b86-6952d82efaa0} aComponent={SessionMachine} aText={This machine does not have any snapshots}, preserve=false aResultDetail=0
00:00:58.722197          ERROR [COM]: aRC=E_FAIL (0x80004005) aIID={b2547866-a0a1-4391-8b86-6952d82efaa0} aComponent={SessionMachine} aText={This machine does not have any snapshots}, preserve=false aResultDetail=0
00:00:58.819957          ERROR [COM]: aRC=E_FAIL (0x80004005) aIID={b2547866-a0a1-4391-8b86-6952d82efaa0} aComponent={SessionMachine} aText={This machine does not have any snapshots}, preserve=false aResultDetail=0
00:00:58.916734          ERROR [COM]: aRC=E_FAIL (0x80004005) aIID={b2547866-a0a1-4391-8b86-6952d82efaa0} aComponent={SessionMachine} aText={This machine does not have any snapshots}, preserve=false aResultDetail=0
00:00:59.018402          ERROR [COM]: aRC=E_FAIL (0x80004005) aIID={b2547866-a0a1-4391-8b86-6952d82efaa0} aComponent={SessionMachine} aText={This machine does not have any snapshots}, preserve=false aResultDetail=0
00:00:59.059460          ERROR [COM]: aRC=E_FAIL (0x80004005) aIID={b2547866-a0a1-4391-8b86-6952d82efaa0} aComponent={SessionMachine} aText={This machine does not have any snapshots}, preserve=false aResultDetail=0
00:00:59.150373          ERROR [COM]: aRC=E_FAIL (0x80004005) aIID={b2547866-a0a1-4391-8b86-6952d82efaa0} aComponent={SessionMachine} aText={This machine does not have any snapshots}, preserve=false aResultDetail=0
00:00:59.244223          ERROR [COM]: aRC=E_FAIL (0x80004005) aIID={b2547866-a0a1-4391-8b86-6952d82efaa0} aComponent={SessionMachine} aText={This machine does not have any snapshots}, preserve=false aResultDetail=0
00:00:59.350778          ERROR [COM]: aRC=E_FAIL (0x80004005) aIID={b2547866-a0a1-4391-8b86-6952d82efaa0} aComponent={SessionMachine} aText={This machine does not have any snapshots}, preserve=false aResultDetail=0
00:00:59.445601          ERROR [COM]: aRC=E_FAIL (0x80004005) aIID={b2547866-a0a1-4391-8b86-6952d82efaa0} aComponent={SessionMachine} aText={This machine does not have any snapshots}, preserve=false aResultDetail=0
00:00:59.543359          ERROR [COM]: aRC=E_FAIL (0x80004005) aIID={b2547866-a0a1-4391-8b86-6952d82efaa0} aComponent={SessionMachine} aText={This machine does not have any snapshots}, preserve=false aResultDetail=0
00:00:59.629385          ERROR [COM]: aRC=E_FAIL (0x80004005) aIID={b2547866-a0a1-4391-8b86-6952d82efaa0} aComponent={SessionMachine} aText={This machine does not have any snapshots}, preserve=false aResultDetail=0
00:00:59.737898          ERROR [COM]: aRC=E_FAIL (0x80004005) aIID={b2547866-a0a1-4391-8b86-6952d82efaa0} aComponent={SessionMachine} aText={This machine does not have any snapshots}, preserve=false aResultDetail=0
00:00:59.828813          ERROR [COM]: aRC=E_FAIL (0x80004005) aIID={b2547866-a0a1-4391-8b86-6952d82efaa0} aComponent={SessionMachine} aText={This machine does not have any snapshots}, preserve=false aResultDetail=0
00:00:59.922659          ERROR [COM]: aRC=E_FAIL (0x80004005) aIID={b2547866-a0a1-4391-8b86-6952d82efaa0} aComponent={SessionMachine} aText={This machine does not have any snapshots}, preserve=false aResultDetail=0
00:01:00.015529          ERROR [COM]: aRC=E_FAIL (0x80004005) aIID={b2547866-a0a1-4391-8b86-6952d82efaa0} aComponent={SessionMachine} aText={This machine does not have any snapshots}, preserve=false aResultDetail=0
00:01:00.104486          ERROR [COM]: aRC=E_FAIL (0x80004005) aIID={b2547866-a0a1-4391-8b86-6952d82efaa0} aComponent={SessionMachine} aText={This machine does not have any snapshots}, preserve=false aResultDetail=0
00:01:00.209090          ERROR [COM]: aRC=E_FAIL (0x80004005) aIID={b2547866-a0a1-4391-8b86-6952d82efaa0} aComponent={SessionMachine} aText={This machine does not have any snapshots}, preserve=false aResultDetail=0
00:01:00.249168          ERROR [COM]: aRC=E_FAIL (0x80004005) aIID={b2547866-a0a1-4391-8b86-6952d82efaa0} aComponent={SessionMachine} aText={This machine does not have any snapshots}, preserve=false aResultDetail=0
00:01:00.348880          ERROR [COM]: aRC=E_FAIL (0x80004005) aIID={b2547866-a0a1-4391-8b86-6952d82efaa0} aComponent={SessionMachine} aText={This machine does not have any snapshots}, preserve=false aResultDetail=0
00:01:00.442743          ERROR [COM]: aRC=E_FAIL (0x80004005) aIID={b2547866-a0a1-4391-8b86-6952d82efaa0} aComponent={SessionMachine} aText={This machine does not have any snapshots}, preserve=false aResultDetail=0
00:01:00.545414          ERROR [COM]: aRC=E_FAIL (0x80004005) aIID={b2547866-a0a1-4391-8b86-6952d82efaa0} aComponent={SessionMachine} aText={This machine does not have any snapshots}, preserve=false aResultDetail=0
00:01:00.631439          ERROR [COM]: aRC=E_FAIL (0x80004005) aIID={b2547866-a0a1-4391-8b86-6952d82efaa0} aComponent={SessionMachine} aText={This machine does not have any snapshots}, preserve=false aResultDetail=0
00:01:00.740039          ERROR [COM]: aRC=E_FAIL (0x80004005) aIID={b2547866-a0a1-4391-8b86-6952d82efaa0} aComponent={SessionMachine} aText={This machine does not have any snapshots}, preserve=false aResultDetail=0
00:01:00.833881          ERROR [COM]: aRC=E_FAIL (0x80004005) aIID={b2547866-a0a1-4391-8b86-6952d82efaa0} aComponent={SessionMachine} aText={This machine does not have any snapshots}, preserve=false aResultDetail=0
00:01:00.934572          ERROR [COM]: aRC=E_FAIL (0x80004005) aIID={b2547866-a0a1-4391-8b86-6952d82efaa0} aComponent={SessionMachine} aText={This machine does not have any snapshots}, preserve=false aResultDetail=0
00:01:01.030375          ERROR [COM]: aRC=E_FAIL (0x80004005) aIID={b2547866-a0a1-4391-8b86-6952d82efaa0} aComponent={SessionMachine} aText={This machine does not have any snapshots}, preserve=false aResultDetail=0
00:01:01.129113          ERROR [COM]: aRC=E_FAIL (0x80004005) aIID={b2547866-a0a1-4391-8b86-6952d82efaa0} aComponent={SessionMachine} aText={This machine does not have any snapshots}, preserve=false aResultDetail=0
00:01:01.223938          ERROR [COM]: aRC=E_FAIL (0x80004005) aIID={b2547866-a0a1-4391-8b86-6952d82efaa0} aComponent={SessionMachine} aText={This machine does not have any snapshots}, preserve=false aResultDetail=0
00:01:01.325604          ERROR [COM]: aRC=E_FAIL (0x80004005) aIID={b2547866-a0a1-4391-8b86-6952d82efaa0} aComponent={SessionMachine} aText={This machine does not have any snapshots}, preserve=false aResultDetail=0
00:01:01.379369          ERROR [COM]: aRC=E_FAIL (0x80004005) aIID={b2547866-a0a1-4391-8b86-6952d82efaa0} aComponent={SessionMachine} aText={This machine does not have any snapshots}, preserve=false aResultDetail=0
00:01:01.471264          ERROR [COM]: aRC=E_FAIL (0x80004005) aIID={b2547866-a0a1-4391-8b86-6952d82efaa0} aComponent={SessionMachine} aText={This machine does not have any snapshots}, preserve=false aResultDetail=0
00:01:01.562178          ERROR [COM]: aRC=E_FAIL (0x80004005) aIID={b2547866-a0a1-4391-8b86-6952d82efaa0} aComponent={SessionMachine} aText={This machine does not have any snapshots}, preserve=false aResultDetail=0
00:01:01.652114          ERROR [COM]: aRC=E_FAIL (0x80004005) aIID={b2547866-a0a1-4391-8b86-6952d82efaa0} aComponent={SessionMachine} aText={This machine does not have any snapshots}, preserve=false aResultDetail=0
00:01:01.744005          ERROR [COM]: aRC=E_FAIL (0x80004005) aIID={b2547866-a0a1-4391-8b86-6952d82efaa0} aComponent={SessionMachine} aText={This machine does not have any snapshots}, preserve=false aResultDetail=0
00:01:01.839808          ERROR [COM]: aRC=E_FAIL (0x80004005) aIID={b2547866-a0a1-4391-8b86-6952d82efaa0} aComponent={SessionMachine} aText={This machine does not have any snapshots}, preserve=false aResultDetail=0
00:01:01.935612          ERROR [COM]: aRC=E_FAIL (0x80004005) aIID={b2547866-a0a1-4391-8b86-6952d82efaa0} aComponent={SessionMachine} aText={This machine does not have any snapshots}, preserve=false aResultDetail=0
00:01:02.034346          ERROR [COM]: aRC=E_FAIL (0x80004005) aIID={b2547866-a0a1-4391-8b86-6952d82efaa0} aComponent={SessionMachine} aText={This machine does not have any snapshots}, preserve=false aResultDetail=0
00:01:02.132104          ERROR [COM]: aRC=E_FAIL (0x80004005) aIID={b2547866-a0a1-4391-8b86-6952d82efaa0} aComponent={SessionMachine} aText={This machine does not have any snapshots}, preserve=false aResultDetail=0
00:01:02.224972          ERROR [COM]: aRC=E_FAIL (0x80004005) aIID={b2547866-a0a1-4391-8b86-6952d82efaa0} aComponent={SessionMachine} aText={This machine does not have any snapshots}, preserve=false aResultDetail=0
00:01:02.334461          ERROR [COM]: aRC=E_FAIL (0x80004005) aIID={b2547866-a0a1-4391-8b86-6952d82efaa0} aComponent={SessionMachine} aText={This machine does not have any snapshots}, preserve=false aResultDetail=0
00:01:02.442971          ERROR [COM]: aRC=E_FAIL (0x80004005) aIID={b2547866-a0a1-4391-8b86-6952d82efaa0} aComponent={SessionMachine} aText={This machine does not have any snapshots}, preserve=false aResultDetail=0
00:01:02.488917          ERROR [COM]: aRC=E_FAIL (0x80004005) aIID={b2547866-a0a1-4391-8b86-6952d82efaa0} aComponent={SessionMachine} aText={This machine does not have any snapshots}, preserve=false aResultDetail=0
00:01:02.562236          ERROR [COM]: aRC=E_FAIL (0x80004005) aIID={b2547866-a0a1-4391-8b86-6952d82efaa0} aComponent={SessionMachine} aText={This machine does not have any snapshots}, preserve=false aResultDetail=0
00:01:02.654128          ERROR [COM]: aRC=E_FAIL (0x80004005) aIID={b2547866-a0a1-4391-8b86-6952d82efaa0} aComponent={SessionMachine} aText={This machine does not have any snapshots}, preserve=false aResultDetail=0
00:01:02.766550          ERROR [COM]: aRC=E_FAIL (0x80004005) aIID={b2547866-a0a1-4391-8b86-6952d82efaa0} aComponent={SessionMachine} aText={This machine does not have any snapshots}, preserve=false aResultDetail=0
00:01:02.858441          ERROR [COM]: aRC=E_FAIL (0x80004005) aIID={b2547866-a0a1-4391-8b86-6952d82efaa0} aComponent={SessionMachine} aText={This machine does not have any snapshots}, preserve=false aResultDetail=0
00:01:02.967930          ERROR [COM]: aRC=E_FAIL (0x80004005) aIID={b2547866-a0a1-4391-8b86-6952d82efaa0} aComponent={SessionMachine} aText={This machine does not have any snapshots}, preserve=false aResultDetail=0
00:01:03.090126          ERROR [COM]: aRC=E_FAIL (0x80004005) aIID={b2547866-a0a1-4391-8b86-6952d82efaa0} aComponent={SessionMachine} aText={This machine does not have any snapshots}, preserve=false aResultDetail=0
00:01:03.622950          ERROR [COM]: aRC=E_FAIL (0x80004005) aIID={b2547866-a0a1-4391-8b86-6952d82efaa0} aComponent={SessionMachine} aText={This machine does not have any snapshots}, preserve=false aResultDetail=0
00:01:15.883846          ERROR [COM]: aRC=E_FAIL (0x80004005) aIID={b2547866-a0a1-4391-8b86-6952d82efaa0} aComponent={SessionMachine} aText={This machine does not have any snapshots}, preserve=false aResultDetail=0
00:01:17.005267          ERROR [COM]: aRC=E_FAIL (0x80004005) aIID={b2547866-a0a1-4391-8b86-6952d82efaa0} aComponent={SessionMachine} aText={This machine does not have any snapshots}, preserve=false aResultDetail=0
00:01:18.131654          ERROR [COM]: aRC=E_FAIL (0x80004005) aIID={b2547866-a0a1-4391-8b86-6952d82efaa0} aComponent={SessionMachine} aText={This machine does not have any snapshots}, preserve=false aResultDetail=0
00:01:19.239157          ERROR [COM]: aRC=E_FAIL (0x80004005) aIID={b2547866-a0a1-4391-8b86-6952d82efaa0} aComponent={SessionMachine} aText={This machine does not have any snapshots}, preserve=false aResultDetail=0
00:01:20.372360          ERROR [COM]: aRC=E_FAIL (0x80004005) aIID={b2547866-a0a1-4391-8b86-6952d82efaa0} aComponent={SessionMachine} aText={This machine does not have any snapshots}, preserve=false aResultDetail=0
00:01:21.527623          ERROR [COM]: aRC=E_FAIL (0x80004005) aIID={b2547866-a0a1-4391-8b86-6952d82efaa0} aComponent={SessionMachine} aText={This machine does not have any snapshots}, preserve=false aResultDetail=0
00:01:22.649145          ERROR [COM]: aRC=E_FAIL (0x80004005) aIID={b2547866-a0a1-4391-8b86-6952d82efaa0} aComponent={SessionMachine} aText={This machine does not have any snapshots}, preserve=false aResultDetail=0
00:01:23.753161          ERROR [COM]: aRC=E_FAIL (0x80004005) aIID={b2547866-a0a1-4391-8b86-6952d82efaa0} aComponent={SessionMachine} aText={This machine does not have any snapshots}, preserve=false aResultDetail=0
00:01:24.850337          ERROR [COM]: aRC=E_FAIL (0x80004005) aIID={b2547866-a0a1-4391-8b86-6952d82efaa0} aComponent={SessionMachine} aText={This machine does not have any snapshots}, preserve=false aResultDetail=0
00:01:26.022011          ERROR [COM]: aRC=E_FAIL (0x80004005) aIID={b2547866-a0a1-4391-8b86-6952d82efaa0} aComponent={SessionMachine} aText={This machine does not have any snapshots}, preserve=false aResultDetail=0
00:01:26.122703          ERROR [COM]: aRC=E_FAIL (0x80004005) aIID={b2547866-a0a1-4391-8b86-6952d82efaa0} aComponent={SessionMachine} aText={This machine does not have any snapshots}, preserve=false aResultDetail=0
00:01:26.212667          ERROR [COM]: aRC=E_FAIL (0x80004005) aIID={b2547866-a0a1-4391-8b86-6952d82efaa0} aComponent={SessionMachine} aText={This machine does not have any snapshots}, preserve=false aResultDetail=0
00:01:27.031410          ERROR [COM]: aRC=E_FAIL (0x80004005) aIID={b2547866-a0a1-4391-8b86-6952d82efaa0} aComponent={SessionMachine} aText={This machine does not have any snapshots}, preserve=false aResultDetail=0
00:01:27.125256          ERROR [COM]: aRC=E_FAIL (0x80004005) aIID={b2547866-a0a1-4391-8b86-6952d82efaa0} aComponent={SessionMachine} aText={This machine does not have any snapshots}, preserve=false aResultDetail=0
00:01:27.218200          ERROR [COM]: aRC=E_FAIL (0x80004005) aIID={b2547866-a0a1-4391-8b86-6952d82efaa0} aComponent={SessionMachine} aText={This machine does not have any snapshots}, preserve=false aResultDetail=0
00:01:41.662566          ERROR [COM]: aRC=E_FAIL (0x80004005) aIID={b2547866-a0a1-4391-8b86-6952d82efaa0} aComponent={SessionMachine} aText={This machine does not have any snapshots}, preserve=false aResultDetail=0
00:01:41.753480          ERROR [COM]: aRC=E_FAIL (0x80004005) aIID={b2547866-a0a1-4391-8b86-6952d82efaa0} aComponent={SessionMachine} aText={This machine does not have any snapshots}, preserve=false aResultDetail=0
00:01:42.402066          ERROR [COM]: aRC=E_FAIL (0x80004005) aIID={b2547866-a0a1-4391-8b86-6952d82efaa0} aComponent={SessionMachine} aText={This machine does not have any snapshots}, preserve=false aResultDetail=0
00:01:42.497974          ERROR [COM]: aRC=E_FAIL (0x80004005) aIID={b2547866-a0a1-4391-8b86-6952d82efaa0} aComponent={SessionMachine} aText={This machine does not have any snapshots}, preserve=false aResultDetail=0
00:01:42.593784          ERROR [COM]: aRC=E_FAIL (0x80004005) aIID={b2547866-a0a1-4391-8b86-6952d82efaa0} aComponent={SessionMachine} aText={This machine does not have any snapshots}, preserve=false aResultDetail=0
00:01:42.687644          ERROR [COM]: aRC=E_FAIL (0x80004005) aIID={b2547866-a0a1-4391-8b86-6952d82efaa0} aComponent={SessionMachine} aText={This machine does not have any snapshots}, preserve=false aResultDetail=0
00:01:42.779569          ERROR [COM]: aRC=E_FAIL (0x80004005) aIID={b2547866-a0a1-4391-8b86-6952d82efaa0} aComponent={SessionMachine} aText={This machine does not have any snapshots}, preserve=false aResultDetail=0
00:02:11.046755 USBPROXY Getting USB descriptor failed with error 31
00:02:12.104958 dns-monitor HostDnsMonitor: old information
00:02:12.104958 dns-monitor   no server entries
00:02:12.104958 dns-monitor   no domain set
00:02:12.104958 dns-monitor   no search string entries
00:02:12.104958 dns-monitor HostDnsMonitor: new information
00:02:12.104958 dns-monitor   server 1: 192.168.0.1
00:02:12.104958 dns-monitor   no domain set
00:02:12.104958 dns-monitor   no search string entries
00:02:12.104958 dns-monitor HostDnsMonitorProxy::notify
